<?xml version="1.0" encoding="UTF-8"?>
<coverage generated="1765813068473" clover="3.2.0">
  <project timestamp="1765813068473" name="All files">
    <metrics statements="729" coveredstatements="636" conditionals="545" coveredconditionals="323" methods="283" coveredmethods="238" elements="1557" coveredelements="1197" complexity="0" loc="729" ncloc="729" packages="4" files="11" classes="11"/>
    <package name="src">
      <metrics statements="2" coveredstatements="2" conditionals="0" coveredconditionals="0" methods="1" coveredmethods="1"/>
      <file name="App.js" path="/Users/nfb/Code/conservation-biology-toolkit/frontend/src/App.js">
        <metrics statements="2" coveredstatements="2" conditionals="0" coveredconditionals="0" methods="1" coveredmethods="1"/>
        <line num="16" count="1" type="stmt"/>
        <line num="28" count="9" type="stmt"/>
      </file>
    </package>
    <package name="src.components">
      <metrics statements="5" coveredstatements="5" conditionals="2" coveredconditionals="2" methods="2" coveredmethods="2"/>
      <file name="Navbar.js" path="/Users/nfb/Code/conservation-biology-toolkit/frontend/src/components/Navbar.js">
        <metrics statements="5" coveredstatements="5" conditionals="2" coveredconditionals="2" methods="2" coveredmethods="2"/>
        <line num="5" count="2" type="stmt"/>
        <line num="6" count="22" type="stmt"/>
        <line num="8" count="22" type="stmt"/>
        <line num="20" count="22" type="stmt"/>
        <line num="28" count="198" type="stmt"/>
      </file>
    </package>
    <package name="src.config">
      <metrics statements="3" coveredstatements="3" conditionals="2" coveredconditionals="1" methods="0" coveredmethods="0"/>
      <file name="api.js" path="/Users/nfb/Code/conservation-biology-toolkit/frontend/src/config/api.js">
        <metrics statements="3" coveredstatements="3" conditionals="2" coveredconditionals="1" methods="0" coveredmethods="0"/>
        <line num="2" count="7" type="stmt"/>
        <line num="25" count="7" type="cond" truecount="1" falsecount="1"/>
        <line num="27" count="7" type="stmt"/>
      </file>
    </package>
    <package name="src.pages">
      <metrics statements="719" coveredstatements="626" conditionals="541" coveredconditionals="320" methods="280" coveredmethods="235"/>
      <file name="ClimateImpact.js" path="/Users/nfb/Code/conservation-biology-toolkit/frontend/src/pages/ClimateImpact.js">
        <metrics statements="111" coveredstatements="96" conditionals="79" coveredconditionals="32" methods="51" coveredmethods="44"/>
        <line num="36" count="2" type="stmt"/>
        <line num="38" count="189" type="stmt"/>
        <line num="47" count="189" type="stmt"/>
        <line num="48" count="189" type="stmt"/>
        <line num="49" count="189" type="stmt"/>
        <line num="52" count="189" type="stmt"/>
        <line num="58" count="189" type="stmt"/>
        <line num="62" count="189" type="stmt"/>
        <line num="63" count="189" type="stmt"/>
        <line num="64" count="189" type="stmt"/>
        <line num="67" count="189" type="stmt"/>
        <line num="75" count="189" type="stmt"/>
        <line num="76" count="189" type="stmt"/>
        <line num="77" count="189" type="stmt"/>
        <line num="80" count="189" type="stmt"/>
        <line num="87" count="189" type="stmt"/>
        <line num="88" count="189" type="stmt"/>
        <line num="89" count="189" type="stmt"/>
        <line num="92" count="189" type="stmt"/>
        <line num="93" count="18" type="stmt"/>
        <line num="96" count="189" type="stmt"/>
        <line num="97" count="11" type="stmt"/>
        <line num="98" count="11" type="stmt"/>
        <line num="100" count="11" type="stmt"/>
        <line num="101" count="11" type="stmt"/>
        <line num="111" count="11" type="stmt"/>
        <line num="112" count="0" type="stmt"/>
        <line num="114" count="11" type="cond" truecount="2" falsecount="1"/>
        <line num="116" count="11" type="stmt"/>
        <line num="121" count="189" type="stmt"/>
        <line num="122" count="17" type="stmt"/>
        <line num="125" count="189" type="stmt"/>
        <line num="126" count="15" type="stmt"/>
        <line num="129" count="189" type="stmt"/>
        <line num="130" count="8" type="cond" truecount="1" falsecount="1"/>
        <line num="131" count="30" type="stmt"/>
        <line num="135" count="189" type="stmt"/>
        <line num="136" count="8" type="stmt"/>
        <line num="137" count="8" type="stmt"/>
        <line num="138" count="8" type="stmt"/>
        <line num="141" count="189" type="stmt"/>
        <line num="142" count="11" type="stmt"/>
        <line num="143" count="11" type="stmt"/>
        <line num="145" count="11" type="stmt"/>
        <line num="146" count="11" type="stmt"/>
        <line num="152" count="27" type="stmt"/>
        <line num="153" count="27" type="cond" truecount="3" falsecount="0"/>
        <line num="156" count="11" type="stmt"/>
        <line num="157" count="0" type="stmt"/>
        <line num="159" count="11" type="cond" truecount="2" falsecount="1"/>
        <line num="161" count="11" type="stmt"/>
        <line num="166" count="189" type="stmt"/>
        <line num="167" count="14" type="stmt"/>
        <line num="170" count="189" type="stmt"/>
        <line num="171" count="10" type="stmt"/>
        <line num="172" count="10" type="stmt"/>
        <line num="174" count="10" type="stmt"/>
        <line num="175" count="10" type="stmt"/>
        <line num="184" count="10" type="stmt"/>
        <line num="185" count="0" type="stmt"/>
        <line num="187" count="10" type="cond" truecount="2" falsecount="1"/>
        <line num="189" count="10" type="stmt"/>
        <line num="194" count="189" type="stmt"/>
        <line num="195" count="14" type="stmt"/>
        <line num="198" count="189" type="stmt"/>
        <line num="199" count="10" type="stmt"/>
        <line num="200" count="10" type="stmt"/>
        <line num="202" count="10" type="stmt"/>
        <line num="203" count="10" type="stmt"/>
        <line num="211" count="10" type="stmt"/>
        <line num="212" count="0" type="stmt"/>
        <line num="214" count="10" type="cond" truecount="2" falsecount="1"/>
        <line num="216" count="10" type="stmt"/>
        <line num="221" count="189" type="stmt"/>
        <line num="222" count="0" type="cond" truecount="0" falsecount="2"/>
        <line num="223" count="0" type="cond" truecount="0" falsecount="2"/>
        <line num="224" count="0" type="cond" truecount="0" falsecount="2"/>
        <line num="225" count="0" type="cond" truecount="0" falsecount="2"/>
        <line num="226" count="0" type="stmt"/>
        <line num="229" count="189" type="stmt"/>
        <line num="276" count="8" type="stmt"/>
        <line num="286" count="1" type="stmt"/>
        <line num="296" count="1" type="stmt"/>
        <line num="306" count="1" type="stmt"/>
        <line num="316" count="3" type="stmt"/>
        <line num="326" count="2" type="stmt"/>
        <line num="336" count="2" type="stmt"/>
        <line num="382" count="0" type="stmt"/>
        <line num="448" count="8" type="stmt"/>
        <line num="459" count="4" type="stmt"/>
        <line num="469" count="2" type="stmt"/>
        <line num="479" count="3" type="stmt"/>
        <line num="491" count="443" type="stmt"/>
        <line num="497" count="8" type="stmt"/>
        <line num="502" count="8" type="stmt"/>
        <line num="564" count="0" type="stmt"/>
        <line num="575" count="0" type="stmt"/>
        <line num="641" count="6" type="stmt"/>
        <line num="651" count="1" type="stmt"/>
        <line num="661" count="1" type="stmt"/>
        <line num="672" count="2" type="stmt"/>
        <line num="682" count="2" type="stmt"/>
        <line num="692" count="2" type="stmt"/>
        <line num="746" count="0" type="stmt"/>
        <line num="761" count="0" type="stmt"/>
        <line num="827" count="7" type="stmt"/>
        <line num="837" count="1" type="stmt"/>
        <line num="847" count="1" type="stmt"/>
        <line num="857" count="3" type="stmt"/>
        <line num="868" count="2" type="stmt"/>
        <line num="927" count="0" type="stmt"/>
      </file>
      <file name="ConservationPlanning.js" path="/Users/nfb/Code/conservation-biology-toolkit/frontend/src/pages/ConservationPlanning.js">
        <metrics statements="185" coveredstatements="160" conditionals="138" coveredconditionals="64" methods="86" coveredmethods="71"/>
        <line num="37" count="2" type="stmt"/>
        <line num="39" count="316" type="stmt"/>
        <line num="44" count="316" type="stmt"/>
        <line num="50" count="316" type="stmt"/>
        <line num="51" count="316" type="stmt"/>
        <line num="52" count="316" type="stmt"/>
        <line num="55" count="316" type="stmt"/>
        <line num="60" count="316" type="stmt"/>
        <line num="65" count="316" type="stmt"/>
        <line num="66" count="316" type="stmt"/>
        <line num="67" count="316" type="stmt"/>
        <line num="70" count="316" type="stmt"/>
        <line num="75" count="316" type="stmt"/>
        <line num="76" count="316" type="stmt"/>
        <line num="77" count="316" type="stmt"/>
        <line num="78" count="316" type="stmt"/>
        <line num="81" count="316" type="stmt"/>
        <line num="87" count="316" type="stmt"/>
        <line num="92" count="316" type="stmt"/>
        <line num="93" count="316" type="stmt"/>
        <line num="94" count="316" type="stmt"/>
        <line num="95" count="316" type="stmt"/>
        <line num="98" count="316" type="stmt"/>
        <line num="99" count="6" type="stmt"/>
        <line num="102" count="316" type="stmt"/>
        <line num="103" count="4" type="cond" truecount="1" falsecount="1"/>
        <line num="104" count="13" type="stmt"/>
        <line num="108" count="316" type="stmt"/>
        <line num="109" count="33" type="stmt"/>
        <line num="110" count="33" type="stmt"/>
        <line num="111" count="33" type="stmt"/>
        <line num="114" count="316" type="stmt"/>
        <line num="115" count="0" type="stmt"/>
        <line num="118" count="316" type="stmt"/>
        <line num="119" count="12" type="stmt"/>
        <line num="120" count="12" type="stmt"/>
        <line num="122" count="12" type="stmt"/>
        <line num="124" count="48" type="stmt"/>
        <line num="125" count="12" type="stmt"/>
        <line num="126" count="12" type="stmt"/>
        <line num="127" count="48" type="stmt"/>
        <line num="130" count="37" type="stmt"/>
        <line num="138" count="12" type="stmt"/>
        <line num="143" count="0" type="stmt"/>
        <line num="145" count="12" type="cond" truecount="2" falsecount="1"/>
        <line num="147" count="12" type="stmt"/>
        <line num="152" count="316" type="stmt"/>
        <line num="153" count="6" type="stmt"/>
        <line num="156" count="316" type="stmt"/>
        <line num="157" count="4" type="cond" truecount="1" falsecount="1"/>
        <line num="158" count="12" type="stmt"/>
        <line num="162" count="316" type="stmt"/>
        <line num="163" count="29" type="stmt"/>
        <line num="164" count="29" type="stmt"/>
        <line num="165" count="29" type="stmt"/>
        <line num="168" count="316" type="stmt"/>
        <line num="169" count="6" type="stmt"/>
        <line num="172" count="316" type="stmt"/>
        <line num="173" count="2" type="cond" truecount="1" falsecount="1"/>
        <line num="174" count="5" type="stmt"/>
        <line num="178" count="316" type="stmt"/>
        <line num="179" count="15" type="stmt"/>
        <line num="180" count="15" type="stmt"/>
        <line num="181" count="15" type="stmt"/>
        <line num="184" count="316" type="stmt"/>
        <line num="185" count="12" type="stmt"/>
        <line num="186" count="12" type="stmt"/>
        <line num="188" count="12" type="stmt"/>
        <line num="189" count="37" type="stmt"/>
        <line num="196" count="12" type="stmt"/>
        <line num="197" count="12" type="stmt"/>
        <line num="198" count="37" type="cond" truecount="2" falsecount="0"/>
        <line num="199" count="36" type="cond" truecount="1" falsecount="1"/>
        <line num="203" count="12" type="stmt"/>
        <line num="208" count="0" type="stmt"/>
        <line num="210" count="12" type="cond" truecount="2" falsecount="1"/>
        <line num="212" count="12" type="stmt"/>
        <line num="217" count="316" type="stmt"/>
        <line num="218" count="6" type="stmt"/>
        <line num="221" count="316" type="stmt"/>
        <line num="222" count="1" type="cond" truecount="1" falsecount="1"/>
        <line num="223" count="3" type="stmt"/>
        <line num="227" count="316" type="stmt"/>
        <line num="228" count="18" type="stmt"/>
        <line num="229" count="18" type="stmt"/>
        <line num="230" count="18" type="stmt"/>
        <line num="233" count="316" type="stmt"/>
        <line num="234" count="12" type="stmt"/>
        <line num="235" count="12" type="stmt"/>
        <line num="237" count="12" type="stmt"/>
        <line num="238" count="37" type="stmt"/>
        <line num="244" count="12" type="stmt"/>
        <line num="249" count="0" type="stmt"/>
        <line num="251" count="12" type="cond" truecount="2" falsecount="1"/>
        <line num="253" count="12" type="stmt"/>
        <line num="258" count="316" type="stmt"/>
        <line num="259" count="6" type="stmt"/>
        <line num="262" count="316" type="stmt"/>
        <line num="263" count="2" type="cond" truecount="1" falsecount="1"/>
        <line num="264" count="7" type="stmt"/>
        <line num="268" count="316" type="stmt"/>
        <line num="269" count="17" type="stmt"/>
        <line num="270" count="17" type="stmt"/>
        <line num="271" count="17" type="stmt"/>
        <line num="274" count="316" type="stmt"/>
        <line num="275" count="6" type="stmt"/>
        <line num="278" count="316" type="stmt"/>
        <line num="279" count="2" type="cond" truecount="1" falsecount="1"/>
        <line num="280" count="5" type="stmt"/>
        <line num="284" count="316" type="stmt"/>
        <line num="285" count="14" type="stmt"/>
        <line num="286" count="14" type="stmt"/>
        <line num="287" count="14" type="stmt"/>
        <line num="290" count="316" type="stmt"/>
        <line num="291" count="14" type="stmt"/>
        <line num="292" count="14" type="stmt"/>
        <line num="294" count="14" type="stmt"/>
        <line num="295" count="57" type="stmt"/>
        <line num="298" count="126" type="cond" truecount="2" falsecount="0"/>
        <line num="301" count="14" type="stmt"/>
        <line num="302" count="14" type="stmt"/>
        <line num="303" count="43" type="cond" truecount="2" falsecount="0"/>
        <line num="304" count="42" type="cond" truecount="1" falsecount="1"/>
        <line num="308" count="14" type="stmt"/>
        <line num="313" count="14" type="cond" truecount="4" falsecount="0"/>
        <line num="314" count="13" type="stmt"/>
        <line num="317" count="14" type="stmt"/>
        <line num="319" count="0" type="stmt"/>
        <line num="321" count="14" type="cond" truecount="2" falsecount="1"/>
        <line num="323" count="14" type="stmt"/>
        <line num="328" count="316" type="stmt"/>
        <line num="329" count="0" type="cond" truecount="0" falsecount="2"/>
        <line num="330" count="0" type="cond" truecount="0" falsecount="2"/>
        <line num="331" count="0" type="cond" truecount="0" falsecount="2"/>
        <line num="332" count="0" type="stmt"/>
        <line num="335" count="316" type="stmt"/>
        <line num="336" count="0" type="cond" truecount="0" falsecount="2"/>
        <line num="337" count="0" type="cond" truecount="0" falsecount="2"/>
        <line num="338" count="0" type="cond" truecount="0" falsecount="2"/>
        <line num="339" count="0" type="cond" truecount="0" falsecount="2"/>
        <line num="340" count="0" type="stmt"/>
        <line num="343" count="316" type="stmt"/>
        <line num="387" count="990" type="stmt"/>
        <line num="394" count="10" type="stmt"/>
        <line num="404" count="9" type="stmt"/>
        <line num="415" count="4" type="stmt"/>
        <line num="426" count="4" type="stmt"/>
        <line num="437" count="6" type="stmt"/>
        <line num="443" count="4" type="stmt"/>
        <line num="470" count="1264" type="stmt"/>
        <line num="476" count="0" type="stmt"/>
        <line num="507" count="0" type="stmt"/>
        <line num="529" count="0" type="stmt"/>
        <line num="592" count="972" type="stmt"/>
        <line num="599" count="9" type="stmt"/>
        <line num="609" count="8" type="stmt"/>
        <line num="620" count="6" type="stmt"/>
        <line num="631" count="6" type="stmt"/>
        <line num="638" count="4" type="stmt"/>
        <line num="664" count="978" type="stmt"/>
        <line num="669" count="6" type="stmt"/>
        <line num="677" count="9" type="stmt"/>
        <line num="682" count="2" type="stmt"/>
        <line num="723" count="0" type="stmt"/>
        <line num="730" count="0" type="stmt"/>
        <line num="794" count="11" type="stmt"/>
        <line num="803" count="975" type="stmt"/>
        <line num="810" count="13" type="stmt"/>
        <line num="820" count="0" type="stmt"/>
        <line num="830" count="5" type="stmt"/>
        <line num="836" count="1" type="stmt"/>
        <line num="907" count="0" type="stmt"/>
        <line num="922" count="0" type="stmt"/>
        <line num="986" count="9" type="stmt"/>
        <line num="995" count="1274" type="stmt"/>
        <line num="1002" count="4" type="stmt"/>
        <line num="1012" count="0" type="stmt"/>
        <line num="1021" count="13" type="stmt"/>
        <line num="1027" count="2" type="stmt"/>
        <line num="1053" count="967" type="stmt"/>
        <line num="1058" count="3" type="stmt"/>
        <line num="1066" count="11" type="stmt"/>
        <line num="1071" count="2" type="stmt"/>
        <line num="1139" count="0" type="stmt"/>
        <line num="1154" count="0" type="stmt"/>
      </file>
      <file name="GeneticTools.js" path="/Users/nfb/Code/conservation-biology-toolkit/frontend/src/pages/GeneticTools.js">
        <metrics statements="91" coveredstatements="81" conditionals="90" coveredconditionals="60" methods="24" coveredmethods="22"/>
        <line num="27" count="2" type="stmt"/>
        <line num="29" count="108" type="stmt"/>
        <line num="30" count="108" type="stmt"/>
        <line num="31" count="108" type="stmt"/>
        <line num="34" count="108" type="stmt"/>
        <line num="39" count="108" type="stmt"/>
        <line num="40" count="108" type="stmt"/>
        <line num="43" count="108" type="stmt"/>
        <line num="44" count="108" type="stmt"/>
        <line num="45" count="108" type="stmt"/>
        <line num="48" count="108" type="stmt"/>
        <line num="49" count="108" type="stmt"/>
        <line num="50" count="108" type="stmt"/>
        <line num="51" count="108" type="stmt"/>
        <line num="54" count="108" type="stmt"/>
        <line num="55" count="108" type="stmt"/>
        <line num="56" count="108" type="stmt"/>
        <line num="57" count="108" type="stmt"/>
        <line num="60" count="108" type="stmt"/>
        <line num="61" count="9" type="stmt"/>
        <line num="62" count="9" type="stmt"/>
        <line num="64" count="9" type="stmt"/>
        <line num="66" count="9" type="stmt"/>
        <line num="67" count="23" type="stmt"/>
        <line num="69" count="9" type="stmt"/>
        <line num="70" count="37" type="stmt"/>
        <line num="71" count="19" type="cond" truecount="4" falsecount="0"/>
        <line num="72" count="2" type="stmt"/>
        <line num="74" count="17" type="stmt"/>
        <line num="75" count="17" type="cond" truecount="4" falsecount="0"/>
        <line num="76" count="2" type="stmt"/>
        <line num="80" count="5" type="stmt"/>
        <line num="84" count="0" type="stmt"/>
        <line num="86" count="9" type="cond" truecount="2" falsecount="1"/>
        <line num="88" count="9" type="stmt"/>
        <line num="93" count="108" type="stmt"/>
        <line num="94" count="4" type="stmt"/>
        <line num="95" count="4" type="stmt"/>
        <line num="97" count="4" type="stmt"/>
        <line num="99" count="4" type="stmt"/>
        <line num="101" count="12" type="stmt"/>
        <line num="102" count="12" type="stmt"/>
        <line num="104" count="4" type="stmt"/>
        <line num="105" count="4" type="stmt"/>
        <line num="107" count="4" type="cond" truecount="4" falsecount="1"/>
        <line num="108" count="0" type="stmt"/>
        <line num="111" count="4" type="stmt"/>
        <line num="117" count="0" type="stmt"/>
        <line num="119" count="4" type="cond" truecount="2" falsecount="1"/>
        <line num="121" count="4" type="stmt"/>
        <line num="126" count="108" type="stmt"/>
        <line num="127" count="4" type="stmt"/>
        <line num="128" count="4" type="stmt"/>
        <line num="130" count="4" type="stmt"/>
        <line num="131" count="4" type="stmt"/>
        <line num="133" count="24" type="stmt"/>
        <line num="134" count="24" type="cond" truecount="2" falsecount="0"/>
        <line num="136" count="4" type="cond" truecount="1" falsecount="1"/>
        <line num="137" count="0" type="stmt"/>
        <line num="140" count="4" type="stmt"/>
        <line num="144" count="0" type="stmt"/>
        <line num="146" count="4" type="cond" truecount="2" falsecount="1"/>
        <line num="148" count="4" type="stmt"/>
        <line num="153" count="108" type="stmt"/>
        <line num="154" count="4" type="stmt"/>
        <line num="155" count="4" type="stmt"/>
        <line num="157" count="4" type="stmt"/>
        <line num="158" count="4" type="stmt"/>
        <line num="160" count="16" type="stmt"/>
        <line num="161" count="16" type="cond" truecount="2" falsecount="0"/>
        <line num="163" count="4" type="stmt"/>
        <line num="165" count="16" type="stmt"/>
        <line num="166" count="16" type="cond" truecount="2" falsecount="0"/>
        <line num="168" count="4" type="cond" truecount="3" falsecount="1"/>
        <line num="169" count="0" type="stmt"/>
        <line num="172" count="4" type="cond" truecount="1" falsecount="1"/>
        <line num="173" count="0" type="stmt"/>
        <line num="176" count="4" type="stmt"/>
        <line num="181" count="0" type="stmt"/>
        <line num="183" count="4" type="cond" truecount="2" falsecount="1"/>
        <line num="185" count="4" type="stmt"/>
        <line num="189" count="108" type="stmt"/>
        <line num="227" count="23" type="stmt"/>
        <line num="254" count="0" type="stmt"/>
        <line num="309" count="9" type="stmt"/>
        <line num="319" count="7" type="stmt"/>
        <line num="330" count="3" type="stmt"/>
        <line num="406" count="7" type="stmt"/>
        <line num="486" count="4" type="stmt"/>
        <line num="496" count="3" type="stmt"/>
        <line num="527" count="0" type="stmt"/>
      </file>
      <file name="HabitatLandscape.js" path="/Users/nfb/Code/conservation-biology-toolkit/frontend/src/pages/HabitatLandscape.js">
        <metrics statements="106" coveredstatements="77" conditionals="71" coveredconditionals="41" methods="44" coveredmethods="29"/>
        <line num="35" count="2" type="stmt"/>
        <line num="37" count="32" type="stmt"/>
        <line num="43" count="32" type="stmt"/>
        <line num="44" count="32" type="stmt"/>
        <line num="45" count="32" type="stmt"/>
        <line num="48" count="32" type="stmt"/>
        <line num="54" count="32" type="stmt"/>
        <line num="55" count="32" type="stmt"/>
        <line num="56" count="32" type="stmt"/>
        <line num="57" count="32" type="stmt"/>
        <line num="60" count="32" type="stmt"/>
        <line num="65" count="32" type="stmt"/>
        <line num="66" count="32" type="stmt"/>
        <line num="67" count="32" type="stmt"/>
        <line num="68" count="32" type="stmt"/>
        <line num="71" count="32" type="stmt"/>
        <line num="72" count="1" type="stmt"/>
        <line num="75" count="32" type="stmt"/>
        <line num="76" count="1" type="cond" truecount="1" falsecount="1"/>
        <line num="77" count="5" type="stmt"/>
        <line num="81" count="32" type="stmt"/>
        <line num="82" count="0" type="stmt"/>
        <line num="83" count="0" type="stmt"/>
        <line num="84" count="0" type="stmt"/>
        <line num="87" count="32" type="stmt"/>
        <line num="88" count="2" type="stmt"/>
        <line num="89" count="2" type="stmt"/>
        <line num="91" count="2" type="stmt"/>
        <line num="92" count="8" type="stmt"/>
        <line num="98" count="2" type="stmt"/>
        <line num="102" count="0" type="stmt"/>
        <line num="104" count="2" type="cond" truecount="2" falsecount="1"/>
        <line num="106" count="2" type="stmt"/>
        <line num="111" count="32" type="stmt"/>
        <line num="112" count="1" type="stmt"/>
        <line num="115" count="32" type="stmt"/>
        <line num="116" count="1" type="cond" truecount="1" falsecount="1"/>
        <line num="117" count="5" type="stmt"/>
        <line num="121" count="32" type="stmt"/>
        <line num="122" count="0" type="stmt"/>
        <line num="123" count="0" type="stmt"/>
        <line num="124" count="0" type="stmt"/>
        <line num="127" count="32" type="stmt"/>
        <line num="128" count="1" type="stmt"/>
        <line num="129" count="1" type="stmt"/>
        <line num="131" count="1" type="stmt"/>
        <line num="132" count="4" type="cond" truecount="2" falsecount="0"/>
        <line num="133" count="4" type="cond" truecount="2" falsecount="0"/>
        <line num="135" count="1" type="cond" truecount="3" falsecount="1"/>
        <line num="136" count="0" type="stmt"/>
        <line num="139" count="1" type="stmt"/>
        <line num="145" count="1" type="stmt"/>
        <line num="146" count="0" type="stmt"/>
        <line num="148" count="1" type="cond" truecount="2" falsecount="1"/>
        <line num="150" count="1" type="stmt"/>
        <line num="155" count="32" type="stmt"/>
        <line num="156" count="1" type="stmt"/>
        <line num="159" count="32" type="stmt"/>
        <line num="160" count="1" type="cond" truecount="1" falsecount="1"/>
        <line num="161" count="4" type="stmt"/>
        <line num="165" count="32" type="stmt"/>
        <line num="166" count="0" type="stmt"/>
        <line num="167" count="0" type="stmt"/>
        <line num="168" count="0" type="stmt"/>
        <line num="171" count="32" type="stmt"/>
        <line num="172" count="1" type="stmt"/>
        <line num="173" count="1" type="stmt"/>
        <line num="175" count="1" type="stmt"/>
        <line num="176" count="1" type="stmt"/>
        <line num="177" count="3" type="cond" truecount="2" falsecount="0"/>
        <line num="178" count="3" type="stmt"/>
        <line num="182" count="3" type="cond" truecount="2" falsecount="0"/>
        <line num="184" count="1" type="cond" truecount="1" falsecount="1"/>
        <line num="185" count="0" type="stmt"/>
        <line num="188" count="1" type="stmt"/>
        <line num="193" count="1" type="stmt"/>
        <line num="194" count="0" type="stmt"/>
        <line num="196" count="1" type="cond" truecount="2" falsecount="1"/>
        <line num="198" count="1" type="stmt"/>
        <line num="202" count="32" type="stmt"/>
        <line num="203" count="0" type="stmt"/>
        <line num="210" count="0" type="cond" truecount="0" falsecount="2"/>
        <line num="213" count="32" type="stmt"/>
        <line num="214" count="0" type="stmt"/>
        <line num="221" count="0" type="cond" truecount="0" falsecount="2"/>
        <line num="224" count="32" type="stmt"/>
        <line num="225" count="0" type="stmt"/>
        <line num="232" count="0" type="cond" truecount="0" falsecount="2"/>
        <line num="235" count="32" type="stmt"/>
        <line num="274" count="129" type="stmt"/>
        <line num="281" count="0" type="stmt"/>
        <line num="292" count="0" type="stmt"/>
        <line num="303" count="0" type="stmt"/>
        <line num="309" count="1" type="stmt"/>
        <line num="349" count="0" type="stmt"/>
        <line num="361" count="0" type="stmt"/>
        <line num="419" count="129" type="stmt"/>
        <line num="427" count="0" type="stmt"/>
        <line num="437" count="0" type="stmt"/>
        <line num="443" count="1" type="stmt"/>
        <line num="471" count="1" type="stmt"/>
        <line num="561" count="97" type="stmt"/>
        <line num="569" count="0" type="stmt"/>
        <line num="579" count="0" type="stmt"/>
        <line num="585" count="1" type="stmt"/>
        <line num="613" count="1" type="stmt"/>
      </file>
      <file name="Home.js" path="/Users/nfb/Code/conservation-biology-toolkit/frontend/src/pages/Home.js">
        <metrics statements="10" coveredstatements="10" conditionals="12" coveredconditionals="11" methods="5" coveredmethods="5"/>
        <line num="24" count="1" type="stmt"/>
        <line num="26" count="24" type="stmt"/>
        <line num="27" count="168" type="stmt"/>
        <line num="78" count="168" type="cond" truecount="1" falsecount="1"/>
        <line num="86" count="24" type="stmt"/>
        <line num="145" count="24" type="stmt"/>
        <line num="164" count="192" type="stmt"/>
        <line num="185" count="696" type="stmt"/>
        <line num="209" count="168" type="stmt"/>
        <line num="210" count="168" type="stmt"/>
      </file>
      <file name="PopulationTools.js" path="/Users/nfb/Code/conservation-biology-toolkit/frontend/src/pages/PopulationTools.js">
        <metrics statements="79" coveredstatements="74" conditionals="36" coveredconditionals="26" methods="27" coveredmethods="26"/>
        <line num="17" count="1" type="stmt"/>
        <line num="18" count="80" type="stmt"/>
        <line num="24" count="80" type="stmt"/>
        <line num="25" count="80" type="stmt"/>
        <line num="26" count="80" type="stmt"/>
        <line num="28" count="80" type="stmt"/>
        <line num="32" count="80" type="stmt"/>
        <line num="33" count="80" type="stmt"/>
        <line num="34" count="80" type="stmt"/>
        <line num="37" count="80" type="stmt"/>
        <line num="45" count="80" type="stmt"/>
        <line num="46" count="80" type="stmt"/>
        <line num="47" count="80" type="stmt"/>
        <line num="50" count="80" type="stmt"/>
        <line num="57" count="80" type="stmt"/>
        <line num="58" count="80" type="stmt"/>
        <line num="59" count="80" type="stmt"/>
        <line num="61" count="80" type="stmt"/>
        <line num="62" count="9" type="stmt"/>
        <line num="63" count="9" type="stmt"/>
        <line num="64" count="9" type="stmt"/>
        <line num="66" count="9" type="stmt"/>
        <line num="67" count="9" type="stmt"/>
        <line num="74" count="9" type="stmt"/>
        <line num="75" count="0" type="stmt"/>
        <line num="77" count="9" type="cond" truecount="2" falsecount="0"/>
        <line num="79" count="9" type="stmt"/>
        <line num="83" count="80" type="stmt"/>
        <line num="84" count="3" type="stmt"/>
        <line num="85" count="3" type="stmt"/>
        <line num="86" count="3" type="stmt"/>
        <line num="88" count="3" type="stmt"/>
        <line num="89" count="3" type="stmt"/>
        <line num="94" count="3" type="stmt"/>
        <line num="95" count="0" type="stmt"/>
        <line num="97" count="3" type="cond" truecount="2" falsecount="0"/>
        <line num="99" count="3" type="stmt"/>
        <line num="103" count="80" type="stmt"/>
        <line num="104" count="2" type="stmt"/>
        <line num="105" count="2" type="stmt"/>
        <line num="106" count="2" type="stmt"/>
        <line num="108" count="2" type="stmt"/>
        <line num="109" count="2" type="stmt"/>
        <line num="118" count="2" type="stmt"/>
        <line num="119" count="0" type="stmt"/>
        <line num="121" count="2" type="cond" truecount="2" falsecount="0"/>
        <line num="123" count="2" type="stmt"/>
        <line num="127" count="80" type="stmt"/>
        <line num="128" count="2" type="stmt"/>
        <line num="129" count="2" type="stmt"/>
        <line num="130" count="2" type="stmt"/>
        <line num="132" count="2" type="stmt"/>
        <line num="133" count="2" type="stmt"/>
        <line num="134" count="6" type="stmt"/>
        <line num="135" count="6" type="stmt"/>
        <line num="136" count="6" type="stmt"/>
        <line num="138" count="18" type="stmt"/>
        <line num="143" count="2" type="stmt"/>
        <line num="144" count="0" type="stmt"/>
        <line num="146" count="2" type="cond" truecount="2" falsecount="0"/>
        <line num="148" count="2" type="stmt"/>
        <line num="152" count="80" type="stmt"/>
        <line num="191" count="1" type="stmt"/>
        <line num="201" count="9" type="stmt"/>
        <line num="213" count="1" type="stmt"/>
        <line num="224" count="2" type="stmt"/>
        <line num="302" count="1" type="stmt"/>
        <line num="313" count="1" type="stmt"/>
        <line num="386" count="3" type="stmt"/>
        <line num="396" count="1" type="stmt"/>
        <line num="407" count="1" type="stmt"/>
        <line num="419" count="1" type="stmt"/>
        <line num="430" count="1" type="stmt"/>
        <line num="441" count="2" type="stmt"/>
        <line num="516" count="2" type="stmt"/>
        <line num="525" count="1" type="stmt"/>
        <line num="534" count="1" type="stmt"/>
        <line num="543" count="2" type="stmt"/>
        <line num="555" count="0" type="stmt"/>
      </file>
      <file name="SamplingTools.js" path="/Users/nfb/Code/conservation-biology-toolkit/frontend/src/pages/SamplingTools.js">
        <metrics statements="72" coveredstatements="67" conditionals="36" coveredconditionals="26" methods="19" coveredmethods="18"/>
        <line num="18" count="1" type="stmt"/>
        <line num="20" count="93" type="stmt"/>
        <line num="26" count="93" type="stmt"/>
        <line num="27" count="93" type="stmt"/>
        <line num="28" count="93" type="stmt"/>
        <line num="31" count="93" type="stmt"/>
        <line num="36" count="93" type="stmt"/>
        <line num="37" count="93" type="stmt"/>
        <line num="38" count="93" type="stmt"/>
        <line num="41" count="93" type="stmt"/>
        <line num="46" count="93" type="stmt"/>
        <line num="47" count="93" type="stmt"/>
        <line num="48" count="93" type="stmt"/>
        <line num="51" count="93" type="stmt"/>
        <line num="56" count="93" type="stmt"/>
        <line num="57" count="93" type="stmt"/>
        <line num="58" count="93" type="stmt"/>
        <line num="60" count="93" type="stmt"/>
        <line num="61" count="8" type="stmt"/>
        <line num="62" count="8" type="stmt"/>
        <line num="63" count="8" type="stmt"/>
        <line num="65" count="8" type="stmt"/>
        <line num="66" count="8" type="stmt"/>
        <line num="73" count="8" type="stmt"/>
        <line num="74" count="0" type="stmt"/>
        <line num="76" count="8" type="cond" truecount="2" falsecount="0"/>
        <line num="78" count="8" type="stmt"/>
        <line num="82" count="93" type="stmt"/>
        <line num="83" count="5" type="stmt"/>
        <line num="84" count="5" type="stmt"/>
        <line num="85" count="5" type="stmt"/>
        <line num="87" count="5" type="stmt"/>
        <line num="88" count="5" type="stmt"/>
        <line num="94" count="5" type="stmt"/>
        <line num="95" count="0" type="stmt"/>
        <line num="97" count="5" type="cond" truecount="2" falsecount="0"/>
        <line num="99" count="5" type="stmt"/>
        <line num="103" count="93" type="stmt"/>
        <line num="104" count="4" type="stmt"/>
        <line num="105" count="4" type="stmt"/>
        <line num="106" count="4" type="stmt"/>
        <line num="108" count="4" type="stmt"/>
        <line num="109" count="4" type="stmt"/>
        <line num="115" count="4" type="stmt"/>
        <line num="116" count="0" type="stmt"/>
        <line num="118" count="4" type="cond" truecount="2" falsecount="0"/>
        <line num="120" count="4" type="stmt"/>
        <line num="124" count="93" type="stmt"/>
        <line num="125" count="4" type="stmt"/>
        <line num="126" count="4" type="stmt"/>
        <line num="127" count="4" type="stmt"/>
        <line num="129" count="4" type="stmt"/>
        <line num="130" count="4" type="stmt"/>
        <line num="131" count="32" type="stmt"/>
        <line num="136" count="4" type="stmt"/>
        <line num="137" count="0" type="stmt"/>
        <line num="139" count="4" type="cond" truecount="2" falsecount="0"/>
        <line num="141" count="4" type="stmt"/>
        <line num="145" count="93" type="stmt"/>
        <line num="182" count="2" type="stmt"/>
        <line num="193" count="7" type="stmt"/>
        <line num="205" count="3" type="stmt"/>
        <line num="217" count="3" type="stmt"/>
        <line num="301" count="2" type="stmt"/>
        <line num="313" count="2" type="stmt"/>
        <line num="325" count="1" type="stmt"/>
        <line num="405" count="2" type="stmt"/>
        <line num="417" count="3" type="stmt"/>
        <line num="429" count="3" type="stmt"/>
        <line num="509" count="8" type="stmt"/>
        <line num="520" count="0" type="stmt"/>
        <line num="531" count="1" type="stmt"/>
      </file>
      <file name="SpeciesAssessment.js" path="/Users/nfb/Code/conservation-biology-toolkit/frontend/src/pages/SpeciesAssessment.js">
        <metrics statements="65" coveredstatements="61" conditionals="79" coveredconditionals="60" methods="24" coveredmethods="20"/>
        <line num="26" count="2" type="stmt"/>
        <line num="28" count="80" type="stmt"/>
        <line num="38" count="79" type="stmt"/>
        <line num="39" count="79" type="stmt"/>
        <line num="42" count="79" type="stmt"/>
        <line num="49" count="79" type="stmt"/>
        <line num="50" count="79" type="stmt"/>
        <line num="53" count="79" type="stmt"/>
        <line num="59" count="79" type="stmt"/>
        <line num="60" count="79" type="stmt"/>
        <line num="63" count="79" type="stmt"/>
        <line num="64" count="79" type="stmt"/>
        <line num="65" count="79" type="stmt"/>
        <line num="68" count="79" type="stmt"/>
        <line num="69" count="9" type="stmt"/>
        <line num="70" count="9" type="stmt"/>
        <line num="72" count="9" type="stmt"/>
        <line num="73" count="9" type="stmt"/>
        <line num="88" count="9" type="stmt"/>
        <line num="89" count="7" type="stmt"/>
        <line num="91" count="2" type="cond" truecount="2" falsecount="1"/>
        <line num="93" count="9" type="stmt"/>
        <line num="97" count="79" type="stmt"/>
        <line num="98" count="7" type="stmt"/>
        <line num="99" count="7" type="stmt"/>
        <line num="101" count="7" type="stmt"/>
        <line num="102" count="7" type="stmt"/>
        <line num="110" count="7" type="stmt"/>
        <line num="111" count="6" type="stmt"/>
        <line num="113" count="1" type="cond" truecount="1" falsecount="2"/>
        <line num="115" count="7" type="stmt"/>
        <line num="120" count="79" type="stmt"/>
        <line num="121" count="4" type="stmt"/>
        <line num="122" count="4" type="stmt"/>
        <line num="124" count="4" type="stmt"/>
        <line num="125" count="4" type="stmt"/>
        <line num="132" count="4" type="stmt"/>
        <line num="133" count="3" type="stmt"/>
        <line num="135" count="1" type="cond" truecount="3" falsecount="0"/>
        <line num="137" count="4" type="stmt"/>
        <line num="141" count="79" type="stmt"/>
        <line num="142" count="6" type="stmt"/>
        <line num="149" count="6" type="cond" truecount="2" falsecount="0"/>
        <line num="152" count="79" type="stmt"/>
        <line num="153" count="7" type="stmt"/>
        <line num="159" count="7" type="cond" truecount="1" falsecount="1"/>
        <line num="162" count="79" type="stmt"/>
        <line num="205" count="4" type="stmt"/>
        <line num="216" count="2" type="stmt"/>
        <line num="232" count="1" type="stmt"/>
        <line num="242" count="1" type="stmt"/>
        <line num="252" count="1" type="stmt"/>
        <line num="261" count="1" type="stmt"/>
        <line num="288" count="5" type="stmt"/>
        <line num="351" count="0" type="stmt"/>
        <line num="361" count="1" type="stmt"/>
        <line num="376" count="1" type="stmt"/>
        <line num="387" count="1" type="stmt"/>
        <line num="398" count="1" type="stmt"/>
        <line num="433" count="7" type="stmt"/>
        <line num="445" count="6" type="stmt"/>
        <line num="504" count="0" type="stmt"/>
        <line num="514" count="0" type="stmt"/>
        <line num="524" count="0" type="stmt"/>
        <line num="533" count="1" type="stmt"/>
      </file>
    </package>
  </project>
</coverage>
