<?xml version="1.0" encoding="UTF-8"?>
<coverage generated="1765801540146" clover="3.2.0">
  <project timestamp="1765801540146" name="All files">
    <metrics statements="428" coveredstatements="299" conditionals="326" coveredconditionals="185" methods="144" coveredmethods="92" elements="898" coveredelements="576" complexity="0" loc="428" ncloc="428" packages="4" files="9" classes="9"/>
    <package name="src">
      <metrics statements="2" coveredstatements="2" conditionals="0" coveredconditionals="0" methods="1" coveredmethods="1"/>
      <file name="App.js" path="/Users/nfb/Code/conservation-biology-toolkit/frontend/src/App.js">
        <metrics statements="2" coveredstatements="2" conditionals="0" coveredconditionals="0" methods="1" coveredmethods="1"/>
        <line num="14" count="1" type="stmt"/>
        <line num="26" count="9" type="stmt"/>
      </file>
    </package>
    <package name="src.components">
      <metrics statements="5" coveredstatements="5" conditionals="2" coveredconditionals="2" methods="2" coveredmethods="2"/>
      <file name="Navbar.js" path="/Users/nfb/Code/conservation-biology-toolkit/frontend/src/components/Navbar.js">
        <metrics statements="5" coveredstatements="5" conditionals="2" coveredconditionals="2" methods="2" coveredmethods="2"/>
        <line num="5" count="2" type="stmt"/>
        <line num="6" count="22" type="stmt"/>
        <line num="8" count="22" type="stmt"/>
        <line num="18" count="22" type="stmt"/>
        <line num="26" count="154" type="stmt"/>
      </file>
    </package>
    <package name="src.config">
      <metrics statements="3" coveredstatements="3" conditionals="2" coveredconditionals="1" methods="0" coveredmethods="0"/>
      <file name="api.js" path="/Users/nfb/Code/conservation-biology-toolkit/frontend/src/config/api.js">
        <metrics statements="3" coveredstatements="3" conditionals="2" coveredconditionals="1" methods="0" coveredmethods="0"/>
        <line num="2" count="4" type="stmt"/>
        <line num="21" count="4" type="cond" truecount="1" falsecount="1"/>
        <line num="23" count="4" type="stmt"/>
      </file>
    </package>
    <package name="src.pages">
      <metrics statements="418" coveredstatements="289" conditionals="322" coveredconditionals="182" methods="141" coveredmethods="89"/>
      <file name="GeneticTools.js" path="/Users/nfb/Code/conservation-biology-toolkit/frontend/src/pages/GeneticTools.js">
        <metrics statements="91" coveredstatements="81" conditionals="90" coveredconditionals="60" methods="24" coveredmethods="22"/>
        <line num="27" count="2" type="stmt"/>
        <line num="29" count="108" type="stmt"/>
        <line num="30" count="108" type="stmt"/>
        <line num="31" count="108" type="stmt"/>
        <line num="34" count="108" type="stmt"/>
        <line num="39" count="108" type="stmt"/>
        <line num="40" count="108" type="stmt"/>
        <line num="43" count="108" type="stmt"/>
        <line num="44" count="108" type="stmt"/>
        <line num="45" count="108" type="stmt"/>
        <line num="48" count="108" type="stmt"/>
        <line num="49" count="108" type="stmt"/>
        <line num="50" count="108" type="stmt"/>
        <line num="51" count="108" type="stmt"/>
        <line num="54" count="108" type="stmt"/>
        <line num="55" count="108" type="stmt"/>
        <line num="56" count="108" type="stmt"/>
        <line num="57" count="108" type="stmt"/>
        <line num="60" count="108" type="stmt"/>
        <line num="61" count="9" type="stmt"/>
        <line num="62" count="9" type="stmt"/>
        <line num="64" count="9" type="stmt"/>
        <line num="66" count="9" type="stmt"/>
        <line num="67" count="23" type="stmt"/>
        <line num="69" count="9" type="stmt"/>
        <line num="70" count="37" type="stmt"/>
        <line num="71" count="19" type="cond" truecount="4" falsecount="0"/>
        <line num="72" count="2" type="stmt"/>
        <line num="74" count="17" type="stmt"/>
        <line num="75" count="17" type="cond" truecount="4" falsecount="0"/>
        <line num="76" count="2" type="stmt"/>
        <line num="80" count="5" type="stmt"/>
        <line num="84" count="0" type="stmt"/>
        <line num="86" count="9" type="cond" truecount="2" falsecount="1"/>
        <line num="88" count="9" type="stmt"/>
        <line num="93" count="108" type="stmt"/>
        <line num="94" count="4" type="stmt"/>
        <line num="95" count="4" type="stmt"/>
        <line num="97" count="4" type="stmt"/>
        <line num="99" count="4" type="stmt"/>
        <line num="101" count="12" type="stmt"/>
        <line num="102" count="12" type="stmt"/>
        <line num="104" count="4" type="stmt"/>
        <line num="105" count="4" type="stmt"/>
        <line num="107" count="4" type="cond" truecount="4" falsecount="1"/>
        <line num="108" count="0" type="stmt"/>
        <line num="111" count="4" type="stmt"/>
        <line num="117" count="0" type="stmt"/>
        <line num="119" count="4" type="cond" truecount="2" falsecount="1"/>
        <line num="121" count="4" type="stmt"/>
        <line num="126" count="108" type="stmt"/>
        <line num="127" count="4" type="stmt"/>
        <line num="128" count="4" type="stmt"/>
        <line num="130" count="4" type="stmt"/>
        <line num="131" count="4" type="stmt"/>
        <line num="133" count="24" type="stmt"/>
        <line num="134" count="24" type="cond" truecount="2" falsecount="0"/>
        <line num="136" count="4" type="cond" truecount="1" falsecount="1"/>
        <line num="137" count="0" type="stmt"/>
        <line num="140" count="4" type="stmt"/>
        <line num="144" count="0" type="stmt"/>
        <line num="146" count="4" type="cond" truecount="2" falsecount="1"/>
        <line num="148" count="4" type="stmt"/>
        <line num="153" count="108" type="stmt"/>
        <line num="154" count="4" type="stmt"/>
        <line num="155" count="4" type="stmt"/>
        <line num="157" count="4" type="stmt"/>
        <line num="158" count="4" type="stmt"/>
        <line num="160" count="16" type="stmt"/>
        <line num="161" count="16" type="cond" truecount="2" falsecount="0"/>
        <line num="163" count="4" type="stmt"/>
        <line num="165" count="16" type="stmt"/>
        <line num="166" count="16" type="cond" truecount="2" falsecount="0"/>
        <line num="168" count="4" type="cond" truecount="3" falsecount="1"/>
        <line num="169" count="0" type="stmt"/>
        <line num="172" count="4" type="cond" truecount="1" falsecount="1"/>
        <line num="173" count="0" type="stmt"/>
        <line num="176" count="4" type="stmt"/>
        <line num="181" count="0" type="stmt"/>
        <line num="183" count="4" type="cond" truecount="2" falsecount="1"/>
        <line num="185" count="4" type="stmt"/>
        <line num="189" count="108" type="stmt"/>
        <line num="227" count="23" type="stmt"/>
        <line num="254" count="0" type="stmt"/>
        <line num="300" count="9" type="stmt"/>
        <line num="310" count="7" type="stmt"/>
        <line num="321" count="3" type="stmt"/>
        <line num="388" count="7" type="stmt"/>
        <line num="459" count="4" type="stmt"/>
        <line num="469" count="3" type="stmt"/>
        <line num="500" count="0" type="stmt"/>
      </file>
      <file name="HabitatLandscape.js" path="/Users/nfb/Code/conservation-biology-toolkit/frontend/src/pages/HabitatLandscape.js">
        <metrics statements="106" coveredstatements="1" conditionals="71" coveredconditionals="0" methods="44" coveredmethods="0"/>
        <line num="35" count="1" type="stmt"/>
        <line num="37" count="0" type="stmt"/>
        <line num="43" count="0" type="stmt"/>
        <line num="44" count="0" type="stmt"/>
        <line num="45" count="0" type="stmt"/>
        <line num="48" count="0" type="stmt"/>
        <line num="54" count="0" type="stmt"/>
        <line num="55" count="0" type="stmt"/>
        <line num="56" count="0" type="stmt"/>
        <line num="57" count="0" type="stmt"/>
        <line num="60" count="0" type="stmt"/>
        <line num="65" count="0" type="stmt"/>
        <line num="66" count="0" type="stmt"/>
        <line num="67" count="0" type="stmt"/>
        <line num="68" count="0" type="stmt"/>
        <line num="71" count="0" type="stmt"/>
        <line num="72" count="0" type="stmt"/>
        <line num="75" count="0" type="stmt"/>
        <line num="76" count="0" type="cond" truecount="0" falsecount="2"/>
        <line num="77" count="0" type="stmt"/>
        <line num="81" count="0" type="stmt"/>
        <line num="82" count="0" type="stmt"/>
        <line num="83" count="0" type="stmt"/>
        <line num="84" count="0" type="stmt"/>
        <line num="87" count="0" type="stmt"/>
        <line num="88" count="0" type="stmt"/>
        <line num="89" count="0" type="stmt"/>
        <line num="91" count="0" type="stmt"/>
        <line num="92" count="0" type="stmt"/>
        <line num="98" count="0" type="stmt"/>
        <line num="102" count="0" type="stmt"/>
        <line num="104" count="0" type="cond" truecount="0" falsecount="3"/>
        <line num="106" count="0" type="stmt"/>
        <line num="111" count="0" type="stmt"/>
        <line num="112" count="0" type="stmt"/>
        <line num="115" count="0" type="stmt"/>
        <line num="116" count="0" type="cond" truecount="0" falsecount="2"/>
        <line num="117" count="0" type="stmt"/>
        <line num="121" count="0" type="stmt"/>
        <line num="122" count="0" type="stmt"/>
        <line num="123" count="0" type="stmt"/>
        <line num="124" count="0" type="stmt"/>
        <line num="127" count="0" type="stmt"/>
        <line num="128" count="0" type="stmt"/>
        <line num="129" count="0" type="stmt"/>
        <line num="131" count="0" type="stmt"/>
        <line num="132" count="0" type="cond" truecount="0" falsecount="2"/>
        <line num="133" count="0" type="cond" truecount="0" falsecount="2"/>
        <line num="135" count="0" type="cond" truecount="0" falsecount="4"/>
        <line num="136" count="0" type="stmt"/>
        <line num="139" count="0" type="stmt"/>
        <line num="145" count="0" type="stmt"/>
        <line num="146" count="0" type="stmt"/>
        <line num="148" count="0" type="cond" truecount="0" falsecount="3"/>
        <line num="150" count="0" type="stmt"/>
        <line num="155" count="0" type="stmt"/>
        <line num="156" count="0" type="stmt"/>
        <line num="159" count="0" type="stmt"/>
        <line num="160" count="0" type="cond" truecount="0" falsecount="2"/>
        <line num="161" count="0" type="stmt"/>
        <line num="165" count="0" type="stmt"/>
        <line num="166" count="0" type="stmt"/>
        <line num="167" count="0" type="stmt"/>
        <line num="168" count="0" type="stmt"/>
        <line num="171" count="0" type="stmt"/>
        <line num="172" count="0" type="stmt"/>
        <line num="173" count="0" type="stmt"/>
        <line num="175" count="0" type="stmt"/>
        <line num="176" count="0" type="stmt"/>
        <line num="177" count="0" type="cond" truecount="0" falsecount="2"/>
        <line num="178" count="0" type="stmt"/>
        <line num="182" count="0" type="cond" truecount="0" falsecount="2"/>
        <line num="184" count="0" type="cond" truecount="0" falsecount="2"/>
        <line num="185" count="0" type="stmt"/>
        <line num="188" count="0" type="stmt"/>
        <line num="193" count="0" type="stmt"/>
        <line num="194" count="0" type="stmt"/>
        <line num="196" count="0" type="cond" truecount="0" falsecount="3"/>
        <line num="198" count="0" type="stmt"/>
        <line num="202" count="0" type="stmt"/>
        <line num="203" count="0" type="stmt"/>
        <line num="210" count="0" type="cond" truecount="0" falsecount="2"/>
        <line num="213" count="0" type="stmt"/>
        <line num="214" count="0" type="stmt"/>
        <line num="221" count="0" type="cond" truecount="0" falsecount="2"/>
        <line num="224" count="0" type="stmt"/>
        <line num="225" count="0" type="stmt"/>
        <line num="232" count="0" type="cond" truecount="0" falsecount="2"/>
        <line num="235" count="0" type="stmt"/>
        <line num="274" count="0" type="stmt"/>
        <line num="281" count="0" type="stmt"/>
        <line num="292" count="0" type="stmt"/>
        <line num="303" count="0" type="stmt"/>
        <line num="309" count="0" type="stmt"/>
        <line num="349" count="0" type="stmt"/>
        <line num="361" count="0" type="stmt"/>
        <line num="410" count="0" type="stmt"/>
        <line num="418" count="0" type="stmt"/>
        <line num="428" count="0" type="stmt"/>
        <line num="434" count="0" type="stmt"/>
        <line num="462" count="0" type="stmt"/>
        <line num="543" count="0" type="stmt"/>
        <line num="551" count="0" type="stmt"/>
        <line num="561" count="0" type="stmt"/>
        <line num="567" count="0" type="stmt"/>
        <line num="595" count="0" type="stmt"/>
      </file>
      <file name="Home.js" path="/Users/nfb/Code/conservation-biology-toolkit/frontend/src/pages/Home.js">
        <metrics statements="5" coveredstatements="5" conditionals="10" coveredconditionals="10" methods="3" coveredmethods="3"/>
        <line num="24" count="1" type="stmt"/>
        <line num="25" count="24" type="stmt"/>
        <line num="70" count="24" type="stmt"/>
        <line num="221" count="144" type="stmt"/>
        <line num="242" count="504" type="stmt"/>
      </file>
      <file name="PopulationTools.js" path="/Users/nfb/Code/conservation-biology-toolkit/frontend/src/pages/PopulationTools.js">
        <metrics statements="79" coveredstatements="74" conditionals="36" coveredconditionals="26" methods="27" coveredmethods="26"/>
        <line num="17" count="1" type="stmt"/>
        <line num="18" count="80" type="stmt"/>
        <line num="24" count="80" type="stmt"/>
        <line num="25" count="80" type="stmt"/>
        <line num="26" count="80" type="stmt"/>
        <line num="28" count="80" type="stmt"/>
        <line num="32" count="80" type="stmt"/>
        <line num="33" count="80" type="stmt"/>
        <line num="34" count="80" type="stmt"/>
        <line num="37" count="80" type="stmt"/>
        <line num="45" count="80" type="stmt"/>
        <line num="46" count="80" type="stmt"/>
        <line num="47" count="80" type="stmt"/>
        <line num="50" count="80" type="stmt"/>
        <line num="57" count="80" type="stmt"/>
        <line num="58" count="80" type="stmt"/>
        <line num="59" count="80" type="stmt"/>
        <line num="61" count="80" type="stmt"/>
        <line num="62" count="9" type="stmt"/>
        <line num="63" count="9" type="stmt"/>
        <line num="64" count="9" type="stmt"/>
        <line num="66" count="9" type="stmt"/>
        <line num="67" count="9" type="stmt"/>
        <line num="74" count="9" type="stmt"/>
        <line num="75" count="0" type="stmt"/>
        <line num="77" count="9" type="cond" truecount="2" falsecount="0"/>
        <line num="79" count="9" type="stmt"/>
        <line num="83" count="80" type="stmt"/>
        <line num="84" count="3" type="stmt"/>
        <line num="85" count="3" type="stmt"/>
        <line num="86" count="3" type="stmt"/>
        <line num="88" count="3" type="stmt"/>
        <line num="89" count="3" type="stmt"/>
        <line num="94" count="3" type="stmt"/>
        <line num="95" count="0" type="stmt"/>
        <line num="97" count="3" type="cond" truecount="2" falsecount="0"/>
        <line num="99" count="3" type="stmt"/>
        <line num="103" count="80" type="stmt"/>
        <line num="104" count="2" type="stmt"/>
        <line num="105" count="2" type="stmt"/>
        <line num="106" count="2" type="stmt"/>
        <line num="108" count="2" type="stmt"/>
        <line num="109" count="2" type="stmt"/>
        <line num="118" count="2" type="stmt"/>
        <line num="119" count="0" type="stmt"/>
        <line num="121" count="2" type="cond" truecount="2" falsecount="0"/>
        <line num="123" count="2" type="stmt"/>
        <line num="127" count="80" type="stmt"/>
        <line num="128" count="2" type="stmt"/>
        <line num="129" count="2" type="stmt"/>
        <line num="130" count="2" type="stmt"/>
        <line num="132" count="2" type="stmt"/>
        <line num="133" count="2" type="stmt"/>
        <line num="134" count="6" type="stmt"/>
        <line num="135" count="6" type="stmt"/>
        <line num="136" count="6" type="stmt"/>
        <line num="138" count="18" type="stmt"/>
        <line num="143" count="2" type="stmt"/>
        <line num="144" count="0" type="stmt"/>
        <line num="146" count="2" type="cond" truecount="2" falsecount="0"/>
        <line num="148" count="2" type="stmt"/>
        <line num="152" count="80" type="stmt"/>
        <line num="191" count="1" type="stmt"/>
        <line num="201" count="9" type="stmt"/>
        <line num="213" count="1" type="stmt"/>
        <line num="224" count="2" type="stmt"/>
        <line num="293" count="1" type="stmt"/>
        <line num="304" count="1" type="stmt"/>
        <line num="368" count="3" type="stmt"/>
        <line num="378" count="1" type="stmt"/>
        <line num="389" count="1" type="stmt"/>
        <line num="401" count="1" type="stmt"/>
        <line num="412" count="1" type="stmt"/>
        <line num="423" count="2" type="stmt"/>
        <line num="489" count="2" type="stmt"/>
        <line num="498" count="1" type="stmt"/>
        <line num="507" count="1" type="stmt"/>
        <line num="516" count="2" type="stmt"/>
        <line num="528" count="0" type="stmt"/>
      </file>
      <file name="SamplingTools.js" path="/Users/nfb/Code/conservation-biology-toolkit/frontend/src/pages/SamplingTools.js">
        <metrics statements="72" coveredstatements="67" conditionals="36" coveredconditionals="26" methods="19" coveredmethods="18"/>
        <line num="18" count="1" type="stmt"/>
        <line num="20" count="93" type="stmt"/>
        <line num="26" count="93" type="stmt"/>
        <line num="27" count="93" type="stmt"/>
        <line num="28" count="93" type="stmt"/>
        <line num="31" count="93" type="stmt"/>
        <line num="36" count="93" type="stmt"/>
        <line num="37" count="93" type="stmt"/>
        <line num="38" count="93" type="stmt"/>
        <line num="41" count="93" type="stmt"/>
        <line num="46" count="93" type="stmt"/>
        <line num="47" count="93" type="stmt"/>
        <line num="48" count="93" type="stmt"/>
        <line num="51" count="93" type="stmt"/>
        <line num="56" count="93" type="stmt"/>
        <line num="57" count="93" type="stmt"/>
        <line num="58" count="93" type="stmt"/>
        <line num="60" count="93" type="stmt"/>
        <line num="61" count="8" type="stmt"/>
        <line num="62" count="8" type="stmt"/>
        <line num="63" count="8" type="stmt"/>
        <line num="65" count="8" type="stmt"/>
        <line num="66" count="8" type="stmt"/>
        <line num="73" count="8" type="stmt"/>
        <line num="74" count="0" type="stmt"/>
        <line num="76" count="8" type="cond" truecount="2" falsecount="0"/>
        <line num="78" count="8" type="stmt"/>
        <line num="82" count="93" type="stmt"/>
        <line num="83" count="5" type="stmt"/>
        <line num="84" count="5" type="stmt"/>
        <line num="85" count="5" type="stmt"/>
        <line num="87" count="5" type="stmt"/>
        <line num="88" count="5" type="stmt"/>
        <line num="94" count="5" type="stmt"/>
        <line num="95" count="0" type="stmt"/>
        <line num="97" count="5" type="cond" truecount="2" falsecount="0"/>
        <line num="99" count="5" type="stmt"/>
        <line num="103" count="93" type="stmt"/>
        <line num="104" count="4" type="stmt"/>
        <line num="105" count="4" type="stmt"/>
        <line num="106" count="4" type="stmt"/>
        <line num="108" count="4" type="stmt"/>
        <line num="109" count="4" type="stmt"/>
        <line num="115" count="4" type="stmt"/>
        <line num="116" count="0" type="stmt"/>
        <line num="118" count="4" type="cond" truecount="2" falsecount="0"/>
        <line num="120" count="4" type="stmt"/>
        <line num="124" count="93" type="stmt"/>
        <line num="125" count="4" type="stmt"/>
        <line num="126" count="4" type="stmt"/>
        <line num="127" count="4" type="stmt"/>
        <line num="129" count="4" type="stmt"/>
        <line num="130" count="4" type="stmt"/>
        <line num="131" count="32" type="stmt"/>
        <line num="136" count="4" type="stmt"/>
        <line num="137" count="0" type="stmt"/>
        <line num="139" count="4" type="cond" truecount="2" falsecount="0"/>
        <line num="141" count="4" type="stmt"/>
        <line num="145" count="93" type="stmt"/>
        <line num="182" count="2" type="stmt"/>
        <line num="193" count="7" type="stmt"/>
        <line num="205" count="3" type="stmt"/>
        <line num="217" count="3" type="stmt"/>
        <line num="292" count="2" type="stmt"/>
        <line num="304" count="2" type="stmt"/>
        <line num="316" count="1" type="stmt"/>
        <line num="387" count="2" type="stmt"/>
        <line num="399" count="3" type="stmt"/>
        <line num="411" count="3" type="stmt"/>
        <line num="482" count="8" type="stmt"/>
        <line num="493" count="0" type="stmt"/>
        <line num="504" count="1" type="stmt"/>
      </file>
      <file name="SpeciesAssessment.js" path="/Users/nfb/Code/conservation-biology-toolkit/frontend/src/pages/SpeciesAssessment.js">
        <metrics statements="65" coveredstatements="61" conditionals="79" coveredconditionals="60" methods="24" coveredmethods="20"/>
        <line num="26" count="2" type="stmt"/>
        <line num="28" count="80" type="stmt"/>
        <line num="38" count="79" type="stmt"/>
        <line num="39" count="79" type="stmt"/>
        <line num="42" count="79" type="stmt"/>
        <line num="49" count="79" type="stmt"/>
        <line num="50" count="79" type="stmt"/>
        <line num="53" count="79" type="stmt"/>
        <line num="59" count="79" type="stmt"/>
        <line num="60" count="79" type="stmt"/>
        <line num="63" count="79" type="stmt"/>
        <line num="64" count="79" type="stmt"/>
        <line num="65" count="79" type="stmt"/>
        <line num="68" count="79" type="stmt"/>
        <line num="69" count="9" type="stmt"/>
        <line num="70" count="9" type="stmt"/>
        <line num="72" count="9" type="stmt"/>
        <line num="73" count="9" type="stmt"/>
        <line num="88" count="9" type="stmt"/>
        <line num="89" count="7" type="stmt"/>
        <line num="91" count="2" type="cond" truecount="2" falsecount="1"/>
        <line num="93" count="9" type="stmt"/>
        <line num="97" count="79" type="stmt"/>
        <line num="98" count="7" type="stmt"/>
        <line num="99" count="7" type="stmt"/>
        <line num="101" count="7" type="stmt"/>
        <line num="102" count="7" type="stmt"/>
        <line num="110" count="7" type="stmt"/>
        <line num="111" count="6" type="stmt"/>
        <line num="113" count="1" type="cond" truecount="1" falsecount="2"/>
        <line num="115" count="7" type="stmt"/>
        <line num="120" count="79" type="stmt"/>
        <line num="121" count="4" type="stmt"/>
        <line num="122" count="4" type="stmt"/>
        <line num="124" count="4" type="stmt"/>
        <line num="125" count="4" type="stmt"/>
        <line num="132" count="4" type="stmt"/>
        <line num="133" count="3" type="stmt"/>
        <line num="135" count="1" type="cond" truecount="3" falsecount="0"/>
        <line num="137" count="4" type="stmt"/>
        <line num="141" count="79" type="stmt"/>
        <line num="142" count="6" type="stmt"/>
        <line num="149" count="6" type="cond" truecount="2" falsecount="0"/>
        <line num="152" count="79" type="stmt"/>
        <line num="153" count="7" type="stmt"/>
        <line num="159" count="7" type="cond" truecount="1" falsecount="1"/>
        <line num="162" count="79" type="stmt"/>
        <line num="205" count="4" type="stmt"/>
        <line num="216" count="2" type="stmt"/>
        <line num="232" count="1" type="stmt"/>
        <line num="242" count="1" type="stmt"/>
        <line num="252" count="1" type="stmt"/>
        <line num="261" count="1" type="stmt"/>
        <line num="288" count="5" type="stmt"/>
        <line num="342" count="0" type="stmt"/>
        <line num="352" count="1" type="stmt"/>
        <line num="367" count="1" type="stmt"/>
        <line num="378" count="1" type="stmt"/>
        <line num="389" count="1" type="stmt"/>
        <line num="424" count="7" type="stmt"/>
        <line num="436" count="6" type="stmt"/>
        <line num="486" count="0" type="stmt"/>
        <line num="496" count="0" type="stmt"/>
        <line num="506" count="0" type="stmt"/>
        <line num="515" count="1" type="stmt"/>
      </file>
    </package>
  </project>
</coverage>
