{"/Users/nfb/Code/conservation-biology-toolkit/frontend/src/App.js": {"path":"/Users/nfb/Code/conservation-biology-toolkit/frontend/src/App.js","statementMap":{"0":{"start":{"line":17,"column":14},"end":{"line":26,"column":2}},"1":{"start":{"line":29,"column":2},"end":{"line":49,"column":4}}},"fnMap":{"0":{"name":"App","decl":{"start":{"line":28,"column":9},"end":{"line":28,"column":12}},"loc":{"start":{"line":28,"column":15},"end":{"line":50,"column":1}},"line":28}},"branchMap":{},"s":{"0":1,"1":9},"f":{"0":9},"b":{},"_coverageSchema":"1a1c01bbd47fc00a2c39e90264f33305004495a9","hash":"37dc4698276f46ffb6b995efa4b2827a40bdf53f"}
,"/Users/nfb/Code/conservation-biology-toolkit/frontend/src/components/Navbar.js": {"path":"/Users/nfb/Code/conservation-biology-toolkit/frontend/src/components/Navbar.js","statementMap":{"0":{"start":{"line":5,"column":15},"end":{"line":44,"column":1}},"1":{"start":{"line":6,"column":19},"end":{"line":6,"column":32}},"2":{"start":{"line":8,"column":19},"end":{"line":18,"column":3}},"3":{"start":{"line":20,"column":2},"end":{"line":43,"column":4}},"4":{"start":{"line":28,"column":12},"end":{"line":38,"column":21}}},"fnMap":{"0":{"name":"(anonymous_0)","decl":{"start":{"line":5,"column":15},"end":{"line":5,"column":16}},"loc":{"start":{"line":5,"column":21},"end":{"line":44,"column":1}},"line":5},"1":{"name":"(anonymous_1)","decl":{"start":{"line":27,"column":24},"end":{"line":27,"column":25}},"loc":{"start":{"line":28,"column":12},"end":{"line":38,"column":21}},"line":28}},"branchMap":{"0":{"loc":{"start":{"line":34,"column":33},"end":{"line":34,"column":106}},"type":"cond-expr","locations":[{"start":{"line":34,"column":67},"end":{"line":34,"column":90}},{"start":{"line":34,"column":93},"end":{"line":34,"column":106}}],"line":34}},"s":{"0":2,"1":22,"2":22,"3":22,"4":198},"f":{"0":22,"1":198},"b":{"0":[21,177]},"_coverageSchema":"1a1c01bbd47fc00a2c39e90264f33305004495a9","hash":"003bae864def1b5c1020b0a3875985684970973f"}
,"/Users/nfb/Code/conservation-biology-toolkit/frontend/src/config/api.js": {"path":"/Users/nfb/Code/conservation-biology-toolkit/frontend/src/config/api.js","statementMap":{"0":{"start":{"line":2,"column":19},"end":{"line":23,"column":1}},"1":{"start":{"line":25,"column":20},"end":{"line":25,"column":57}},"2":{"start":{"line":27,"column":24},"end":{"line":27,"column":47}}},"fnMap":{},"branchMap":{"0":{"loc":{"start":{"line":25,"column":20},"end":{"line":25,"column":57}},"type":"binary-expr","locations":[{"start":{"line":25,"column":20},"end":{"line":25,"column":40}},{"start":{"line":25,"column":44},"end":{"line":25,"column":57}}],"line":25}},"s":{"0":7,"1":7,"2":7},"f":{},"b":{"0":[7,0]},"_coverageSchema":"1a1c01bbd47fc00a2c39e90264f33305004495a9","hash":"5bf660154ad49d49576380c110058ef5429b9692"}
,"/Users/nfb/Code/conservation-biology-toolkit/frontend/src/pages/BreedRegistry.js": {"path":"/Users/nfb/Code/conservation-biology-toolkit/frontend/src/pages/BreedRegistry.js","statementMap":{"0":{"start":{"line":33,"column":22},"end":{"line":287,"column":1}},"1":{"start":{"line":34,"column":19},"end":{"line":71,"column":3}},"2":{"start":{"line":73,"column":19},"end":{"line":94,"column":3}},"3":{"start":{"line":96,"column":19},"end":{"line":105,"column":3}},"4":{"start":{"line":107,"column":2},"end":{"line":286,"column":4}},"5":{"start":{"line":146,"column":12},"end":{"line":173,"column":19}},"6":{"start":{"line":162,"column":22},"end":{"line":168,"column":24}},"7":{"start":{"line":185,"column":12},"end":{"line":197,"column":19}},"8":{"start":{"line":213,"column":18},"end":{"line":218,"column":29}}},"fnMap":{"0":{"name":"(anonymous_0)","decl":{"start":{"line":33,"column":22},"end":{"line":33,"column":23}},"loc":{"start":{"line":33,"column":28},"end":{"line":287,"column":1}},"line":33},"1":{"name":"(anonymous_1)","decl":{"start":{"line":145,"column":24},"end":{"line":145,"column":25}},"loc":{"start":{"line":146,"column":12},"end":{"line":173,"column":19}},"line":146},"2":{"name":"(anonymous_2)","decl":{"start":{"line":161,"column":39},"end":{"line":161,"column":40}},"loc":{"start":{"line":162,"column":22},"end":{"line":168,"column":24}},"line":162},"3":{"name":"(anonymous_3)","decl":{"start":{"line":184,"column":24},"end":{"line":184,"column":25}},"loc":{"start":{"line":185,"column":12},"end":{"line":197,"column":19}},"line":185},"4":{"name":"(anonymous_4)","decl":{"start":{"line":212,"column":30},"end":{"line":212,"column":31}},"loc":{"start":{"line":213,"column":18},"end":{"line":218,"column":29}},"line":213}},"branchMap":{},"s":{"0":2,"1":10,"2":10,"3":10,"4":10,"5":60,"6":240,"7":40,"8":80},"f":{"0":10,"1":60,"2":240,"3":40,"4":80},"b":{},"_coverageSchema":"1a1c01bbd47fc00a2c39e90264f33305004495a9","hash":"87e6b7e9292b782060fac6db24b0c466a6e90b4c"}
,"/Users/nfb/Code/conservation-biology-toolkit/frontend/src/pages/ClimateImpact.js": {"path":"/Users/nfb/Code/conservation-biology-toolkit/frontend/src/pages/ClimateImpact.js","statementMap":{"0":{"start":{"line":36,"column":22},"end":{"line":962,"column":1}},"1":{"start":{"line":38,"column":44},"end":{"line":46,"column":4}},"2":{"start":{"line":47,"column":40},"end":{"line":47,"column":54}},"3":{"start":{"line":48,"column":40},"end":{"line":48,"column":55}},"4":{"start":{"line":49,"column":36},"end":{"line":49,"column":48}},"5":{"start":{"line":52,"column":44},"end":{"line":57,"column":4}},"6":{"start":{"line":58,"column":48},"end":{"line":61,"column":4}},"7":{"start":{"line":62,"column":50},"end":{"line":62,"column":64}},"8":{"start":{"line":63,"column":50},"end":{"line":63,"column":65}},"9":{"start":{"line":64,"column":46},"end":{"line":64,"column":58}},"10":{"start":{"line":67,"column":42},"end":{"line":74,"column":4}},"11":{"start":{"line":75,"column":48},"end":{"line":75,"column":62}},"12":{"start":{"line":76,"column":48},"end":{"line":76,"column":63}},"13":{"start":{"line":77,"column":44},"end":{"line":77,"column":56}},"14":{"start":{"line":80,"column":42},"end":{"line":86,"column":4}},"15":{"start":{"line":87,"column":48},"end":{"line":87,"column":62}},"16":{"start":{"line":88,"column":48},"end":{"line":88,"column":63}},"17":{"start":{"line":89,"column":44},"end":{"line":89,"column":56}},"18":{"start":{"line":92,"column":30},"end":{"line":94,"column":3}},"19":{"start":{"line":93,"column":4},"end":{"line":93,"column":60}},"20":{"start":{"line":93,"column":30},"end":{"line":93,"column":57}},"21":{"start":{"line":96,"column":40},"end":{"line":118,"column":3}},"22":{"start":{"line":97,"column":4},"end":{"line":97,"column":25}},"23":{"start":{"line":98,"column":4},"end":{"line":98,"column":21}},"24":{"start":{"line":100,"column":4},"end":{"line":117,"column":5}},"25":{"start":{"line":101,"column":22},"end":{"line":109,"column":7}},"26":{"start":{"line":111,"column":23},"end":{"line":111,"column":99}},"27":{"start":{"line":112,"column":6},"end":{"line":112,"column":36}},"28":{"start":{"line":114,"column":6},"end":{"line":114,"column":90}},"29":{"start":{"line":116,"column":6},"end":{"line":116,"column":28}},"30":{"start":{"line":121,"column":30},"end":{"line":123,"column":3}},"31":{"start":{"line":122,"column":4},"end":{"line":122,"column":60}},"32":{"start":{"line":122,"column":30},"end":{"line":122,"column":57}},"33":{"start":{"line":125,"column":28},"end":{"line":127,"column":3}},"34":{"start":{"line":126,"column":4},"end":{"line":126,"column":58}},"35":{"start":{"line":129,"column":31},"end":{"line":133,"column":3}},"36":{"start":{"line":130,"column":4},"end":{"line":132,"column":5}},"37":{"start":{"line":131,"column":6},"end":{"line":131,"column":72}},"38":{"start":{"line":131,"column":58},"end":{"line":131,"column":69}},"39":{"start":{"line":135,"column":31},"end":{"line":139,"column":3}},"40":{"start":{"line":136,"column":20},"end":{"line":136,"column":40}},"41":{"start":{"line":137,"column":4},"end":{"line":137,"column":31}},"42":{"start":{"line":138,"column":4},"end":{"line":138,"column":32}},"43":{"start":{"line":141,"column":34},"end":{"line":163,"column":3}},"44":{"start":{"line":142,"column":4},"end":{"line":142,"column":30}},"45":{"start":{"line":143,"column":4},"end":{"line":143,"column":26}},"46":{"start":{"line":145,"column":4},"end":{"line":162,"column":5}},"47":{"start":{"line":146,"column":22},"end":{"line":154,"column":7}},"48":{"start":{"line":152,"column":20},"end":{"line":152,"column":35}},"49":{"start":{"line":153,"column":23},"end":{"line":153,"column":54}},"50":{"start":{"line":156,"column":23},"end":{"line":156,"column":93}},"51":{"start":{"line":157,"column":6},"end":{"line":157,"column":41}},"52":{"start":{"line":159,"column":6},"end":{"line":159,"column":95}},"53":{"start":{"line":161,"column":6},"end":{"line":161,"column":33}},"54":{"start":{"line":166,"column":29},"end":{"line":168,"column":3}},"55":{"start":{"line":167,"column":4},"end":{"line":167,"column":59}},"56":{"start":{"line":167,"column":29},"end":{"line":167,"column":56}},"57":{"start":{"line":170,"column":32},"end":{"line":191,"column":3}},"58":{"start":{"line":171,"column":4},"end":{"line":171,"column":29}},"59":{"start":{"line":172,"column":4},"end":{"line":172,"column":25}},"60":{"start":{"line":174,"column":4},"end":{"line":190,"column":5}},"61":{"start":{"line":175,"column":22},"end":{"line":182,"column":7}},"62":{"start":{"line":184,"column":23},"end":{"line":184,"column":92}},"63":{"start":{"line":185,"column":6},"end":{"line":185,"column":40}},"64":{"start":{"line":187,"column":6},"end":{"line":187,"column":94}},"65":{"start":{"line":189,"column":6},"end":{"line":189,"column":32}},"66":{"start":{"line":194,"column":29},"end":{"line":196,"column":3}},"67":{"start":{"line":195,"column":4},"end":{"line":195,"column":59}},"68":{"start":{"line":195,"column":29},"end":{"line":195,"column":56}},"69":{"start":{"line":198,"column":35},"end":{"line":218,"column":3}},"70":{"start":{"line":199,"column":4},"end":{"line":199,"column":29}},"71":{"start":{"line":200,"column":4},"end":{"line":200,"column":25}},"72":{"start":{"line":202,"column":4},"end":{"line":217,"column":5}},"73":{"start":{"line":203,"column":22},"end":{"line":209,"column":7}},"74":{"start":{"line":211,"column":23},"end":{"line":211,"column":94}},"75":{"start":{"line":212,"column":6},"end":{"line":212,"column":40}},"76":{"start":{"line":214,"column":6},"end":{"line":214,"column":94}},"77":{"start":{"line":216,"column":6},"end":{"line":216,"column":32}},"78":{"start":{"line":221,"column":23},"end":{"line":227,"column":3}},"79":{"start":{"line":222,"column":4},"end":{"line":222,"column":57}},"80":{"start":{"line":222,"column":42},"end":{"line":222,"column":57}},"81":{"start":{"line":223,"column":4},"end":{"line":223,"column":54}},"82":{"start":{"line":223,"column":37},"end":{"line":223,"column":54}},"83":{"start":{"line":224,"column":4},"end":{"line":224,"column":55}},"84":{"start":{"line":224,"column":41},"end":{"line":224,"column":55}},"85":{"start":{"line":225,"column":4},"end":{"line":225,"column":53}},"86":{"start":{"line":225,"column":36},"end":{"line":225,"column":53}},"87":{"start":{"line":226,"column":4},"end":{"line":226,"column":21}},"88":{"start":{"line":229,"column":2},"end":{"line":961,"column":4}},"89":{"start":{"line":276,"column":37},"end":{"line":276,"column":92}},"90":{"start":{"line":286,"column":37},"end":{"line":286,"column":92}},"91":{"start":{"line":296,"column":37},"end":{"line":296,"column":92}},"92":{"start":{"line":306,"column":37},"end":{"line":306,"column":92}},"93":{"start":{"line":316,"column":37},"end":{"line":316,"column":93}},"94":{"start":{"line":326,"column":37},"end":{"line":326,"column":93}},"95":{"start":{"line":336,"column":37},"end":{"line":336,"column":97}},"96":{"start":{"line":382,"column":24},"end":{"line":384,"column":37}},"97":{"start":{"line":448,"column":37},"end":{"line":448,"column":96}},"98":{"start":{"line":459,"column":37},"end":{"line":459,"column":99}},"99":{"start":{"line":469,"column":37},"end":{"line":469,"column":97}},"100":{"start":{"line":479,"column":37},"end":{"line":479,"column":95}},"101":{"start":{"line":491,"column":18},"end":{"line":508,"column":24}},"102":{"start":{"line":497,"column":39},"end":{"line":497,"column":82}},"103":{"start":{"line":502,"column":37},"end":{"line":502,"column":64}},"104":{"start":{"line":564,"column":24},"end":{"line":566,"column":37}},"105":{"start":{"line":575,"column":24},"end":{"line":577,"column":37}},"106":{"start":{"line":641,"column":37},"end":{"line":641,"column":92}},"107":{"start":{"line":651,"column":37},"end":{"line":651,"column":87}},"108":{"start":{"line":661,"column":37},"end":{"line":661,"column":89}},"109":{"start":{"line":672,"column":37},"end":{"line":672,"column":94}},"110":{"start":{"line":682,"column":37},"end":{"line":682,"column":87}},"111":{"start":{"line":692,"column":37},"end":{"line":692,"column":94}},"112":{"start":{"line":746,"column":30},"end":{"line":749,"column":41}},"113":{"start":{"line":761,"column":24},"end":{"line":763,"column":37}},"114":{"start":{"line":827,"column":37},"end":{"line":827,"column":95}},"115":{"start":{"line":837,"column":37},"end":{"line":837,"column":94}},"116":{"start":{"line":847,"column":37},"end":{"line":847,"column":97}},"117":{"start":{"line":857,"column":37},"end":{"line":857,"column":96}},"118":{"start":{"line":868,"column":37},"end":{"line":868,"column":97}},"119":{"start":{"line":927,"column":24},"end":{"line":929,"column":37}}},"fnMap":{"0":{"name":"(anonymous_0)","decl":{"start":{"line":36,"column":22},"end":{"line":36,"column":23}},"loc":{"start":{"line":36,"column":28},"end":{"line":962,"column":1}},"line":36},"1":{"name":"(anonymous_1)","decl":{"start":{"line":92,"column":30},"end":{"line":92,"column":31}},"loc":{"start":{"line":92,"column":48},"end":{"line":94,"column":3}},"line":92},"2":{"name":"(anonymous_2)","decl":{"start":{"line":93,"column":21},"end":{"line":93,"column":22}},"loc":{"start":{"line":93,"column":30},"end":{"line":93,"column":57}},"line":93},"3":{"name":"(anonymous_3)","decl":{"start":{"line":96,"column":40},"end":{"line":96,"column":41}},"loc":{"start":{"line":96,"column":52},"end":{"line":118,"column":3}},"line":96},"4":{"name":"(anonymous_4)","decl":{"start":{"line":121,"column":30},"end":{"line":121,"column":31}},"loc":{"start":{"line":121,"column":48},"end":{"line":123,"column":3}},"line":121},"5":{"name":"(anonymous_5)","decl":{"start":{"line":122,"column":21},"end":{"line":122,"column":22}},"loc":{"start":{"line":122,"column":30},"end":{"line":122,"column":57}},"line":122},"6":{"name":"(anonymous_6)","decl":{"start":{"line":125,"column":28},"end":{"line":125,"column":29}},"loc":{"start":{"line":125,"column":34},"end":{"line":127,"column":3}},"line":125},"7":{"name":"(anonymous_7)","decl":{"start":{"line":129,"column":31},"end":{"line":129,"column":32}},"loc":{"start":{"line":129,"column":42},"end":{"line":133,"column":3}},"line":129},"8":{"name":"(anonymous_8)","decl":{"start":{"line":131,"column":48},"end":{"line":131,"column":49}},"loc":{"start":{"line":131,"column":58},"end":{"line":131,"column":69}},"line":131},"9":{"name":"(anonymous_9)","decl":{"start":{"line":135,"column":31},"end":{"line":135,"column":32}},"loc":{"start":{"line":135,"column":49},"end":{"line":139,"column":3}},"line":135},"10":{"name":"(anonymous_10)","decl":{"start":{"line":141,"column":34},"end":{"line":141,"column":35}},"loc":{"start":{"line":141,"column":46},"end":{"line":163,"column":3}},"line":141},"11":{"name":"(anonymous_11)","decl":{"start":{"line":152,"column":15},"end":{"line":152,"column":16}},"loc":{"start":{"line":152,"column":20},"end":{"line":152,"column":35}},"line":152},"12":{"name":"(anonymous_12)","decl":{"start":{"line":153,"column":18},"end":{"line":153,"column":19}},"loc":{"start":{"line":153,"column":23},"end":{"line":153,"column":54}},"line":153},"13":{"name":"(anonymous_13)","decl":{"start":{"line":166,"column":29},"end":{"line":166,"column":30}},"loc":{"start":{"line":166,"column":47},"end":{"line":168,"column":3}},"line":166},"14":{"name":"(anonymous_14)","decl":{"start":{"line":167,"column":20},"end":{"line":167,"column":21}},"loc":{"start":{"line":167,"column":29},"end":{"line":167,"column":56}},"line":167},"15":{"name":"(anonymous_15)","decl":{"start":{"line":170,"column":32},"end":{"line":170,"column":33}},"loc":{"start":{"line":170,"column":44},"end":{"line":191,"column":3}},"line":170},"16":{"name":"(anonymous_16)","decl":{"start":{"line":194,"column":29},"end":{"line":194,"column":30}},"loc":{"start":{"line":194,"column":47},"end":{"line":196,"column":3}},"line":194},"17":{"name":"(anonymous_17)","decl":{"start":{"line":195,"column":20},"end":{"line":195,"column":21}},"loc":{"start":{"line":195,"column":29},"end":{"line":195,"column":56}},"line":195},"18":{"name":"(anonymous_18)","decl":{"start":{"line":198,"column":35},"end":{"line":198,"column":36}},"loc":{"start":{"line":198,"column":47},"end":{"line":218,"column":3}},"line":198},"19":{"name":"(anonymous_19)","decl":{"start":{"line":221,"column":23},"end":{"line":221,"column":24}},"loc":{"start":{"line":221,"column":38},"end":{"line":227,"column":3}},"line":221},"20":{"name":"(anonymous_20)","decl":{"start":{"line":276,"column":30},"end":{"line":276,"column":31}},"loc":{"start":{"line":276,"column":37},"end":{"line":276,"column":92}},"line":276},"21":{"name":"(anonymous_21)","decl":{"start":{"line":286,"column":30},"end":{"line":286,"column":31}},"loc":{"start":{"line":286,"column":37},"end":{"line":286,"column":92}},"line":286},"22":{"name":"(anonymous_22)","decl":{"start":{"line":296,"column":30},"end":{"line":296,"column":31}},"loc":{"start":{"line":296,"column":37},"end":{"line":296,"column":92}},"line":296},"23":{"name":"(anonymous_23)","decl":{"start":{"line":306,"column":30},"end":{"line":306,"column":31}},"loc":{"start":{"line":306,"column":37},"end":{"line":306,"column":92}},"line":306},"24":{"name":"(anonymous_24)","decl":{"start":{"line":316,"column":30},"end":{"line":316,"column":31}},"loc":{"start":{"line":316,"column":37},"end":{"line":316,"column":93}},"line":316},"25":{"name":"(anonymous_25)","decl":{"start":{"line":326,"column":30},"end":{"line":326,"column":31}},"loc":{"start":{"line":326,"column":37},"end":{"line":326,"column":93}},"line":326},"26":{"name":"(anonymous_26)","decl":{"start":{"line":336,"column":30},"end":{"line":336,"column":31}},"loc":{"start":{"line":336,"column":37},"end":{"line":336,"column":97}},"line":336},"27":{"name":"(anonymous_27)","decl":{"start":{"line":381,"column":55},"end":{"line":381,"column":56}},"loc":{"start":{"line":382,"column":24},"end":{"line":384,"column":37}},"line":382},"28":{"name":"(anonymous_28)","decl":{"start":{"line":448,"column":30},"end":{"line":448,"column":31}},"loc":{"start":{"line":448,"column":37},"end":{"line":448,"column":96}},"line":448},"29":{"name":"(anonymous_29)","decl":{"start":{"line":459,"column":30},"end":{"line":459,"column":31}},"loc":{"start":{"line":459,"column":37},"end":{"line":459,"column":99}},"line":459},"30":{"name":"(anonymous_30)","decl":{"start":{"line":469,"column":30},"end":{"line":469,"column":31}},"loc":{"start":{"line":469,"column":37},"end":{"line":469,"column":97}},"line":469},"31":{"name":"(anonymous_31)","decl":{"start":{"line":479,"column":30},"end":{"line":479,"column":31}},"loc":{"start":{"line":479,"column":37},"end":{"line":479,"column":95}},"line":479},"32":{"name":"(anonymous_32)","decl":{"start":{"line":490,"column":37},"end":{"line":490,"column":38}},"loc":{"start":{"line":491,"column":18},"end":{"line":508,"column":24}},"line":491},"33":{"name":"(anonymous_33)","decl":{"start":{"line":497,"column":32},"end":{"line":497,"column":33}},"loc":{"start":{"line":497,"column":39},"end":{"line":497,"column":82}},"line":497},"34":{"name":"(anonymous_34)","decl":{"start":{"line":502,"column":31},"end":{"line":502,"column":32}},"loc":{"start":{"line":502,"column":37},"end":{"line":502,"column":64}},"line":502},"35":{"name":"(anonymous_35)","decl":{"start":{"line":563,"column":79},"end":{"line":563,"column":80}},"loc":{"start":{"line":564,"column":24},"end":{"line":566,"column":37}},"line":564},"36":{"name":"(anonymous_36)","decl":{"start":{"line":574,"column":60},"end":{"line":574,"column":61}},"loc":{"start":{"line":575,"column":24},"end":{"line":577,"column":37}},"line":575},"37":{"name":"(anonymous_37)","decl":{"start":{"line":641,"column":30},"end":{"line":641,"column":31}},"loc":{"start":{"line":641,"column":37},"end":{"line":641,"column":92}},"line":641},"38":{"name":"(anonymous_38)","decl":{"start":{"line":651,"column":30},"end":{"line":651,"column":31}},"loc":{"start":{"line":651,"column":37},"end":{"line":651,"column":87}},"line":651},"39":{"name":"(anonymous_39)","decl":{"start":{"line":661,"column":30},"end":{"line":661,"column":31}},"loc":{"start":{"line":661,"column":37},"end":{"line":661,"column":89}},"line":661},"40":{"name":"(anonymous_40)","decl":{"start":{"line":672,"column":30},"end":{"line":672,"column":31}},"loc":{"start":{"line":672,"column":37},"end":{"line":672,"column":94}},"line":672},"41":{"name":"(anonymous_41)","decl":{"start":{"line":682,"column":30},"end":{"line":682,"column":31}},"loc":{"start":{"line":682,"column":37},"end":{"line":682,"column":87}},"line":682},"42":{"name":"(anonymous_42)","decl":{"start":{"line":692,"column":30},"end":{"line":692,"column":31}},"loc":{"start":{"line":692,"column":37},"end":{"line":692,"column":94}},"line":692},"43":{"name":"(anonymous_43)","decl":{"start":{"line":745,"column":85},"end":{"line":745,"column":86}},"loc":{"start":{"line":746,"column":30},"end":{"line":749,"column":41}},"line":746},"44":{"name":"(anonymous_44)","decl":{"start":{"line":760,"column":59},"end":{"line":760,"column":60}},"loc":{"start":{"line":761,"column":24},"end":{"line":763,"column":37}},"line":761},"45":{"name":"(anonymous_45)","decl":{"start":{"line":827,"column":30},"end":{"line":827,"column":31}},"loc":{"start":{"line":827,"column":37},"end":{"line":827,"column":95}},"line":827},"46":{"name":"(anonymous_46)","decl":{"start":{"line":837,"column":30},"end":{"line":837,"column":31}},"loc":{"start":{"line":837,"column":37},"end":{"line":837,"column":94}},"line":837},"47":{"name":"(anonymous_47)","decl":{"start":{"line":847,"column":30},"end":{"line":847,"column":31}},"loc":{"start":{"line":847,"column":37},"end":{"line":847,"column":97}},"line":847},"48":{"name":"(anonymous_48)","decl":{"start":{"line":857,"column":30},"end":{"line":857,"column":31}},"loc":{"start":{"line":857,"column":37},"end":{"line":857,"column":96}},"line":857},"49":{"name":"(anonymous_49)","decl":{"start":{"line":868,"column":30},"end":{"line":868,"column":31}},"loc":{"start":{"line":868,"column":37},"end":{"line":868,"column":97}},"line":868},"50":{"name":"(anonymous_50)","decl":{"start":{"line":926,"column":59},"end":{"line":926,"column":60}},"loc":{"start":{"line":927,"column":24},"end":{"line":929,"column":37}},"line":927}},"branchMap":{"0":{"loc":{"start":{"line":114,"column":19},"end":{"line":114,"column":88}},"type":"binary-expr","locations":[{"start":{"line":114,"column":19},"end":{"line":114,"column":47}},{"start":{"line":114,"column":51},"end":{"line":114,"column":64}},{"start":{"line":114,"column":68},"end":{"line":114,"column":88}}],"line":114},"1":{"loc":{"start":{"line":130,"column":4},"end":{"line":132,"column":5}},"type":"if","locations":[{"start":{"line":130,"column":4},"end":{"line":132,"column":5}},{"start":{},"end":{}}],"line":130},"2":{"loc":{"start":{"line":153,"column":23},"end":{"line":153,"column":54}},"type":"binary-expr","locations":[{"start":{"line":153,"column":23},"end":{"line":153,"column":32}},{"start":{"line":153,"column":36},"end":{"line":153,"column":42}},{"start":{"line":153,"column":46},"end":{"line":153,"column":54}}],"line":153},"3":{"loc":{"start":{"line":159,"column":24},"end":{"line":159,"column":93}},"type":"binary-expr","locations":[{"start":{"line":159,"column":24},"end":{"line":159,"column":52}},{"start":{"line":159,"column":56},"end":{"line":159,"column":69}},{"start":{"line":159,"column":73},"end":{"line":159,"column":93}}],"line":159},"4":{"loc":{"start":{"line":187,"column":23},"end":{"line":187,"column":92}},"type":"binary-expr","locations":[{"start":{"line":187,"column":23},"end":{"line":187,"column":51}},{"start":{"line":187,"column":55},"end":{"line":187,"column":68}},{"start":{"line":187,"column":72},"end":{"line":187,"column":92}}],"line":187},"5":{"loc":{"start":{"line":214,"column":23},"end":{"line":214,"column":92}},"type":"binary-expr","locations":[{"start":{"line":214,"column":23},"end":{"line":214,"column":51}},{"start":{"line":214,"column":55},"end":{"line":214,"column":68}},{"start":{"line":214,"column":72},"end":{"line":214,"column":92}}],"line":214},"6":{"loc":{"start":{"line":222,"column":4},"end":{"line":222,"column":57}},"type":"if","locations":[{"start":{"line":222,"column":4},"end":{"line":222,"column":57}},{"start":{},"end":{}}],"line":222},"7":{"loc":{"start":{"line":223,"column":4},"end":{"line":223,"column":54}},"type":"if","locations":[{"start":{"line":223,"column":4},"end":{"line":223,"column":54}},{"start":{},"end":{}}],"line":223},"8":{"loc":{"start":{"line":224,"column":4},"end":{"line":224,"column":55}},"type":"if","locations":[{"start":{"line":224,"column":4},"end":{"line":224,"column":55}},{"start":{},"end":{}}],"line":224},"9":{"loc":{"start":{"line":225,"column":4},"end":{"line":225,"column":53}},"type":"if","locations":[{"start":{"line":225,"column":4},"end":{"line":225,"column":53}},{"start":{},"end":{}}],"line":225},"10":{"loc":{"start":{"line":342,"column":15},"end":{"line":346,"column":15}},"type":"binary-expr","locations":[{"start":{"line":342,"column":15},"end":{"line":342,"column":24}},{"start":{"line":343,"column":16},"end":{"line":345,"column":24}}],"line":342},"11":{"loc":{"start":{"line":348,"column":15},"end":{"line":389,"column":15}},"type":"binary-expr","locations":[{"start":{"line":348,"column":15},"end":{"line":348,"column":26}},{"start":{"line":349,"column":16},"end":{"line":388,"column":22}}],"line":348},"12":{"loc":{"start":{"line":378,"column":19},"end":{"line":387,"column":19}},"type":"binary-expr","locations":[{"start":{"line":378,"column":19},"end":{"line":378,"column":46}},{"start":{"line":378,"column":50},"end":{"line":378,"column":88}},{"start":{"line":379,"column":20},"end":{"line":386,"column":26}}],"line":378},"13":{"loc":{"start":{"line":396,"column":27},"end":{"line":396,"column":88}},"type":"cond-expr","locations":[{"start":{"line":396,"column":41},"end":{"line":396,"column":71}},{"start":{"line":396,"column":74},"end":{"line":396,"column":88}}],"line":396},"14":{"loc":{"start":{"line":407,"column":17},"end":{"line":407,"column":81}},"type":"cond-expr","locations":[{"start":{"line":407,"column":31},"end":{"line":407,"column":47}},{"start":{"line":407,"column":50},"end":{"line":407,"column":81}}],"line":407},"15":{"loc":{"start":{"line":520,"column":15},"end":{"line":524,"column":15}},"type":"binary-expr","locations":[{"start":{"line":520,"column":15},"end":{"line":520,"column":29}},{"start":{"line":521,"column":16},"end":{"line":523,"column":24}}],"line":520},"16":{"loc":{"start":{"line":526,"column":15},"end":{"line":582,"column":15}},"type":"binary-expr","locations":[{"start":{"line":526,"column":15},"end":{"line":526,"column":31}},{"start":{"line":527,"column":16},"end":{"line":581,"column":22}}],"line":526},"17":{"loc":{"start":{"line":560,"column":19},"end":{"line":569,"column":19}},"type":"binary-expr","locations":[{"start":{"line":560,"column":19},"end":{"line":560,"column":54}},{"start":{"line":561,"column":20},"end":{"line":568,"column":26}}],"line":560},"18":{"loc":{"start":{"line":565,"column":38},"end":{"line":565,"column":59}},"type":"cond-expr","locations":[{"start":{"line":565,"column":51},"end":{"line":565,"column":54}},{"start":{"line":565,"column":57},"end":{"line":565,"column":59}}],"line":565},"19":{"loc":{"start":{"line":571,"column":19},"end":{"line":580,"column":19}},"type":"binary-expr","locations":[{"start":{"line":571,"column":19},"end":{"line":571,"column":51}},{"start":{"line":571,"column":55},"end":{"line":571,"column":98}},{"start":{"line":572,"column":20},"end":{"line":579,"column":26}}],"line":571},"20":{"loc":{"start":{"line":589,"column":27},"end":{"line":589,"column":91}},"type":"cond-expr","locations":[{"start":{"line":589,"column":46},"end":{"line":589,"column":76}},{"start":{"line":589,"column":79},"end":{"line":589,"column":91}}],"line":589},"21":{"loc":{"start":{"line":600,"column":17},"end":{"line":600,"column":80}},"type":"cond-expr","locations":[{"start":{"line":600,"column":36},"end":{"line":600,"column":52}},{"start":{"line":600,"column":55},"end":{"line":600,"column":80}}],"line":600},"22":{"loc":{"start":{"line":699,"column":15},"end":{"line":703,"column":15}},"type":"binary-expr","locations":[{"start":{"line":699,"column":15},"end":{"line":699,"column":28}},{"start":{"line":700,"column":16},"end":{"line":702,"column":24}}],"line":699},"23":{"loc":{"start":{"line":705,"column":15},"end":{"line":768,"column":15}},"type":"binary-expr","locations":[{"start":{"line":705,"column":15},"end":{"line":705,"column":30}},{"start":{"line":706,"column":16},"end":{"line":767,"column":22}}],"line":705},"24":{"loc":{"start":{"line":733,"column":19},"end":{"line":755,"column":19}},"type":"binary-expr","locations":[{"start":{"line":733,"column":19},"end":{"line":733,"column":54}},{"start":{"line":734,"column":20},"end":{"line":754,"column":26}}],"line":733},"25":{"loc":{"start":{"line":757,"column":19},"end":{"line":766,"column":19}},"type":"binary-expr","locations":[{"start":{"line":757,"column":19},"end":{"line":757,"column":50}},{"start":{"line":757,"column":54},"end":{"line":757,"column":96}},{"start":{"line":758,"column":20},"end":{"line":765,"column":26}}],"line":757},"26":{"loc":{"start":{"line":775,"column":27},"end":{"line":775,"column":87}},"type":"cond-expr","locations":[{"start":{"line":775,"column":45},"end":{"line":775,"column":75}},{"start":{"line":775,"column":78},"end":{"line":775,"column":87}}],"line":775},"27":{"loc":{"start":{"line":786,"column":17},"end":{"line":786,"column":78}},"type":"cond-expr","locations":[{"start":{"line":786,"column":35},"end":{"line":786,"column":51}},{"start":{"line":786,"column":54},"end":{"line":786,"column":78}}],"line":786},"28":{"loc":{"start":{"line":875,"column":15},"end":{"line":879,"column":15}},"type":"binary-expr","locations":[{"start":{"line":875,"column":15},"end":{"line":875,"column":28}},{"start":{"line":876,"column":16},"end":{"line":878,"column":24}}],"line":875},"29":{"loc":{"start":{"line":881,"column":15},"end":{"line":934,"column":15}},"type":"binary-expr","locations":[{"start":{"line":881,"column":15},"end":{"line":881,"column":30}},{"start":{"line":882,"column":16},"end":{"line":933,"column":22}}],"line":881},"30":{"loc":{"start":{"line":902,"column":33},"end":{"line":903,"column":106}},"type":"cond-expr","locations":[{"start":{"line":902,"column":84},"end":{"line":902,"column":93}},{"start":{"line":903,"column":33},"end":{"line":903,"column":106}}],"line":902},"31":{"loc":{"start":{"line":903,"column":33},"end":{"line":903,"column":106}},"type":"cond-expr","locations":[{"start":{"line":903,"column":88},"end":{"line":903,"column":94}},{"start":{"line":903,"column":97},"end":{"line":903,"column":106}}],"line":903},"32":{"loc":{"start":{"line":923,"column":19},"end":{"line":932,"column":19}},"type":"binary-expr","locations":[{"start":{"line":923,"column":19},"end":{"line":923,"column":50}},{"start":{"line":923,"column":54},"end":{"line":923,"column":96}},{"start":{"line":924,"column":20},"end":{"line":931,"column":26}}],"line":923},"33":{"loc":{"start":{"line":941,"column":27},"end":{"line":941,"column":87}},"type":"cond-expr","locations":[{"start":{"line":941,"column":45},"end":{"line":941,"column":75}},{"start":{"line":941,"column":78},"end":{"line":941,"column":87}}],"line":941},"34":{"loc":{"start":{"line":952,"column":17},"end":{"line":952,"column":80}},"type":"cond-expr","locations":[{"start":{"line":952,"column":35},"end":{"line":952,"column":51}},{"start":{"line":952,"column":54},"end":{"line":952,"column":80}}],"line":952}},"s":{"0":2,"1":189,"2":189,"3":189,"4":189,"5":189,"6":189,"7":189,"8":189,"9":189,"10":189,"11":189,"12":189,"13":189,"14":189,"15":189,"16":189,"17":189,"18":189,"19":18,"20":18,"21":189,"22":11,"23":11,"24":11,"25":11,"26":11,"27":0,"28":11,"29":11,"30":189,"31":17,"32":17,"33":189,"34":15,"35":189,"36":8,"37":8,"38":30,"39":189,"40":8,"41":8,"42":8,"43":189,"44":11,"45":11,"46":11,"47":11,"48":27,"49":27,"50":11,"51":0,"52":11,"53":11,"54":189,"55":14,"56":14,"57":189,"58":10,"59":10,"60":10,"61":10,"62":10,"63":0,"64":10,"65":10,"66":189,"67":14,"68":14,"69":189,"70":10,"71":10,"72":10,"73":10,"74":10,"75":0,"76":10,"77":10,"78":189,"79":0,"80":0,"81":0,"82":0,"83":0,"84":0,"85":0,"86":0,"87":0,"88":189,"89":8,"90":1,"91":1,"92":1,"93":3,"94":2,"95":2,"96":0,"97":8,"98":4,"99":2,"100":3,"101":443,"102":8,"103":8,"104":0,"105":0,"106":6,"107":1,"108":1,"109":2,"110":2,"111":2,"112":0,"113":0,"114":7,"115":1,"116":1,"117":3,"118":2,"119":0},"f":{"0":189,"1":18,"2":18,"3":11,"4":17,"5":17,"6":15,"7":8,"8":30,"9":8,"10":11,"11":27,"12":27,"13":14,"14":14,"15":10,"16":14,"17":14,"18":10,"19":0,"20":8,"21":1,"22":1,"23":1,"24":3,"25":2,"26":2,"27":0,"28":8,"29":4,"30":2,"31":3,"32":443,"33":8,"34":8,"35":0,"36":0,"37":6,"38":1,"39":1,"40":2,"41":2,"42":2,"43":0,"44":0,"45":7,"46":1,"47":1,"48":3,"49":2,"50":0},"b":{"0":[11,11,0],"1":[8,0],"2":[27,23,22],"3":[11,11,0],"4":[10,10,0],"5":[10,10,0],"6":[0,0],"7":[0,0],"8":[0,0],"9":[0,0],"10":[189,38],"11":[189,0],"12":[0,0,0],"13":[0,189],"14":[0,189],"15":[189,29],"16":[189,0],"17":[0,0],"18":[0,0],"19":[0,0,0],"20":[0,189],"21":[0,189],"22":[189,19],"23":[189,0],"24":[0,0],"25":[0,0,0],"26":[0,189],"27":[0,189],"28":[189,10],"29":[189,0],"30":[0,0],"31":[0,0],"32":[0,0,0],"33":[0,189],"34":[0,189]},"_coverageSchema":"1a1c01bbd47fc00a2c39e90264f33305004495a9","hash":"4e40bbf0c5c8a55ae481b778a57e575ca8806807"}
,"/Users/nfb/Code/conservation-biology-toolkit/frontend/src/pages/ConservationPlanning.js": {"path":"/Users/nfb/Code/conservation-biology-toolkit/frontend/src/pages/ConservationPlanning.js","statementMap":{"0":{"start":{"line":37,"column":29},"end":{"line":1189,"column":1}},"1":{"start":{"line":39,"column":44},"end":{"line":43,"column":4}},"2":{"start":{"line":44,"column":48},"end":{"line":49,"column":4}},"3":{"start":{"line":50,"column":48},"end":{"line":50,"column":62}},"4":{"start":{"line":51,"column":48},"end":{"line":51,"column":63}},"5":{"start":{"line":52,"column":44},"end":{"line":52,"column":56}},"6":{"start":{"line":55,"column":32},"end":{"line":59,"column":4}},"7":{"start":{"line":60,"column":58},"end":{"line":64,"column":4}},"8":{"start":{"line":65,"column":44},"end":{"line":65,"column":58}},"9":{"start":{"line":66,"column":44},"end":{"line":66,"column":59}},"10":{"start":{"line":67,"column":40},"end":{"line":67,"column":52}},"11":{"start":{"line":70,"column":32},"end":{"line":74,"column":4}},"12":{"start":{"line":75,"column":30},"end":{"line":75,"column":48}},"13":{"start":{"line":76,"column":40},"end":{"line":76,"column":54}},"14":{"start":{"line":77,"column":40},"end":{"line":77,"column":55}},"15":{"start":{"line":78,"column":36},"end":{"line":78,"column":48}},"16":{"start":{"line":81,"column":42},"end":{"line":86,"column":4}},"17":{"start":{"line":87,"column":46},"end":{"line":91,"column":4}},"18":{"start":{"line":92,"column":44},"end":{"line":92,"column":61}},"19":{"start":{"line":93,"column":46},"end":{"line":93,"column":60}},"20":{"start":{"line":94,"column":46},"end":{"line":94,"column":61}},"21":{"start":{"line":95,"column":42},"end":{"line":95,"column":54}},"22":{"start":{"line":98,"column":26},"end":{"line":100,"column":3}},"23":{"start":{"line":99,"column":4},"end":{"line":99,"column":124}},"24":{"start":{"line":102,"column":29},"end":{"line":106,"column":3}},"25":{"start":{"line":103,"column":4},"end":{"line":105,"column":5}},"26":{"start":{"line":104,"column":6},"end":{"line":104,"column":68}},"27":{"start":{"line":104,"column":54},"end":{"line":104,"column":65}},"28":{"start":{"line":108,"column":29},"end":{"line":112,"column":3}},"29":{"start":{"line":109,"column":20},"end":{"line":109,"column":38}},"30":{"start":{"line":110,"column":4},"end":{"line":110,"column":34}},"31":{"start":{"line":111,"column":4},"end":{"line":111,"column":30}},"32":{"start":{"line":114,"column":31},"end":{"line":116,"column":3}},"33":{"start":{"line":115,"column":4},"end":{"line":115,"column":66}},"34":{"start":{"line":115,"column":32},"end":{"line":115,"column":63}},"35":{"start":{"line":118,"column":26},"end":{"line":149,"column":3}},"36":{"start":{"line":119,"column":4},"end":{"line":119,"column":29}},"37":{"start":{"line":120,"column":4},"end":{"line":120,"column":25}},"38":{"start":{"line":122,"column":4},"end":{"line":148,"column":5}},"39":{"start":{"line":124,"column":26},"end":{"line":124,"column":87}},"40":{"start":{"line":124,"column":76},"end":{"line":124,"column":83}},"41":{"start":{"line":125,"column":32},"end":{"line":125,"column":34}},"42":{"start":{"line":126,"column":6},"end":{"line":128,"column":9}},"43":{"start":{"line":127,"column":8},"end":{"line":127,"column":68}},"44":{"start":{"line":130,"column":20},"end":{"line":136,"column":9}},"45":{"start":{"line":130,"column":47},"end":{"line":136,"column":7}},"46":{"start":{"line":138,"column":23},"end":{"line":141,"column":8}},"47":{"start":{"line":143,"column":6},"end":{"line":143,"column":40}},"48":{"start":{"line":145,"column":6},"end":{"line":145,"column":91}},"49":{"start":{"line":147,"column":6},"end":{"line":147,"column":32}},"50":{"start":{"line":152,"column":20},"end":{"line":154,"column":3}},"51":{"start":{"line":153,"column":4},"end":{"line":153,"column":90}},"52":{"start":{"line":156,"column":23},"end":{"line":160,"column":3}},"53":{"start":{"line":157,"column":4},"end":{"line":159,"column":5}},"54":{"start":{"line":158,"column":6},"end":{"line":158,"column":56}},"55":{"start":{"line":158,"column":42},"end":{"line":158,"column":53}},"56":{"start":{"line":162,"column":23},"end":{"line":166,"column":3}},"57":{"start":{"line":163,"column":20},"end":{"line":163,"column":32}},"58":{"start":{"line":164,"column":4},"end":{"line":164,"column":34}},"59":{"start":{"line":165,"column":4},"end":{"line":165,"column":24}},"60":{"start":{"line":168,"column":34},"end":{"line":170,"column":3}},"61":{"start":{"line":169,"column":4},"end":{"line":169,"column":94}},"62":{"start":{"line":172,"column":37},"end":{"line":176,"column":3}},"63":{"start":{"line":173,"column":4},"end":{"line":175,"column":5}},"64":{"start":{"line":174,"column":6},"end":{"line":174,"column":82}},"65":{"start":{"line":174,"column":68},"end":{"line":174,"column":79}},"66":{"start":{"line":178,"column":37},"end":{"line":182,"column":3}},"67":{"start":{"line":179,"column":20},"end":{"line":179,"column":45}},"68":{"start":{"line":180,"column":4},"end":{"line":180,"column":34}},"69":{"start":{"line":181,"column":4},"end":{"line":181,"column":37}},"70":{"start":{"line":184,"column":24},"end":{"line":214,"column":3}},"71":{"start":{"line":185,"column":4},"end":{"line":185,"column":27}},"72":{"start":{"line":186,"column":4},"end":{"line":186,"column":23}},"73":{"start":{"line":188,"column":4},"end":{"line":213,"column":5}},"74":{"start":{"line":189,"column":25},"end":{"line":194,"column":9}},"75":{"start":{"line":189,"column":48},"end":{"line":194,"column":7}},"76":{"start":{"line":196,"column":32},"end":{"line":196,"column":34}},"77":{"start":{"line":197,"column":6},"end":{"line":201,"column":9}},"78":{"start":{"line":198,"column":8},"end":{"line":200,"column":9}},"79":{"start":{"line":199,"column":10},"end":{"line":199,"column":76}},"80":{"start":{"line":203,"column":23},"end":{"line":206,"column":8}},"81":{"start":{"line":208,"column":6},"end":{"line":208,"column":38}},"82":{"start":{"line":210,"column":6},"end":{"line":210,"column":89}},"83":{"start":{"line":212,"column":6},"end":{"line":212,"column":30}},"84":{"start":{"line":217,"column":20},"end":{"line":219,"column":3}},"85":{"start":{"line":218,"column":4},"end":{"line":218,"column":76}},"86":{"start":{"line":221,"column":23},"end":{"line":225,"column":3}},"87":{"start":{"line":222,"column":4},"end":{"line":224,"column":5}},"88":{"start":{"line":223,"column":6},"end":{"line":223,"column":56}},"89":{"start":{"line":223,"column":42},"end":{"line":223,"column":53}},"90":{"start":{"line":227,"column":23},"end":{"line":231,"column":3}},"91":{"start":{"line":228,"column":20},"end":{"line":228,"column":32}},"92":{"start":{"line":229,"column":4},"end":{"line":229,"column":34}},"93":{"start":{"line":230,"column":4},"end":{"line":230,"column":24}},"94":{"start":{"line":233,"column":35},"end":{"line":255,"column":3}},"95":{"start":{"line":234,"column":4},"end":{"line":234,"column":25}},"96":{"start":{"line":235,"column":4},"end":{"line":235,"column":21}},"97":{"start":{"line":237,"column":4},"end":{"line":254,"column":5}},"98":{"start":{"line":238,"column":25},"end":{"line":242,"column":9}},"99":{"start":{"line":238,"column":48},"end":{"line":242,"column":7}},"100":{"start":{"line":244,"column":23},"end":{"line":247,"column":8}},"101":{"start":{"line":249,"column":6},"end":{"line":249,"column":36}},"102":{"start":{"line":251,"column":6},"end":{"line":251,"column":87}},"103":{"start":{"line":253,"column":6},"end":{"line":253,"column":28}},"104":{"start":{"line":258,"column":25},"end":{"line":260,"column":3}},"105":{"start":{"line":259,"column":4},"end":{"line":259,"column":81}},"106":{"start":{"line":262,"column":28},"end":{"line":266,"column":3}},"107":{"start":{"line":263,"column":4},"end":{"line":265,"column":5}},"108":{"start":{"line":264,"column":6},"end":{"line":264,"column":66}},"109":{"start":{"line":264,"column":52},"end":{"line":264,"column":63}},"110":{"start":{"line":268,"column":28},"end":{"line":272,"column":3}},"111":{"start":{"line":269,"column":20},"end":{"line":269,"column":37}},"112":{"start":{"line":270,"column":4},"end":{"line":270,"column":34}},"113":{"start":{"line":271,"column":4},"end":{"line":271,"column":29}},"114":{"start":{"line":274,"column":27},"end":{"line":276,"column":3}},"115":{"start":{"line":275,"column":4},"end":{"line":275,"column":73}},"116":{"start":{"line":278,"column":30},"end":{"line":282,"column":3}},"117":{"start":{"line":279,"column":4},"end":{"line":281,"column":5}},"118":{"start":{"line":280,"column":6},"end":{"line":280,"column":70}},"119":{"start":{"line":280,"column":56},"end":{"line":280,"column":67}},"120":{"start":{"line":284,"column":30},"end":{"line":288,"column":3}},"121":{"start":{"line":285,"column":20},"end":{"line":285,"column":39}},"122":{"start":{"line":286,"column":4},"end":{"line":286,"column":34}},"123":{"start":{"line":287,"column":4},"end":{"line":287,"column":31}},"124":{"start":{"line":290,"column":34},"end":{"line":325,"column":3}},"125":{"start":{"line":291,"column":4},"end":{"line":291,"column":28}},"126":{"start":{"line":292,"column":4},"end":{"line":292,"column":24}},"127":{"start":{"line":294,"column":4},"end":{"line":324,"column":5}},"128":{"start":{"line":295,"column":23},"end":{"line":299,"column":9}},"129":{"start":{"line":295,"column":49},"end":{"line":299,"column":7}},"130":{"start":{"line":298,"column":65},"end":{"line":298,"column":73}},"131":{"start":{"line":298,"column":87},"end":{"line":298,"column":88}},"132":{"start":{"line":301,"column":25},"end":{"line":301,"column":27}},"133":{"start":{"line":302,"column":6},"end":{"line":306,"column":9}},"134":{"start":{"line":303,"column":8},"end":{"line":305,"column":9}},"135":{"start":{"line":304,"column":10},"end":{"line":304,"column":60}},"136":{"start":{"line":308,"column":22},"end":{"line":311,"column":7}},"137":{"start":{"line":313,"column":6},"end":{"line":315,"column":7}},"138":{"start":{"line":314,"column":8},"end":{"line":314,"column":57}},"139":{"start":{"line":317,"column":23},"end":{"line":317,"column":102}},"140":{"start":{"line":319,"column":6},"end":{"line":319,"column":39}},"141":{"start":{"line":321,"column":6},"end":{"line":321,"column":90}},"142":{"start":{"line":323,"column":6},"end":{"line":323,"column":31}},"143":{"start":{"line":328,"column":27},"end":{"line":333,"column":3}},"144":{"start":{"line":329,"column":4},"end":{"line":329,"column":39}},"145":{"start":{"line":329,"column":22},"end":{"line":329,"column":39}},"146":{"start":{"line":330,"column":4},"end":{"line":330,"column":36}},"147":{"start":{"line":330,"column":22},"end":{"line":330,"column":36}},"148":{"start":{"line":331,"column":4},"end":{"line":331,"column":39}},"149":{"start":{"line":331,"column":22},"end":{"line":331,"column":39}},"150":{"start":{"line":332,"column":4},"end":{"line":332,"column":19}},"151":{"start":{"line":335,"column":23},"end":{"line":341,"column":3}},"152":{"start":{"line":336,"column":4},"end":{"line":336,"column":57}},"153":{"start":{"line":336,"column":42},"end":{"line":336,"column":57}},"154":{"start":{"line":337,"column":4},"end":{"line":337,"column":54}},"155":{"start":{"line":337,"column":37},"end":{"line":337,"column":54}},"156":{"start":{"line":338,"column":4},"end":{"line":338,"column":55}},"157":{"start":{"line":338,"column":41},"end":{"line":338,"column":55}},"158":{"start":{"line":339,"column":4},"end":{"line":339,"column":53}},"159":{"start":{"line":339,"column":36},"end":{"line":339,"column":53}},"160":{"start":{"line":340,"column":4},"end":{"line":340,"column":21}},"161":{"start":{"line":343,"column":2},"end":{"line":1188,"column":4}},"162":{"start":{"line":387,"column":16},"end":{"line":452,"column":22}},"163":{"start":{"line":394,"column":41},"end":{"line":394,"column":90}},"164":{"start":{"line":404,"column":41},"end":{"line":404,"column":98}},"165":{"start":{"line":415,"column":41},"end":{"line":415,"column":92}},"166":{"start":{"line":426,"column":41},"end":{"line":426,"column":97}},"167":{"start":{"line":437,"column":41},"end":{"line":437,"column":90}},"168":{"start":{"line":443,"column":39},"end":{"line":443,"column":64}},"169":{"start":{"line":470,"column":18},"end":{"line":482,"column":25}},"170":{"start":{"line":476,"column":46},"end":{"line":476,"column":84}},"171":{"start":{"line":507,"column":26},"end":{"line":519,"column":37}},"172":{"start":{"line":529,"column":24},"end":{"line":531,"column":37}},"173":{"start":{"line":592,"column":16},"end":{"line":647,"column":22}},"174":{"start":{"line":599,"column":41},"end":{"line":599,"column":84}},"175":{"start":{"line":609,"column":41},"end":{"line":609,"column":88}},"176":{"start":{"line":620,"column":41},"end":{"line":620,"column":85}},"177":{"start":{"line":631,"column":41},"end":{"line":631,"column":87}},"178":{"start":{"line":638,"column":39},"end":{"line":638,"column":58}},"179":{"start":{"line":664,"column":16},"end":{"line":689,"column":22}},"180":{"start":{"line":669,"column":37},"end":{"line":669,"column":97}},"181":{"start":{"line":677,"column":37},"end":{"line":677,"column":103}},"182":{"start":{"line":682,"column":35},"end":{"line":682,"column":68}},"183":{"start":{"line":723,"column":20},"end":{"line":723,"column":77}},"184":{"start":{"line":730,"column":24},"end":{"line":732,"column":37}},"185":{"start":{"line":794,"column":33},"end":{"line":794,"column":58}},"186":{"start":{"line":803,"column":16},"end":{"line":845,"column":22}},"187":{"start":{"line":810,"column":41},"end":{"line":810,"column":84}},"188":{"start":{"line":820,"column":41},"end":{"line":820,"column":84}},"189":{"start":{"line":830,"column":41},"end":{"line":830,"column":87}},"190":{"start":{"line":836,"column":39},"end":{"line":836,"column":58}},"191":{"start":{"line":907,"column":26},"end":{"line":912,"column":37}},"192":{"start":{"line":922,"column":24},"end":{"line":924,"column":37}},"193":{"start":{"line":986,"column":33},"end":{"line":986,"column":65}},"194":{"start":{"line":995,"column":16},"end":{"line":1036,"column":22}},"195":{"start":{"line":1002,"column":41},"end":{"line":1002,"column":89}},"196":{"start":{"line":1012,"column":41},"end":{"line":1012,"column":89}},"197":{"start":{"line":1021,"column":41},"end":{"line":1021,"column":92}},"198":{"start":{"line":1027,"column":39},"end":{"line":1027,"column":63}},"199":{"start":{"line":1053,"column":16},"end":{"line":1078,"column":22}},"200":{"start":{"line":1058,"column":37},"end":{"line":1058,"column":90}},"201":{"start":{"line":1066,"column":37},"end":{"line":1066,"column":89}},"202":{"start":{"line":1071,"column":35},"end":{"line":1071,"column":61}},"203":{"start":{"line":1139,"column":26},"end":{"line":1144,"column":37}},"204":{"start":{"line":1154,"column":24},"end":{"line":1156,"column":37}}},"fnMap":{"0":{"name":"(anonymous_0)","decl":{"start":{"line":37,"column":29},"end":{"line":37,"column":30}},"loc":{"start":{"line":37,"column":35},"end":{"line":1189,"column":1}},"line":37},"1":{"name":"(anonymous_1)","decl":{"start":{"line":98,"column":26},"end":{"line":98,"column":27}},"loc":{"start":{"line":98,"column":32},"end":{"line":100,"column":3}},"line":98},"2":{"name":"(anonymous_2)","decl":{"start":{"line":102,"column":29},"end":{"line":102,"column":30}},"loc":{"start":{"line":102,"column":40},"end":{"line":106,"column":3}},"line":102},"3":{"name":"(anonymous_3)","decl":{"start":{"line":104,"column":44},"end":{"line":104,"column":45}},"loc":{"start":{"line":104,"column":54},"end":{"line":104,"column":65}},"line":104},"4":{"name":"(anonymous_4)","decl":{"start":{"line":108,"column":29},"end":{"line":108,"column":30}},"loc":{"start":{"line":108,"column":54},"end":{"line":112,"column":3}},"line":108},"5":{"name":"(anonymous_5)","decl":{"start":{"line":114,"column":31},"end":{"line":114,"column":32}},"loc":{"start":{"line":114,"column":53},"end":{"line":116,"column":3}},"line":114},"6":{"name":"(anonymous_6)","decl":{"start":{"line":115,"column":23},"end":{"line":115,"column":24}},"loc":{"start":{"line":115,"column":32},"end":{"line":115,"column":63}},"line":115},"7":{"name":"(anonymous_7)","decl":{"start":{"line":118,"column":26},"end":{"line":118,"column":27}},"loc":{"start":{"line":118,"column":38},"end":{"line":149,"column":3}},"line":118},"8":{"name":"(anonymous_8)","decl":{"start":{"line":124,"column":64},"end":{"line":124,"column":65}},"loc":{"start":{"line":124,"column":76},"end":{"line":124,"column":83}},"line":124},"9":{"name":"(anonymous_9)","decl":{"start":{"line":126,"column":43},"end":{"line":126,"column":44}},"loc":{"start":{"line":126,"column":50},"end":{"line":128,"column":7}},"line":126},"10":{"name":"(anonymous_10)","decl":{"start":{"line":130,"column":38},"end":{"line":130,"column":39}},"loc":{"start":{"line":130,"column":47},"end":{"line":136,"column":7}},"line":130},"11":{"name":"(anonymous_11)","decl":{"start":{"line":152,"column":20},"end":{"line":152,"column":21}},"loc":{"start":{"line":152,"column":26},"end":{"line":154,"column":3}},"line":152},"12":{"name":"(anonymous_12)","decl":{"start":{"line":156,"column":23},"end":{"line":156,"column":24}},"loc":{"start":{"line":156,"column":34},"end":{"line":160,"column":3}},"line":156},"13":{"name":"(anonymous_13)","decl":{"start":{"line":158,"column":32},"end":{"line":158,"column":33}},"loc":{"start":{"line":158,"column":42},"end":{"line":158,"column":53}},"line":158},"14":{"name":"(anonymous_14)","decl":{"start":{"line":162,"column":23},"end":{"line":162,"column":24}},"loc":{"start":{"line":162,"column":48},"end":{"line":166,"column":3}},"line":162},"15":{"name":"(anonymous_15)","decl":{"start":{"line":168,"column":34},"end":{"line":168,"column":35}},"loc":{"start":{"line":168,"column":40},"end":{"line":170,"column":3}},"line":168},"16":{"name":"(anonymous_16)","decl":{"start":{"line":172,"column":37},"end":{"line":172,"column":38}},"loc":{"start":{"line":172,"column":48},"end":{"line":176,"column":3}},"line":172},"17":{"name":"(anonymous_17)","decl":{"start":{"line":174,"column":58},"end":{"line":174,"column":59}},"loc":{"start":{"line":174,"column":68},"end":{"line":174,"column":79}},"line":174},"18":{"name":"(anonymous_18)","decl":{"start":{"line":178,"column":37},"end":{"line":178,"column":38}},"loc":{"start":{"line":178,"column":62},"end":{"line":182,"column":3}},"line":178},"19":{"name":"(anonymous_19)","decl":{"start":{"line":184,"column":24},"end":{"line":184,"column":25}},"loc":{"start":{"line":184,"column":36},"end":{"line":214,"column":3}},"line":184},"20":{"name":"(anonymous_20)","decl":{"start":{"line":189,"column":37},"end":{"line":189,"column":38}},"loc":{"start":{"line":189,"column":48},"end":{"line":194,"column":7}},"line":189},"21":{"name":"(anonymous_21)","decl":{"start":{"line":197,"column":35},"end":{"line":197,"column":36}},"loc":{"start":{"line":197,"column":41},"end":{"line":201,"column":7}},"line":197},"22":{"name":"(anonymous_22)","decl":{"start":{"line":217,"column":20},"end":{"line":217,"column":21}},"loc":{"start":{"line":217,"column":26},"end":{"line":219,"column":3}},"line":217},"23":{"name":"(anonymous_23)","decl":{"start":{"line":221,"column":23},"end":{"line":221,"column":24}},"loc":{"start":{"line":221,"column":34},"end":{"line":225,"column":3}},"line":221},"24":{"name":"(anonymous_24)","decl":{"start":{"line":223,"column":32},"end":{"line":223,"column":33}},"loc":{"start":{"line":223,"column":42},"end":{"line":223,"column":53}},"line":223},"25":{"name":"(anonymous_25)","decl":{"start":{"line":227,"column":23},"end":{"line":227,"column":24}},"loc":{"start":{"line":227,"column":48},"end":{"line":231,"column":3}},"line":227},"26":{"name":"(anonymous_26)","decl":{"start":{"line":233,"column":35},"end":{"line":233,"column":36}},"loc":{"start":{"line":233,"column":47},"end":{"line":255,"column":3}},"line":233},"27":{"name":"(anonymous_27)","decl":{"start":{"line":238,"column":37},"end":{"line":238,"column":38}},"loc":{"start":{"line":238,"column":48},"end":{"line":242,"column":7}},"line":238},"28":{"name":"(anonymous_28)","decl":{"start":{"line":258,"column":25},"end":{"line":258,"column":26}},"loc":{"start":{"line":258,"column":31},"end":{"line":260,"column":3}},"line":258},"29":{"name":"(anonymous_29)","decl":{"start":{"line":262,"column":28},"end":{"line":262,"column":29}},"loc":{"start":{"line":262,"column":39},"end":{"line":266,"column":3}},"line":262},"30":{"name":"(anonymous_30)","decl":{"start":{"line":264,"column":42},"end":{"line":264,"column":43}},"loc":{"start":{"line":264,"column":52},"end":{"line":264,"column":63}},"line":264},"31":{"name":"(anonymous_31)","decl":{"start":{"line":268,"column":28},"end":{"line":268,"column":29}},"loc":{"start":{"line":268,"column":53},"end":{"line":272,"column":3}},"line":268},"32":{"name":"(anonymous_32)","decl":{"start":{"line":274,"column":27},"end":{"line":274,"column":28}},"loc":{"start":{"line":274,"column":33},"end":{"line":276,"column":3}},"line":274},"33":{"name":"(anonymous_33)","decl":{"start":{"line":278,"column":30},"end":{"line":278,"column":31}},"loc":{"start":{"line":278,"column":41},"end":{"line":282,"column":3}},"line":278},"34":{"name":"(anonymous_34)","decl":{"start":{"line":280,"column":46},"end":{"line":280,"column":47}},"loc":{"start":{"line":280,"column":56},"end":{"line":280,"column":67}},"line":280},"35":{"name":"(anonymous_35)","decl":{"start":{"line":284,"column":30},"end":{"line":284,"column":31}},"loc":{"start":{"line":284,"column":55},"end":{"line":288,"column":3}},"line":284},"36":{"name":"(anonymous_36)","decl":{"start":{"line":290,"column":34},"end":{"line":290,"column":35}},"loc":{"start":{"line":290,"column":46},"end":{"line":325,"column":3}},"line":290},"37":{"name":"(anonymous_37)","decl":{"start":{"line":295,"column":40},"end":{"line":295,"column":41}},"loc":{"start":{"line":295,"column":49},"end":{"line":299,"column":7}},"line":295},"38":{"name":"(anonymous_38)","decl":{"start":{"line":298,"column":60},"end":{"line":298,"column":61}},"loc":{"start":{"line":298,"column":65},"end":{"line":298,"column":73}},"line":298},"39":{"name":"(anonymous_39)","decl":{"start":{"line":298,"column":82},"end":{"line":298,"column":83}},"loc":{"start":{"line":298,"column":87},"end":{"line":298,"column":88}},"line":298},"40":{"name":"(anonymous_40)","decl":{"start":{"line":302,"column":29},"end":{"line":302,"column":30}},"loc":{"start":{"line":302,"column":35},"end":{"line":306,"column":7}},"line":302},"41":{"name":"(anonymous_41)","decl":{"start":{"line":328,"column":27},"end":{"line":328,"column":28}},"loc":{"start":{"line":328,"column":38},"end":{"line":333,"column":3}},"line":328},"42":{"name":"(anonymous_42)","decl":{"start":{"line":335,"column":23},"end":{"line":335,"column":24}},"loc":{"start":{"line":335,"column":38},"end":{"line":341,"column":3}},"line":335},"43":{"name":"(anonymous_43)","decl":{"start":{"line":386,"column":33},"end":{"line":386,"column":34}},"loc":{"start":{"line":387,"column":16},"end":{"line":452,"column":22}},"line":387},"44":{"name":"(anonymous_44)","decl":{"start":{"line":394,"column":34},"end":{"line":394,"column":35}},"loc":{"start":{"line":394,"column":41},"end":{"line":394,"column":90}},"line":394},"45":{"name":"(anonymous_45)","decl":{"start":{"line":404,"column":34},"end":{"line":404,"column":35}},"loc":{"start":{"line":404,"column":41},"end":{"line":404,"column":98}},"line":404},"46":{"name":"(anonymous_46)","decl":{"start":{"line":415,"column":34},"end":{"line":415,"column":35}},"loc":{"start":{"line":415,"column":41},"end":{"line":415,"column":92}},"line":415},"47":{"name":"(anonymous_47)","decl":{"start":{"line":426,"column":34},"end":{"line":426,"column":35}},"loc":{"start":{"line":426,"column":41},"end":{"line":426,"column":97}},"line":426},"48":{"name":"(anonymous_48)","decl":{"start":{"line":437,"column":34},"end":{"line":437,"column":35}},"loc":{"start":{"line":437,"column":41},"end":{"line":437,"column":90}},"line":437},"49":{"name":"(anonymous_49)","decl":{"start":{"line":443,"column":33},"end":{"line":443,"column":34}},"loc":{"start":{"line":443,"column":39},"end":{"line":443,"column":64}},"line":443},"50":{"name":"(anonymous_50)","decl":{"start":{"line":469,"column":53},"end":{"line":469,"column":54}},"loc":{"start":{"line":470,"column":18},"end":{"line":482,"column":25}},"line":470},"51":{"name":"(anonymous_51)","decl":{"start":{"line":476,"column":32},"end":{"line":476,"column":33}},"loc":{"start":{"line":476,"column":46},"end":{"line":476,"column":84}},"line":476},"52":{"name":"(anonymous_52)","decl":{"start":{"line":506,"column":59},"end":{"line":506,"column":60}},"loc":{"start":{"line":507,"column":26},"end":{"line":519,"column":37}},"line":507},"53":{"name":"(anonymous_53)","decl":{"start":{"line":528,"column":59},"end":{"line":528,"column":60}},"loc":{"start":{"line":529,"column":24},"end":{"line":531,"column":37}},"line":529},"54":{"name":"(anonymous_54)","decl":{"start":{"line":591,"column":27},"end":{"line":591,"column":28}},"loc":{"start":{"line":592,"column":16},"end":{"line":647,"column":22}},"line":592},"55":{"name":"(anonymous_55)","decl":{"start":{"line":599,"column":34},"end":{"line":599,"column":35}},"loc":{"start":{"line":599,"column":41},"end":{"line":599,"column":84}},"line":599},"56":{"name":"(anonymous_56)","decl":{"start":{"line":609,"column":34},"end":{"line":609,"column":35}},"loc":{"start":{"line":609,"column":41},"end":{"line":609,"column":88}},"line":609},"57":{"name":"(anonymous_57)","decl":{"start":{"line":620,"column":34},"end":{"line":620,"column":35}},"loc":{"start":{"line":620,"column":41},"end":{"line":620,"column":85}},"line":620},"58":{"name":"(anonymous_58)","decl":{"start":{"line":631,"column":34},"end":{"line":631,"column":35}},"loc":{"start":{"line":631,"column":41},"end":{"line":631,"column":87}},"line":631},"59":{"name":"(anonymous_59)","decl":{"start":{"line":638,"column":33},"end":{"line":638,"column":34}},"loc":{"start":{"line":638,"column":39},"end":{"line":638,"column":58}},"line":638},"60":{"name":"(anonymous_60)","decl":{"start":{"line":663,"column":40},"end":{"line":663,"column":41}},"loc":{"start":{"line":664,"column":16},"end":{"line":689,"column":22}},"line":664},"61":{"name":"(anonymous_61)","decl":{"start":{"line":669,"column":30},"end":{"line":669,"column":31}},"loc":{"start":{"line":669,"column":37},"end":{"line":669,"column":97}},"line":669},"62":{"name":"(anonymous_62)","decl":{"start":{"line":677,"column":30},"end":{"line":677,"column":31}},"loc":{"start":{"line":677,"column":37},"end":{"line":677,"column":103}},"line":677},"63":{"name":"(anonymous_63)","decl":{"start":{"line":682,"column":29},"end":{"line":682,"column":30}},"loc":{"start":{"line":682,"column":35},"end":{"line":682,"column":68}},"line":682},"64":{"name":"(anonymous_64)","decl":{"start":{"line":722,"column":54},"end":{"line":722,"column":55}},"loc":{"start":{"line":723,"column":20},"end":{"line":723,"column":77}},"line":723},"65":{"name":"(anonymous_65)","decl":{"start":{"line":729,"column":63},"end":{"line":729,"column":64}},"loc":{"start":{"line":730,"column":24},"end":{"line":732,"column":37}},"line":730},"66":{"name":"(anonymous_66)","decl":{"start":{"line":794,"column":26},"end":{"line":794,"column":27}},"loc":{"start":{"line":794,"column":33},"end":{"line":794,"column":58}},"line":794},"67":{"name":"(anonymous_67)","decl":{"start":{"line":802,"column":27},"end":{"line":802,"column":28}},"loc":{"start":{"line":803,"column":16},"end":{"line":845,"column":22}},"line":803},"68":{"name":"(anonymous_68)","decl":{"start":{"line":810,"column":34},"end":{"line":810,"column":35}},"loc":{"start":{"line":810,"column":41},"end":{"line":810,"column":84}},"line":810},"69":{"name":"(anonymous_69)","decl":{"start":{"line":820,"column":34},"end":{"line":820,"column":35}},"loc":{"start":{"line":820,"column":41},"end":{"line":820,"column":84}},"line":820},"70":{"name":"(anonymous_70)","decl":{"start":{"line":830,"column":34},"end":{"line":830,"column":35}},"loc":{"start":{"line":830,"column":41},"end":{"line":830,"column":87}},"line":830},"71":{"name":"(anonymous_71)","decl":{"start":{"line":836,"column":33},"end":{"line":836,"column":34}},"loc":{"start":{"line":836,"column":39},"end":{"line":836,"column":58}},"line":836},"72":{"name":"(anonymous_72)","decl":{"start":{"line":906,"column":59},"end":{"line":906,"column":60}},"loc":{"start":{"line":907,"column":26},"end":{"line":912,"column":37}},"line":907},"73":{"name":"(anonymous_73)","decl":{"start":{"line":921,"column":55},"end":{"line":921,"column":56}},"loc":{"start":{"line":922,"column":24},"end":{"line":924,"column":37}},"line":922},"74":{"name":"(anonymous_74)","decl":{"start":{"line":986,"column":26},"end":{"line":986,"column":27}},"loc":{"start":{"line":986,"column":33},"end":{"line":986,"column":65}},"line":986},"75":{"name":"(anonymous_75)","decl":{"start":{"line":994,"column":32},"end":{"line":994,"column":33}},"loc":{"start":{"line":995,"column":16},"end":{"line":1036,"column":22}},"line":995},"76":{"name":"(anonymous_76)","decl":{"start":{"line":1002,"column":34},"end":{"line":1002,"column":35}},"loc":{"start":{"line":1002,"column":41},"end":{"line":1002,"column":89}},"line":1002},"77":{"name":"(anonymous_77)","decl":{"start":{"line":1012,"column":34},"end":{"line":1012,"column":35}},"loc":{"start":{"line":1012,"column":41},"end":{"line":1012,"column":89}},"line":1012},"78":{"name":"(anonymous_78)","decl":{"start":{"line":1021,"column":34},"end":{"line":1021,"column":35}},"loc":{"start":{"line":1021,"column":41},"end":{"line":1021,"column":92}},"line":1021},"79":{"name":"(anonymous_79)","decl":{"start":{"line":1027,"column":33},"end":{"line":1027,"column":34}},"loc":{"start":{"line":1027,"column":39},"end":{"line":1027,"column":63}},"line":1027},"80":{"name":"(anonymous_80)","decl":{"start":{"line":1052,"column":34},"end":{"line":1052,"column":35}},"loc":{"start":{"line":1053,"column":16},"end":{"line":1078,"column":22}},"line":1053},"81":{"name":"(anonymous_81)","decl":{"start":{"line":1058,"column":30},"end":{"line":1058,"column":31}},"loc":{"start":{"line":1058,"column":37},"end":{"line":1058,"column":90}},"line":1058},"82":{"name":"(anonymous_82)","decl":{"start":{"line":1066,"column":30},"end":{"line":1066,"column":31}},"loc":{"start":{"line":1066,"column":37},"end":{"line":1066,"column":89}},"line":1066},"83":{"name":"(anonymous_83)","decl":{"start":{"line":1071,"column":29},"end":{"line":1071,"column":30}},"loc":{"start":{"line":1071,"column":35},"end":{"line":1071,"column":61}},"line":1071},"84":{"name":"(anonymous_84)","decl":{"start":{"line":1138,"column":59},"end":{"line":1138,"column":60}},"loc":{"start":{"line":1139,"column":26},"end":{"line":1144,"column":37}},"line":1139},"85":{"name":"(anonymous_85)","decl":{"start":{"line":1153,"column":58},"end":{"line":1153,"column":59}},"loc":{"start":{"line":1154,"column":24},"end":{"line":1156,"column":37}},"line":1154}},"branchMap":{"0":{"loc":{"start":{"line":103,"column":4},"end":{"line":105,"column":5}},"type":"if","locations":[{"start":{"line":103,"column":4},"end":{"line":105,"column":5}},{"start":{},"end":{}}],"line":103},"1":{"loc":{"start":{"line":131,"column":14},"end":{"line":131,"column":41}},"type":"binary-expr","locations":[{"start":{"line":131,"column":14},"end":{"line":131,"column":23}},{"start":{"line":131,"column":27},"end":{"line":131,"column":41}}],"line":131},"2":{"loc":{"start":{"line":132,"column":22},"end":{"line":132,"column":56}},"type":"binary-expr","locations":[{"start":{"line":132,"column":22},"end":{"line":132,"column":51}},{"start":{"line":132,"column":55},"end":{"line":132,"column":56}}],"line":132},"3":{"loc":{"start":{"line":133,"column":16},"end":{"line":133,"column":44}},"type":"binary-expr","locations":[{"start":{"line":133,"column":16},"end":{"line":133,"column":39}},{"start":{"line":133,"column":43},"end":{"line":133,"column":44}}],"line":133},"4":{"loc":{"start":{"line":134,"column":21},"end":{"line":134,"column":54}},"type":"binary-expr","locations":[{"start":{"line":134,"column":21},"end":{"line":134,"column":49}},{"start":{"line":134,"column":53},"end":{"line":134,"column":54}}],"line":134},"5":{"loc":{"start":{"line":135,"column":14},"end":{"line":135,"column":40}},"type":"binary-expr","locations":[{"start":{"line":135,"column":14},"end":{"line":135,"column":35}},{"start":{"line":135,"column":39},"end":{"line":135,"column":40}}],"line":135},"6":{"loc":{"start":{"line":145,"column":23},"end":{"line":145,"column":89}},"type":"binary-expr","locations":[{"start":{"line":145,"column":23},"end":{"line":145,"column":51}},{"start":{"line":145,"column":55},"end":{"line":145,"column":68}},{"start":{"line":145,"column":72},"end":{"line":145,"column":89}}],"line":145},"7":{"loc":{"start":{"line":157,"column":4},"end":{"line":159,"column":5}},"type":"if","locations":[{"start":{"line":157,"column":4},"end":{"line":159,"column":5}},{"start":{},"end":{}}],"line":157},"8":{"loc":{"start":{"line":173,"column":4},"end":{"line":175,"column":5}},"type":"if","locations":[{"start":{"line":173,"column":4},"end":{"line":175,"column":5}},{"start":{},"end":{}}],"line":173},"9":{"loc":{"start":{"line":190,"column":14},"end":{"line":190,"column":45}},"type":"binary-expr","locations":[{"start":{"line":190,"column":14},"end":{"line":190,"column":25}},{"start":{"line":190,"column":29},"end":{"line":190,"column":45}}],"line":190},"10":{"loc":{"start":{"line":191,"column":18},"end":{"line":191,"column":50}},"type":"binary-expr","locations":[{"start":{"line":191,"column":18},"end":{"line":191,"column":45}},{"start":{"line":191,"column":49},"end":{"line":191,"column":50}}],"line":191},"11":{"loc":{"start":{"line":192,"column":15},"end":{"line":192,"column":44}},"type":"binary-expr","locations":[{"start":{"line":192,"column":15},"end":{"line":192,"column":39}},{"start":{"line":192,"column":43},"end":{"line":192,"column":44}}],"line":192},"12":{"loc":{"start":{"line":193,"column":17},"end":{"line":193,"column":48}},"type":"binary-expr","locations":[{"start":{"line":193,"column":17},"end":{"line":193,"column":43}},{"start":{"line":193,"column":47},"end":{"line":193,"column":48}}],"line":193},"13":{"loc":{"start":{"line":198,"column":8},"end":{"line":200,"column":9}},"type":"if","locations":[{"start":{"line":198,"column":8},"end":{"line":200,"column":9}},{"start":{},"end":{}}],"line":198},"14":{"loc":{"start":{"line":199,"column":42},"end":{"line":199,"column":75}},"type":"binary-expr","locations":[{"start":{"line":199,"column":42},"end":{"line":199,"column":70}},{"start":{"line":199,"column":74},"end":{"line":199,"column":75}}],"line":199},"15":{"loc":{"start":{"line":210,"column":21},"end":{"line":210,"column":87}},"type":"binary-expr","locations":[{"start":{"line":210,"column":21},"end":{"line":210,"column":49}},{"start":{"line":210,"column":53},"end":{"line":210,"column":66}},{"start":{"line":210,"column":70},"end":{"line":210,"column":87}}],"line":210},"16":{"loc":{"start":{"line":222,"column":4},"end":{"line":224,"column":5}},"type":"if","locations":[{"start":{"line":222,"column":4},"end":{"line":224,"column":5}},{"start":{},"end":{}}],"line":222},"17":{"loc":{"start":{"line":239,"column":14},"end":{"line":239,"column":45}},"type":"binary-expr","locations":[{"start":{"line":239,"column":14},"end":{"line":239,"column":25}},{"start":{"line":239,"column":29},"end":{"line":239,"column":45}}],"line":239},"18":{"loc":{"start":{"line":240,"column":14},"end":{"line":240,"column":42}},"type":"binary-expr","locations":[{"start":{"line":240,"column":14},"end":{"line":240,"column":37}},{"start":{"line":240,"column":41},"end":{"line":240,"column":42}}],"line":240},"19":{"loc":{"start":{"line":241,"column":17},"end":{"line":241,"column":48}},"type":"binary-expr","locations":[{"start":{"line":241,"column":17},"end":{"line":241,"column":43}},{"start":{"line":241,"column":47},"end":{"line":241,"column":48}}],"line":241},"20":{"loc":{"start":{"line":246,"column":27},"end":{"line":246,"column":50}},"type":"binary-expr","locations":[{"start":{"line":246,"column":27},"end":{"line":246,"column":45}},{"start":{"line":246,"column":49},"end":{"line":246,"column":50}}],"line":246},"21":{"loc":{"start":{"line":251,"column":19},"end":{"line":251,"column":85}},"type":"binary-expr","locations":[{"start":{"line":251,"column":19},"end":{"line":251,"column":47}},{"start":{"line":251,"column":51},"end":{"line":251,"column":64}},{"start":{"line":251,"column":68},"end":{"line":251,"column":85}}],"line":251},"22":{"loc":{"start":{"line":263,"column":4},"end":{"line":265,"column":5}},"type":"if","locations":[{"start":{"line":263,"column":4},"end":{"line":265,"column":5}},{"start":{},"end":{}}],"line":263},"23":{"loc":{"start":{"line":279,"column":4},"end":{"line":281,"column":5}},"type":"if","locations":[{"start":{"line":279,"column":4},"end":{"line":281,"column":5}},{"start":{},"end":{}}],"line":279},"24":{"loc":{"start":{"line":296,"column":14},"end":{"line":296,"column":41}},"type":"binary-expr","locations":[{"start":{"line":296,"column":14},"end":{"line":296,"column":23}},{"start":{"line":296,"column":27},"end":{"line":296,"column":41}}],"line":296},"25":{"loc":{"start":{"line":297,"column":14},"end":{"line":297,"column":40}},"type":"binary-expr","locations":[{"start":{"line":297,"column":14},"end":{"line":297,"column":35}},{"start":{"line":297,"column":39},"end":{"line":297,"column":40}}],"line":297},"26":{"loc":{"start":{"line":298,"column":17},"end":{"line":298,"column":94}},"type":"cond-expr","locations":[{"start":{"line":298,"column":32},"end":{"line":298,"column":89}},{"start":{"line":298,"column":92},"end":{"line":298,"column":94}}],"line":298},"27":{"loc":{"start":{"line":303,"column":8},"end":{"line":305,"column":9}},"type":"if","locations":[{"start":{"line":303,"column":8},"end":{"line":305,"column":9}},{"start":{},"end":{}}],"line":303},"28":{"loc":{"start":{"line":304,"column":35},"end":{"line":304,"column":59}},"type":"binary-expr","locations":[{"start":{"line":304,"column":35},"end":{"line":304,"column":54}},{"start":{"line":304,"column":58},"end":{"line":304,"column":59}}],"line":304},"29":{"loc":{"start":{"line":313,"column":6},"end":{"line":315,"column":7}},"type":"if","locations":[{"start":{"line":313,"column":6},"end":{"line":315,"column":7}},{"start":{},"end":{}}],"line":313},"30":{"loc":{"start":{"line":313,"column":10},"end":{"line":313,"column":56}},"type":"binary-expr","locations":[{"start":{"line":313,"column":10},"end":{"line":313,"column":23}},{"start":{"line":313,"column":27},"end":{"line":313,"column":56}}],"line":313},"31":{"loc":{"start":{"line":321,"column":22},"end":{"line":321,"column":88}},"type":"binary-expr","locations":[{"start":{"line":321,"column":22},"end":{"line":321,"column":50}},{"start":{"line":321,"column":54},"end":{"line":321,"column":67}},{"start":{"line":321,"column":71},"end":{"line":321,"column":88}}],"line":321},"32":{"loc":{"start":{"line":329,"column":4},"end":{"line":329,"column":39}},"type":"if","locations":[{"start":{"line":329,"column":4},"end":{"line":329,"column":39}},{"start":{},"end":{}}],"line":329},"33":{"loc":{"start":{"line":330,"column":4},"end":{"line":330,"column":36}},"type":"if","locations":[{"start":{"line":330,"column":4},"end":{"line":330,"column":36}},{"start":{},"end":{}}],"line":330},"34":{"loc":{"start":{"line":331,"column":4},"end":{"line":331,"column":39}},"type":"if","locations":[{"start":{"line":331,"column":4},"end":{"line":331,"column":39}},{"start":{},"end":{}}],"line":331},"35":{"loc":{"start":{"line":336,"column":4},"end":{"line":336,"column":57}},"type":"if","locations":[{"start":{"line":336,"column":4},"end":{"line":336,"column":57}},{"start":{},"end":{}}],"line":336},"36":{"loc":{"start":{"line":337,"column":4},"end":{"line":337,"column":54}},"type":"if","locations":[{"start":{"line":337,"column":4},"end":{"line":337,"column":54}},{"start":{},"end":{}}],"line":337},"37":{"loc":{"start":{"line":338,"column":4},"end":{"line":338,"column":55}},"type":"if","locations":[{"start":{"line":338,"column":4},"end":{"line":338,"column":55}},{"start":{},"end":{}}],"line":338},"38":{"loc":{"start":{"line":339,"column":4},"end":{"line":339,"column":53}},"type":"if","locations":[{"start":{"line":339,"column":4},"end":{"line":339,"column":53}},{"start":{},"end":{}}],"line":339},"39":{"loc":{"start":{"line":486,"column":15},"end":{"line":490,"column":15}},"type":"binary-expr","locations":[{"start":{"line":486,"column":15},"end":{"line":486,"column":28}},{"start":{"line":487,"column":16},"end":{"line":489,"column":24}}],"line":486},"40":{"loc":{"start":{"line":492,"column":15},"end":{"line":536,"column":15}},"type":"binary-expr","locations":[{"start":{"line":492,"column":15},"end":{"line":492,"column":30}},{"start":{"line":493,"column":16},"end":{"line":535,"column":22}}],"line":492},"41":{"loc":{"start":{"line":513,"column":39},"end":{"line":514,"column":99}},"type":"cond-expr","locations":[{"start":{"line":513,"column":65},"end":{"line":513,"column":80}},{"start":{"line":514,"column":39},"end":{"line":514,"column":99}}],"line":513},"42":{"loc":{"start":{"line":514,"column":39},"end":{"line":514,"column":99}},"type":"cond-expr","locations":[{"start":{"line":514,"column":65},"end":{"line":514,"column":82}},{"start":{"line":514,"column":85},"end":{"line":514,"column":99}}],"line":514},"43":{"loc":{"start":{"line":525,"column":19},"end":{"line":534,"column":19}},"type":"binary-expr","locations":[{"start":{"line":525,"column":19},"end":{"line":525,"column":50}},{"start":{"line":525,"column":54},"end":{"line":525,"column":96}},{"start":{"line":526,"column":20},"end":{"line":533,"column":26}}],"line":525},"44":{"loc":{"start":{"line":543,"column":27},"end":{"line":543,"column":92}},"type":"cond-expr","locations":[{"start":{"line":543,"column":45},"end":{"line":543,"column":75}},{"start":{"line":543,"column":78},"end":{"line":543,"column":92}}],"line":543},"45":{"loc":{"start":{"line":554,"column":17},"end":{"line":554,"column":70}},"type":"cond-expr","locations":[{"start":{"line":554,"column":35},"end":{"line":554,"column":49}},{"start":{"line":554,"column":52},"end":{"line":554,"column":70}}],"line":554},"46":{"loc":{"start":{"line":701,"column":15},"end":{"line":705,"column":15}},"type":"binary-expr","locations":[{"start":{"line":701,"column":15},"end":{"line":701,"column":26}},{"start":{"line":702,"column":16},"end":{"line":704,"column":24}}],"line":701},"47":{"loc":{"start":{"line":707,"column":15},"end":{"line":737,"column":15}},"type":"binary-expr","locations":[{"start":{"line":707,"column":15},"end":{"line":707,"column":28}},{"start":{"line":708,"column":16},"end":{"line":736,"column":22}}],"line":707},"48":{"loc":{"start":{"line":714,"column":29},"end":{"line":715,"column":104}},"type":"cond-expr","locations":[{"start":{"line":714,"column":72},"end":{"line":714,"column":85}},{"start":{"line":715,"column":29},"end":{"line":715,"column":104}}],"line":714},"49":{"loc":{"start":{"line":715,"column":29},"end":{"line":715,"column":104}},"type":"cond-expr","locations":[{"start":{"line":715,"column":72},"end":{"line":715,"column":89}},{"start":{"line":715,"column":92},"end":{"line":715,"column":104}}],"line":715},"50":{"loc":{"start":{"line":716,"column":42},"end":{"line":717,"column":102}},"type":"cond-expr","locations":[{"start":{"line":716,"column":85},"end":{"line":716,"column":91}},{"start":{"line":717,"column":41},"end":{"line":717,"column":102}}],"line":716},"51":{"loc":{"start":{"line":717,"column":41},"end":{"line":717,"column":102}},"type":"cond-expr","locations":[{"start":{"line":717,"column":84},"end":{"line":717,"column":94}},{"start":{"line":717,"column":97},"end":{"line":717,"column":102}}],"line":717},"52":{"loc":{"start":{"line":726,"column":19},"end":{"line":735,"column":19}},"type":"binary-expr","locations":[{"start":{"line":726,"column":19},"end":{"line":726,"column":54}},{"start":{"line":726,"column":58},"end":{"line":726,"column":104}},{"start":{"line":727,"column":20},"end":{"line":734,"column":26}}],"line":726},"53":{"loc":{"start":{"line":744,"column":27},"end":{"line":744,"column":88}},"type":"cond-expr","locations":[{"start":{"line":744,"column":43},"end":{"line":744,"column":73}},{"start":{"line":744,"column":76},"end":{"line":744,"column":88}}],"line":744},"54":{"loc":{"start":{"line":755,"column":17},"end":{"line":755,"column":67}},"type":"cond-expr","locations":[{"start":{"line":755,"column":33},"end":{"line":755,"column":47}},{"start":{"line":755,"column":50},"end":{"line":755,"column":67}}],"line":755},"55":{"loc":{"start":{"line":858,"column":15},"end":{"line":862,"column":15}},"type":"binary-expr","locations":[{"start":{"line":858,"column":15},"end":{"line":858,"column":24}},{"start":{"line":859,"column":16},"end":{"line":861,"column":24}}],"line":858},"56":{"loc":{"start":{"line":864,"column":15},"end":{"line":929,"column":15}},"type":"binary-expr","locations":[{"start":{"line":864,"column":15},"end":{"line":864,"column":26}},{"start":{"line":865,"column":16},"end":{"line":928,"column":22}}],"line":864},"57":{"loc":{"start":{"line":918,"column":19},"end":{"line":927,"column":19}},"type":"binary-expr","locations":[{"start":{"line":918,"column":19},"end":{"line":918,"column":46}},{"start":{"line":918,"column":50},"end":{"line":918,"column":88}},{"start":{"line":919,"column":20},"end":{"line":926,"column":26}}],"line":918},"58":{"loc":{"start":{"line":936,"column":27},"end":{"line":936,"column":89}},"type":"cond-expr","locations":[{"start":{"line":936,"column":41},"end":{"line":936,"column":71}},{"start":{"line":936,"column":74},"end":{"line":936,"column":89}}],"line":936},"59":{"loc":{"start":{"line":947,"column":17},"end":{"line":947,"column":76}},"type":"cond-expr","locations":[{"start":{"line":947,"column":31},"end":{"line":947,"column":45}},{"start":{"line":947,"column":48},"end":{"line":947,"column":76}}],"line":947},"60":{"loc":{"start":{"line":1090,"column":15},"end":{"line":1094,"column":15}},"type":"binary-expr","locations":[{"start":{"line":1090,"column":15},"end":{"line":1090,"column":
[...]
column":1}},"1":{"start":{"line":28,"column":34},"end":{"line":37,"column":4}},"2":{"start":{"line":38,"column":40},"end":{"line":38,"column":54}},"3":{"start":{"line":39,"column":40},"end":{"line":39,"column":55}},"4":{"start":{"line":42,"column":34},"end":{"line":48,"column":4}},"5":{"start":{"line":49,"column":40},"end":{"line":49,"column":54}},"6":{"start":{"line":50,"column":40},"end":{"line":50,"column":55}},"7":{"start":{"line":53,"column":36},"end":{"line":58,"column":4}},"8":{"start":{"line":59,"column":42},"end":{"line":59,"column":56}},"9":{"start":{"line":60,"column":42},"end":{"line":60,"column":57}},"10":{"start":{"line":63,"column":36},"end":{"line":63,"column":48}},"11":{"start":{"line":64,"column":36},"end":{"line":64,"column":48}},"12":{"start":{"line":65,"column":38},"end":{"line":65,"column":50}},"13":{"start":{"line":68,"column":34},"end":{"line":95,"column":3}},"14":{"start":{"line":69,"column":4},"end":{"line":69,"column":25}},"15":{"start":{"line":70,"column":4},"end":{"line":70,"column":21}},"16":{"start":{"line":72,"column":4},"end":{"line":94,"column":5}},"17":{"start":{"line":73,"column":22},"end":{"line":86,"column":7}},"18":{"start":{"line":88,"column":23},"end":{"line":88,"column":97}},"19":{"start":{"line":89,"column":6},"end":{"line":89,"column":36}},"20":{"start":{"line":91,"column":6},"end":{"line":91,"column":89}},"21":{"start":{"line":93,"column":6},"end":{"line":93,"column":28}},"22":{"start":{"line":97,"column":34},"end":{"line":117,"column":3}},"23":{"start":{"line":98,"column":4},"end":{"line":98,"column":25}},"24":{"start":{"line":99,"column":4},"end":{"line":99,"column":21}},"25":{"start":{"line":101,"column":4},"end":{"line":116,"column":5}},"26":{"start":{"line":102,"column":22},"end":{"line":108,"column":7}},"27":{"start":{"line":110,"column":23},"end":{"line":110,"column":97}},"28":{"start":{"line":111,"column":6},"end":{"line":111,"column":36}},"29":{"start":{"line":113,"column":6},"end":{"line":113,"column":89}},"30":{"start":{"line":115,"column":6},"end":{"line":115,"column":28}},"31":{"start":{"line":120,"column":33},"end":{"line":139,"column":3}},"32":{"start":{"line":121,"column":4},"end":{"line":121,"column":26}},"33":{"start":{"line":122,"column":4},"end":{"line":122,"column":22}},"34":{"start":{"line":124,"column":4},"end":{"line":138,"column":5}},"35":{"start":{"line":125,"column":22},"end":{"line":130,"column":7}},"36":{"start":{"line":132,"column":23},"end":{"line":132,"column":96}},"37":{"start":{"line":133,"column":6},"end":{"line":133,"column":37}},"38":{"start":{"line":135,"column":6},"end":{"line":135,"column":90}},"39":{"start":{"line":137,"column":6},"end":{"line":137,"column":29}},"40":{"start":{"line":141,"column":27},"end":{"line":150,"column":3}},"41":{"start":{"line":142,"column":19},"end":{"line":148,"column":5}},"42":{"start":{"line":149,"column":4},"end":{"line":149,"column":41}},"43":{"start":{"line":152,"column":23},"end":{"line":160,"column":3}},"44":{"start":{"line":153,"column":19},"end":{"line":158,"column":5}},"45":{"start":{"line":159,"column":4},"end":{"line":159,"column":38}},"46":{"start":{"line":162,"column":2},"end":{"line":601,"column":4}},"47":{"start":{"line":205,"column":37},"end":{"line":205,"column":98}},"48":{"start":{"line":216,"column":37},"end":{"line":216,"column":92}},"49":{"start":{"line":232,"column":37},"end":{"line":232,"column":99}},"50":{"start":{"line":242,"column":37},"end":{"line":242,"column":96}},"51":{"start":{"line":252,"column":37},"end":{"line":252,"column":98}},"52":{"start":{"line":261,"column":41},"end":{"line":261,"column":105}},"53":{"start":{"line":288,"column":20},"end":{"line":288,"column":93}},"54":{"start":{"line":351,"column":37},"end":{"line":351,"column":95}},"55":{"start":{"line":361,"column":39},"end":{"line":361,"column":98}},"56":{"start":{"line":376,"column":37},"end":{"line":376,"column":95}},"57":{"start":{"line":387,"column":37},"end":{"line":387,"column":96}},"58":{"start":{"line":398,"column":37},"end":{"line":398,"column":97}},"59":{"start":{"line":433,"column":20},"end":{"line":438,"column":22}},"60":{"start":{"line":445,"column":20},"end":{"line":447,"column":33}},"61":{"start":{"line":504,"column":37},"end":{"line":504,"column":101}},"62":{"start":{"line":514,"column":37},"end":{"line":514,"column":98}},"63":{"start":{"line":524,"column":37},"end":{"line":524,"column":100}},"64":{"start":{"line":533,"column":41},"end":{"line":533,"column":107}}},"fnMap":{"0":{"name":"(anonymous_0)","decl":{"start":{"line":26,"column":26},"end":{"line":26,"column":27}},"loc":{"start":{"line":26,"column":32},"end":{"line":602,"column":1}},"line":26},"1":{"name":"(anonymous_1)","decl":{"start":{"line":68,"column":34},"end":{"line":68,"column":35}},"loc":{"start":{"line":68,"column":46},"end":{"line":95,"column":3}},"line":68},"2":{"name":"(anonymous_2)","decl":{"start":{"line":97,"column":34},"end":{"line":97,"column":35}},"loc":{"start":{"line":97,"column":46},"end":{"line":117,"column":3}},"line":97},"3":{"name":"(anonymous_3)","decl":{"start":{"line":120,"column":33},"end":{"line":120,"column":34}},"loc":{"start":{"line":120,"column":45},"end":{"line":139,"column":3}},"line":120},"4":{"name":"(anonymous_4)","decl":{"start":{"line":141,"column":27},"end":{"line":141,"column":28}},"loc":{"start":{"line":141,"column":41},"end":{"line":150,"column":3}},"line":141},"5":{"name":"(anonymous_5)","decl":{"start":{"line":152,"column":23},"end":{"line":152,"column":24}},"loc":{"start":{"line":152,"column":34},"end":{"line":160,"column":3}},"line":152},"6":{"name":"(anonymous_6)","decl":{"start":{"line":205,"column":30},"end":{"line":205,"column":31}},"loc":{"start":{"line":205,"column":37},"end":{"line":205,"column":98}},"line":205},"7":{"name":"(anonymous_7)","decl":{"start":{"line":216,"column":30},"end":{"line":216,"column":31}},"loc":{"start":{"line":216,"column":37},"end":{"line":216,"column":92}},"line":216},"8":{"name":"(anonymous_8)","decl":{"start":{"line":232,"column":30},"end":{"line":232,"column":31}},"loc":{"start":{"line":232,"column":37},"end":{"line":232,"column":99}},"line":232},"9":{"name":"(anonymous_9)","decl":{"start":{"line":242,"column":30},"end":{"line":242,"column":31}},"loc":{"start":{"line":242,"column":37},"end":{"line":242,"column":96}},"line":242},"10":{"name":"(anonymous_10)","decl":{"start":{"line":252,"column":30},"end":{"line":252,"column":31}},"loc":{"start":{"line":252,"column":37},"end":{"line":252,"column":98}},"line":252},"11":{"name":"(anonymous_11)","decl":{"start":{"line":261,"column":34},"end":{"line":261,"column":35}},"loc":{"start":{"line":261,"column":41},"end":{"line":261,"column":105}},"line":261},"12":{"name":"(anonymous_12)","decl":{"start":{"line":287,"column":76},"end":{"line":287,"column":77}},"loc":{"start":{"line":288,"column":20},"end":{"line":288,"column":93}},"line":288},"13":{"name":"(anonymous_13)","decl":{"start":{"line":351,"column":30},"end":{"line":351,"column":31}},"loc":{"start":{"line":351,"column":37},"end":{"line":351,"column":95}},"line":351},"14":{"name":"(anonymous_14)","decl":{"start":{"line":361,"column":32},"end":{"line":361,"column":33}},"loc":{"start":{"line":361,"column":39},"end":{"line":361,"column":98}},"line":361},"15":{"name":"(anonymous_15)","decl":{"start":{"line":376,"column":30},"end":{"line":376,"column":31}},"loc":{"start":{"line":376,"column":37},"end":{"line":376,"column":95}},"line":376},"16":{"name":"(anonymous_16)","decl":{"start":{"line":387,"column":30},"end":{"line":387,"column":31}},"loc":{"start":{"line":387,"column":37},"end":{"line":387,"column":96}},"line":387},"17":{"name":"(anonymous_17)","decl":{"start":{"line":398,"column":30},"end":{"line":398,"column":31}},"loc":{"start":{"line":398,"column":37},"end":{"line":398,"column":97}},"line":398},"18":{"name":"(anonymous_18)","decl":{"start":{"line":432,"column":108},"end":{"line":432,"column":109}},"loc":{"start":{"line":433,"column":20},"end":{"line":438,"column":22}},"line":433},"19":{"name":"(anonymous_19)","decl":{"start":{"line":444,"column":82},"end":{"line":444,"column":83}},"loc":{"start":{"line":445,"column":20},"end":{"line":447,"column":33}},"line":445},"20":{"name":"(anonymous_20)","decl":{"start":{"line":504,"column":30},"end":{"line":504,"column":31}},"loc":{"start":{"line":504,"column":37},"end":{"line":504,"column":101}},"line":504},"21":{"name":"(anonymous_21)","decl":{"start":{"line":514,"column":30},"end":{"line":514,"column":31}},"loc":{"start":{"line":514,"column":37},"end":{"line":514,"column":98}},"line":514},"22":{"name":"(anonymous_22)","decl":{"start":{"line":524,"column":30},"end":{"line":524,"column":31}},"loc":{"start":{"line":524,"column":37},"end":{"line":524,"column":100}},"line":524},"23":{"name":"(anonymous_23)","decl":{"start":{"line":533,"column":34},"end":{"line":533,"column":35}},"loc":{"start":{"line":533,"column":41},"end":{"line":533,"column":107}},"line":533}},"branchMap":{"0":{"loc":{"start":{"line":75,"column":30},"end":{"line":75,"column":102}},"type":"cond-expr","locations":[{"start":{"line":75,"column":59},"end":{"line":75,"column":95}},{"start":{"line":75,"column":98},"end":{"line":75,"column":102}}],"line":75},"1":{"loc":{"start":{"line":76,"column":33},"end":{"line":76,"column":111}},"type":"cond-expr","locations":[{"start":{"line":76,"column":65},"end":{"line":76,"column":104}},{"start":{"line":76,"column":107},"end":{"line":76,"column":111}}],"line":76},"2":{"loc":{"start":{"line":77,"column":25},"end":{"line":77,"column":87}},"type":"cond-expr","locations":[{"start":{"line":77,"column":49},"end":{"line":77,"column":80}},{"start":{"line":77,"column":83},"end":{"line":77,"column":87}}],"line":77},"3":{"loc":{"start":{"line":78,"column":24},"end":{"line":78,"column":86}},"type":"cond-expr","locations":[{"start":{"line":78,"column":47},"end":{"line":78,"column":79}},{"start":{"line":78,"column":82},"end":{"line":78,"column":86}}],"line":78},"4":{"loc":{"start":{"line":81,"column":32},"end":{"line":81,"column":108}},"type":"cond-expr","locations":[{"start":{"line":81,"column":62},"end":{"line":81,"column":101}},{"start":{"line":81,"column":104},"end":{"line":81,"column":108}}],"line":81},"5":{"loc":{"start":{"line":82,"column":29},"end":{"line":82,"column":99}},"type":"cond-expr","locations":[{"start":{"line":82,"column":56},"end":{"line":82,"column":92}},{"start":{"line":82,"column":95},"end":{"line":82,"column":99}}],"line":82},"6":{"loc":{"start":{"line":83,"column":31},"end":{"line":83,"column":103}},"type":"cond-expr","locations":[{"start":{"line":83,"column":60},"end":{"line":83,"column":96}},{"start":{"line":83,"column":99},"end":{"line":83,"column":103}}],"line":83},"7":{"loc":{"start":{"line":91,"column":19},"end":{"line":91,"column":87}},"type":"binary-expr","locations":[{"start":{"line":91,"column":19},"end":{"line":91,"column":47}},{"start":{"line":91,"column":51},"end":{"line":91,"column":64}},{"start":{"line":91,"column":68},"end":{"line":91,"column":87}}],"line":91},"8":{"loc":{"start":{"line":103,"column":25},"end":{"line":103,"column":91}},"type":"cond-expr","locations":[{"start":{"line":103,"column":51},"end":{"line":103,"column":84}},{"start":{"line":103,"column":87},"end":{"line":103,"column":91}}],"line":103},"9":{"loc":{"start":{"line":104,"column":26},"end":{"line":104,"column":58}},"type":"binary-expr","locations":[{"start":{"line":104,"column":26},"end":{"line":104,"column":50}},{"start":{"line":104,"column":54},"end":{"line":104,"column":58}}],"line":104},"10":{"loc":{"start":{"line":105,"column":25},"end":{"line":105,"column":93}},"type":"cond-expr","locations":[{"start":{"line":105,"column":51},"end":{"line":105,"column":86}},{"start":{"line":105,"column":89},"end":{"line":105,"column":93}}],"line":105},"11":{"loc":{"start":{"line":106,"column":26},"end":{"line":106,"column":96}},"type":"cond-expr","locations":[{"start":{"line":106,"column":53},"end":{"line":106,"column":89}},{"start":{"line":106,"column":92},"end":{"line":106,"column":96}}],"line":106},"12":{"loc":{"start":{"line":107,"column":27},"end":{"line":107,"column":99}},"type":"cond-expr","locations":[{"start":{"line":107,"column":55},"end":{"line":107,"column":92}},{"start":{"line":107,"column":95},"end":{"line":107,"column":99}}],"line":107},"13":{"loc":{"start":{"line":113,"column":19},"end":{"line":113,"column":87}},"type":"binary-expr","locations":[{"start":{"line":113,"column":19},"end":{"line":113,"column":47}},{"start":{"line":113,"column":51},"end":{"line":113,"column":64}},{"start":{"line":113,"column":68},"end":{"line":113,"column":87}}],"line":113},"14":{"loc":{"start":{"line":126,"column":30},"end":{"line":126,"column":108}},"type":"cond-expr","locations":[{"start":{"line":126,"column":61},"end":{"line":126,"column":101}},{"start":{"line":126,"column":104},"end":{"line":126,"column":108}}],"line":126},"15":{"loc":{"start":{"line":127,"column":27},"end":{"line":127,"column":99}},"type":"cond-expr","locations":[{"start":{"line":127,"column":55},"end":{"line":127,"column":92}},{"start":{"line":127,"column":95},"end":{"line":127,"column":99}}],"line":127},"16":{"loc":{"start":{"line":128,"column":29},"end":{"line":128,"column":103}},"type":"cond-expr","locations":[{"start":{"line":128,"column":59},"end":{"line":128,"column":96}},{"start":{"line":128,"column":99},"end":{"line":128,"column":103}}],"line":128},"17":{"loc":{"start":{"line":135,"column":20},"end":{"line":135,"column":88}},"type":"binary-expr","locations":[{"start":{"line":135,"column":20},"end":{"line":135,"column":48}},{"start":{"line":135,"column":52},"end":{"line":135,"column":65}},{"start":{"line":135,"column":69},"end":{"line":135,"column":88}}],"line":135},"18":{"loc":{"start":{"line":149,"column":11},"end":{"line":149,"column":40}},"type":"binary-expr","locations":[{"start":{"line":149,"column":11},"end":{"line":149,"column":27}},{"start":{"line":149,"column":31},"end":{"line":149,"column":40}}],"line":149},"19":{"loc":{"start":{"line":159,"column":11},"end":{"line":159,"column":37}},"type":"binary-expr","locations":[{"start":{"line":159,"column":11},"end":{"line":159,"column":24}},{"start":{"line":159,"column":28},"end":{"line":159,"column":37}}],"line":159},"20":{"loc":{"start":{"line":269,"column":15},"end":{"line":273,"column":15}},"type":"binary-expr","locations":[{"start":{"line":269,"column":15},"end":{"line":269,"column":24}},{"start":{"line":270,"column":16},"end":{"line":272,"column":24}}],"line":269},"21":{"loc":{"start":{"line":275,"column":15},"end":{"line":298,"column":15}},"type":"binary-expr","locations":[{"start":{"line":275,"column":15},"end":{"line":275,"column":26}},{"start":{"line":276,"column":16},"end":{"line":297,"column":22}}],"line":275},"22":{"loc":{"start":{"line":287,"column":19},"end":{"line":289,"column":20}},"type":"binary-expr","locations":[{"start":{"line":287,"column":19},"end":{"line":287,"column":43}},{"start":{"line":287,"column":47},"end":{"line":289,"column":20}}],"line":287},"23":{"loc":{"start":{"line":306,"column":27},"end":{"line":306,"column":88}},"type":"cond-expr","locations":[{"start":{"line":306,"column":41},"end":{"line":306,"column":71}},{"start":{"line":306,"column":74},"end":{"line":306,"column":88}}],"line":306},"24":{"loc":{"start":{"line":317,"column":17},"end":{"line":317,"column":68}},"type":"cond-expr","locations":[{"start":{"line":317,"column":31},"end":{"line":317,"column":45}},{"start":{"line":317,"column":48},"end":{"line":317,"column":68}}],"line":317},"25":{"loc":{"start":{"line":404,"column":15},"end":{"line":408,"column":15}},"type":"binary-expr","locations":[{"start":{"line":404,"column":15},"end":{"line":404,"column":24}},{"start":{"line":405,"column":16},"end":{"line":407,"column":24}}],"line":404},"26":{"loc":{"start":{"line":410,"column":15},"end":{"line":450,"column":15}},"type":"binary-expr","locations":[{"start":{"line":410,"column":15},"end":{"line":410,"column":26}},{"start":{"line":411,"column":16},"end":{"line":449,"column":22}}],"line":410},"27":{"loc":{"start":{"line":423,"column":19},"end":{"line":427,"column":19}},"type":"binary-expr","locations":[{"start":{"line":423,"column":19},"end":{"line":423,"column":55}},{"start":{"line":424,"column":20},"end":{"line":426,"column":33}}],"line":423},"28":{"loc":{"start":{"line":432,"column":19},"end":{"line":439,"column":20}},"type":"binary-expr","locations":[{"start":{"line":432,"column":19},"end":{"line":432,"column":51}},{"start":{"line":432,"column":55},"end":{"line":439,"column":20}}],"line":432},"29":{"loc":{"start":{"line":444,"column":19},"end":{"line":448,"column":20}},"type":"binary-expr","locations":[{"start":{"line":444,"column":19},"end":{"line":444,"column":46}},{"start":{"line":444,"column":50},"end":{"line":448,"column":20}}],"line":444},"30":{"loc":{"start":{"line":458,"column":27},"end":{"line":458,"column":85}},"type":"cond-expr","locations":[{"start":{"line":458,"column":41},"end":{"line":458,"column":71}},{"start":{"line":458,"column":74},"end":{"line":458,"column":85}}],"line":458},"31":{"loc":{"start":{"line":469,"column":17},"end":{"line":469,"column":72}},"type":"cond-expr","locations":[{"start":{"line":469,"column":31},"end":{"line":469,"column":45}},{"start":{"line":469,"column":48},"end":{"line":469,"column":72}}],"line":469},"32":{"loc":{"start":{"line":541,"column":15},"end":{"line":545,"column":15}},"type":"binary-expr","locations":[{"start":{"line":541,"column":15},"end":{"line":541,"column":25}},{"start":{"line":542,"column":16},"end":{"line":544,"column":24}}],"line":541},"33":{"loc":{"start":{"line":547,"column":15},"end":{"line":575,"column":15}},"type":"binary-expr","locations":[{"start":{"line":547,"column":15},"end":{"line":547,"column":27}},{"start":{"line":548,"column":16},"end":{"line":574,"column":22}}],"line":547},"34":{"loc":{"start":{"line":563,"column":19},"end":{"line":567,"column":19}},"type":"binary-expr","locations":[{"start":{"line":563,"column":19},"end":{"line":563,"column":66}},{"start":{"line":564,"column":20},"end":{"line":566,"column":33}}],"line":563},"35":{"loc":{"start":{"line":569,"column":19},"end":{"line":573,"column":19}},"type":"binary-expr","locations":[{"start":{"line":569,"column":19},"end":{"line":569,"column":61}},{"start":{"line":570,"column":20},"end":{"line":572,"column":33}}],"line":569},"36":{"loc":{"start":{"line":583,"column":27},"end":{"line":583,"column":89}},"type":"cond-expr","locations":[{"start":{"line":583,"column":42},"end":{"line":583,"column":72}},{"start":{"line":583,"column":75},"end":{"line":583,"column":89}}],"line":583},"37":{"loc":{"start":{"line":594,"column":17},"end":{"line":594,"column":64}},"type":"cond-expr","locations":[{"start":{"line":594,"column":32},"end":{"line":594,"column":46}},{"start":{"line":594,"column":49},"end":{"line":594,"column":64}}],"line":594}},"s":{"0":2,"1":80,"2":79,"3":79,"4":79,"5":79,"6":79,"7":79,"8":79,"9":79,"10":79,"11":79,"12":79,"13":79,"14":9,"15":9,"16":9,"17":9,"18":9,"19":7,"20":2,"21":9,"22":79,"23":7,"24":7,"25":7,"26":7,"27":7,"28":6,"29":1,"30":7,"31":79,"32":4,"33":4,"34":4,"35":4,"36":4,"37":3,"38":1,"39":4,"40":79,"41":6,"42":6,"43":79,"44":7,"45":7,"46":79,"47":4,"48":2,"49":1,"50":1,"51":1,"52":1,"53":5,"54":0,"55":1,"56":1,"57":1,"58":1,"59":7,"60":6,"61":0,"62":0,"63":0,"64":1},"f":{"0":80,"1":9,"2":7,"3":4,"4":6,"5":7,"6":4,"7":2,"8":1,"9":1,"10":1,"11":1,"12":5,"13":0,"14":1,"15":1,"16":1,"17":1,"18":7,"19":6,"20":0,"21":0,"22":0,"23":1},"b":{"0":[9,0],"1":[9,0],"2":[9,0],"3":[9,0],"4":[9,0],"5":[9,0],"6":[9,0],"7":[2,2,0],"8":[7,0],"9":[7,0],"10":[7,0],"11":[7,0],"12":[7,0],"13":[1,0,0],"14":[4,0],"15":[4,0],"16":[4,0],"17":[1,1,1],"18":[6,1],"19":[7,0],"20":[79,6],"21":[79,6],"22":[6,6],"23":[9,70],"24":[9,70],"25":[79,3],"26":[79,5],"27":[5,2],"28":[5,5],"29":[5,5],"30":[7,72],"31":[7,72],"32":[79,1],"33":[79,2],"34":[2,1],"35":[2,1],"36":[4,75],"37":[4,75]},"_coverageSchema":"1a1c01bbd47fc00a2c39e90264f33305004495a9","hash":"b9aebb4d13c6ba1fbca05b48f6de46d0053be174"}
}
