{"/Users/nfb/Code/conservation-biology-toolkit/frontend/src/App.js": {"path":"/Users/nfb/Code/conservation-biology-toolkit/frontend/src/App.js","statementMap":{"0":{"start":{"line":11,"column":14},"end":{"line":20,"column":2}},"1":{"start":{"line":23,"column":2},"end":{"line":37,"column":4}}},"fnMap":{"0":{"name":"App","decl":{"start":{"line":22,"column":9},"end":{"line":22,"column":12}},"loc":{"start":{"line":22,"column":15},"end":{"line":38,"column":1}},"line":22}},"branchMap":{},"s":{"0":1,"1":21},"f":{"0":21},"b":{},"_coverageSchema":"1a1c01bbd47fc00a2c39e90264f33305004495a9","hash":"f177e100120940247d0828b6beb0dbd7da172d41"}
,"/Users/nfb/Code/conservation-biology-toolkit/frontend/src/components/Navbar.js": {"path":"/Users/nfb/Code/conservation-biology-toolkit/frontend/src/components/Navbar.js","statementMap":{"0":{"start":{"line":5,"column":15},"end":{"line":40,"column":1}},"1":{"start":{"line":6,"column":19},"end":{"line":6,"column":32}},"2":{"start":{"line":8,"column":19},"end":{"line":14,"column":3}},"3":{"start":{"line":16,"column":2},"end":{"line":39,"column":4}},"4":{"start":{"line":24,"column":12},"end":{"line":34,"column":21}}},"fnMap":{"0":{"name":"(anonymous_0)","decl":{"start":{"line":5,"column":15},"end":{"line":5,"column":16}},"loc":{"start":{"line":5,"column":21},"end":{"line":40,"column":1}},"line":5},"1":{"name":"(anonymous_1)","decl":{"start":{"line":23,"column":24},"end":{"line":23,"column":25}},"loc":{"start":{"line":24,"column":12},"end":{"line":34,"column":21}},"line":24}},"branchMap":{"0":{"loc":{"start":{"line":30,"column":33},"end":{"line":30,"column":106}},"type":"cond-expr","locations":[{"start":{"line":30,"column":67},"end":{"line":30,"column":90}},{"start":{"line":30,"column":93},"end":{"line":30,"column":106}}],"line":30}},"s":{"0":2,"1":13,"2":13,"3":13,"4":65},"f":{"0":13,"1":65},"b":{"0":[12,53]},"_coverageSchema":"1a1c01bbd47fc00a2c39e90264f33305004495a9","hash":"1d52b5bf9786d042ecb8c59b64eac4d8f3cb159b"}
,"/Users/nfb/Code/conservation-biology-toolkit/frontend/src/config/api.js": {"path":"/Users/nfb/Code/conservation-biology-toolkit/frontend/src/config/api.js","statementMap":{"0":{"start":{"line":2,"column":19},"end":{"line":13,"column":1}},"1":{"start":{"line":15,"column":20},"end":{"line":15,"column":57}},"2":{"start":{"line":17,"column":24},"end":{"line":17,"column":47}}},"fnMap":{},"branchMap":{"0":{"loc":{"start":{"line":15,"column":20},"end":{"line":15,"column":57}},"type":"binary-expr","locations":[{"start":{"line":15,"column":20},"end":{"line":15,"column":40}},{"start":{"line":15,"column":44},"end":{"line":15,"column":57}}],"line":15}},"s":{"0":2,"1":2,"2":2},"f":{},"b":{"0":[2,0]},"_coverageSchema":"1a1c01bbd47fc00a2c39e90264f33305004495a9","hash":"dc0420efc626c01f233ac0c6b18cda8a2c846b7d"}
,"/Users/nfb/Code/conservation-biology-toolkit/frontend/src/pages/Home.js": {"path":"/Users/nfb/Code/conservation-biology-toolkit/frontend/src/pages/Home.js","statementMap":{"0":{"start":{"line":24,"column":13},"end":{"line":323,"column":1}},"1":{"start":{"line":25,"column":25},"end":{"line":61,"column":3}},"2":{"start":{"line":63,"column":2},"end":{"line":322,"column":4}},"3":{"start":{"line":147,"column":10},"end":{"line":206,"column":17}},"4":{"start":{"line":168,"column":20},"end":{"line":174,"column":22}}},"fnMap":{"0":{"name":"(anonymous_0)","decl":{"start":{"line":24,"column":13},"end":{"line":24,"column":14}},"loc":{"start":{"line":24,"column":19},"end":{"line":323,"column":1}},"line":24},"1":{"name":"(anonymous_1)","decl":{"start":{"line":146,"column":28},"end":{"line":146,"column":29}},"loc":{"start":{"line":147,"column":10},"end":{"line":206,"column":17}},"line":147},"2":{"name":"(anonymous_2)","decl":{"start":{"line":167,"column":38},"end":{"line":167,"column":39}},"loc":{"start":{"line":168,"column":20},"end":{"line":174,"column":22}},"line":168}},"branchMap":{"0":{"loc":{"start":{"line":156,"column":27},"end":{"line":156,"column":82}},"type":"cond-expr","locations":[{"start":{"line":156,"column":61},"end":{"line":156,"column":70}},{"start":{"line":156,"column":73},"end":{"line":156,"column":82}}],"line":156},"1":{"loc":{"start":{"line":180,"column":27},"end":{"line":180,"column":85}},"type":"cond-expr","locations":[{"start":{"line":180,"column":61},"end":{"line":180,"column":72}},{"start":{"line":180,"column":75},"end":{"line":180,"column":85}}],"line":180},"2":{"loc":{"start":{"line":186,"column":29},"end":{"line":186,"column":99}},"type":"cond-expr","locations":[{"start":{"line":186,"column":63},"end":{"line":186,"column":80}},{"start":{"line":186,"column":83},"end":{"line":186,"column":99}}],"line":186},"3":{"loc":{"start":{"line":191,"column":24},"end":{"line":199,"column":21}},"type":"binary-expr","locations":[{"start":{"line":191,"column":24},"end":{"line":191,"column":55}},{"start":{"line":191,"column":59},"end":{"line":199,"column":21}}],"line":191},"4":{"loc":{"start":{"line":202,"column":19},"end":{"line":202,"column":88}},"type":"cond-expr","locations":[{"start":{"line":202,"column":53},"end":{"line":202,"column":72}},{"start":{"line":202,"column":75},"end":{"line":202,"column":88}}],"line":202}},"s":{"0":1,"1":20,"2":20,"3":100,"4":340},"f":{"0":20,"1":100,"2":340},"b":{"0":[40,60],"1":[40,60],"2":[40,60],"3":[100,40],"4":[40,60]},"_coverageSchema":"1a1c01bbd47fc00a2c39e90264f33305004495a9","hash":"957eb09ef760ceed2593303c796b2cc7c1e12756"}
,"/Users/nfb/Code/conservation-biology-toolkit/frontend/src/pages/PopulationTools.js": {"path":"/Users/nfb/Code/conservation-biology-toolkit/frontend/src/pages/PopulationTools.js","statementMap":{"0":{"start":{"line":17,"column":24},"end":{"line":572,"column":1}},"1":{"start":{"line":18,"column":38},"end":{"line":23,"column":4}},"2":{"start":{"line":24,"column":42},"end":{"line":24,"column":56}},"3":{"start":{"line":25,"column":44},"end":{"line":25,"column":59}},"4":{"start":{"line":26,"column":40},"end":{"line":26,"column":54}},"5":{"start":{"line":28,"column":50},"end":{"line":31,"column":4}},"6":{"start":{"line":32,"column":54},"end":{"line":32,"column":68}},"7":{"start":{"line":33,"column":56},"end":{"line":33,"column":71}},"8":{"start":{"line":34,"column":52},"end":{"line":34,"column":66}},"9":{"start":{"line":37,"column":32},"end":{"line":44,"column":4}},"10":{"start":{"line":45,"column":36},"end":{"line":45,"column":50}},"11":{"start":{"line":46,"column":38},"end":{"line":46,"column":53}},"12":{"start":{"line":47,"column":34},"end":{"line":47,"column":48}},"13":{"start":{"line":50,"column":34},"end":{"line":56,"column":4}},"14":{"start":{"line":57,"column":38},"end":{"line":57,"column":52}},"15":{"start":{"line":58,"column":40},"end":{"line":58,"column":55}},"16":{"start":{"line":59,"column":36},"end":{"line":59,"column":50}},"17":{"start":{"line":61,"column":29},"end":{"line":81,"column":3}},"18":{"start":{"line":62,"column":4},"end":{"line":62,"column":23}},"19":{"start":{"line":63,"column":4},"end":{"line":63,"column":27}},"20":{"start":{"line":64,"column":4},"end":{"line":64,"column":25}},"21":{"start":{"line":66,"column":4},"end":{"line":80,"column":5}},"22":{"start":{"line":67,"column":22},"end":{"line":72,"column":7}},"23":{"start":{"line":74,"column":23},"end":{"line":74,"column":100}},"24":{"start":{"line":75,"column":6},"end":{"line":75,"column":37}},"25":{"start":{"line":77,"column":6},"end":{"line":77,"column":74}},"26":{"start":{"line":79,"column":6},"end":{"line":79,"column":30}},"27":{"start":{"line":83,"column":35},"end":{"line":101,"column":3}},"28":{"start":{"line":84,"column":4},"end":{"line":84,"column":23}},"29":{"start":{"line":85,"column":4},"end":{"line":85,"column":33}},"30":{"start":{"line":86,"column":4},"end":{"line":86,"column":31}},"31":{"start":{"line":88,"column":4},"end":{"line":100,"column":5}},"32":{"start":{"line":89,"column":22},"end":{"line":92,"column":7}},"33":{"start":{"line":94,"column":23},"end":{"line":94,"column":108}},"34":{"start":{"line":95,"column":6},"end":{"line":95,"column":43}},"35":{"start":{"line":97,"column":6},"end":{"line":97,"column":80}},"36":{"start":{"line":99,"column":6},"end":{"line":99,"column":36}},"37":{"start":{"line":103,"column":26},"end":{"line":125,"column":3}},"38":{"start":{"line":104,"column":4},"end":{"line":104,"column":23}},"39":{"start":{"line":105,"column":4},"end":{"line":105,"column":24}},"40":{"start":{"line":106,"column":4},"end":{"line":106,"column":22}},"41":{"start":{"line":108,"column":4},"end":{"line":124,"column":5}},"42":{"start":{"line":109,"column":22},"end":{"line":116,"column":7}},"43":{"start":{"line":118,"column":23},"end":{"line":118,"column":112}},"44":{"start":{"line":119,"column":6},"end":{"line":119,"column":34}},"45":{"start":{"line":121,"column":6},"end":{"line":121,"column":71}},"46":{"start":{"line":123,"column":6},"end":{"line":123,"column":27}},"47":{"start":{"line":127,"column":27},"end":{"line":150,"column":3}},"48":{"start":{"line":128,"column":4},"end":{"line":128,"column":23}},"49":{"start":{"line":129,"column":4},"end":{"line":129,"column":25}},"50":{"start":{"line":130,"column":4},"end":{"line":130,"column":23}},"51":{"start":{"line":132,"column":4},"end":{"line":149,"column":5}},"52":{"start":{"line":133,"column":22},"end":{"line":141,"column":7}},"53":{"start":{"line":134,"column":74},"end":{"line":134,"column":92}},"54":{"start":{"line":135,"column":72},"end":{"line":135,"column":90}},"55":{"start":{"line":136,"column":64},"end":{"line":136,"column":84}},"56":{"start":{"line":138,"column":10},"end":{"line":138,"column":55}},"57":{"start":{"line":138,"column":34},"end":{"line":138,"column":54}},"58":{"start":{"line":143,"column":23},"end":{"line":143,"column":106}},"59":{"start":{"line":144,"column":6},"end":{"line":144,"column":35}},"60":{"start":{"line":146,"column":6},"end":{"line":146,"column":72}},"61":{"start":{"line":148,"column":6},"end":{"line":148,"column":28}},"62":{"start":{"line":152,"column":2},"end":{"line":571,"column":4}},"63":{"start":{"line":191,"column":35},"end":{"line":191,"column":101}},"64":{"start":{"line":201,"column":35},"end":{"line":201,"column":94}},"65":{"start":{"line":213,"column":35},"end":{"line":213,"column":88}},"66":{"start":{"line":224,"column":35},"end":{"line":224,"column":100}},"67":{"start":{"line":293,"column":35},"end":{"line":293,"column":109}},"68":{"start":{"line":304,"column":35},"end":{"line":304,"column":111}},"69":{"start":{"line":368,"column":35},"end":{"line":368,"column":95}},"70":{"start":{"line":378,"column":35},"end":{"line":378,"column":88}},"71":{"start":{"line":389,"column":35},"end":{"line":389,"column":99}},"72":{"start":{"line":401,"column":35},"end":{"line":401,"column":94}},"73":{"start":{"line":412,"column":35},"end":{"line":412,"column":82}},"74":{"start":{"line":423,"column":35},"end":{"line":423,"column":88}},"75":{"start":{"line":489,"column":35},"end":{"line":489,"column":96}},"76":{"start":{"line":498,"column":35},"end":{"line":498,"column":95}},"77":{"start":{"line":507,"column":35},"end":{"line":507,"column":91}},"78":{"start":{"line":516,"column":35},"end":{"line":516,"column":95}},"79":{"start":{"line":528,"column":35},"end":{"line":528,"column":84}}},"fnMap":{"0":{"name":"(anonymous_0)","decl":{"start":{"line":17,"column":24},"end":{"line":17,"column":25}},"loc":{"start":{"line":17,"column":30},"end":{"line":572,"column":1}},"line":17},"1":{"name":"(anonymous_1)","decl":{"start":{"line":61,"column":29},"end":{"line":61,"column":30}},"loc":{"start":{"line":61,"column":42},"end":{"line":81,"column":3}},"line":61},"2":{"name":"(anonymous_2)","decl":{"start":{"line":83,"column":35},"end":{"line":83,"column":36}},"loc":{"start":{"line":83,"column":48},"end":{"line":101,"column":3}},"line":83},"3":{"name":"(anonymous_3)","decl":{"start":{"line":103,"column":26},"end":{"line":103,"column":27}},"loc":{"start":{"line":103,"column":39},"end":{"line":125,"column":3}},"line":103},"4":{"name":"(anonymous_4)","decl":{"start":{"line":127,"column":27},"end":{"line":127,"column":28}},"loc":{"start":{"line":127,"column":40},"end":{"line":150,"column":3}},"line":127},"5":{"name":"(anonymous_5)","decl":{"start":{"line":134,"column":69},"end":{"line":134,"column":70}},"loc":{"start":{"line":134,"column":74},"end":{"line":134,"column":92}},"line":134},"6":{"name":"(anonymous_6)","decl":{"start":{"line":135,"column":67},"end":{"line":135,"column":68}},"loc":{"start":{"line":135,"column":72},"end":{"line":135,"column":90}},"line":135},"7":{"name":"(anonymous_7)","decl":{"start":{"line":136,"column":59},"end":{"line":136,"column":60}},"loc":{"start":{"line":136,"column":64},"end":{"line":136,"column":84}},"line":136},"8":{"name":"(anonymous_8)","decl":{"start":{"line":137,"column":67},"end":{"line":137,"column":68}},"loc":{"start":{"line":138,"column":10},"end":{"line":138,"column":55}},"line":138},"9":{"name":"(anonymous_9)","decl":{"start":{"line":138,"column":29},"end":{"line":138,"column":30}},"loc":{"start":{"line":138,"column":34},"end":{"line":138,"column":54}},"line":138},"10":{"name":"(anonymous_10)","decl":{"start":{"line":191,"column":28},"end":{"line":191,"column":29}},"loc":{"start":{"line":191,"column":35},"end":{"line":191,"column":101}},"line":191},"11":{"name":"(anonymous_11)","decl":{"start":{"line":201,"column":28},"end":{"line":201,"column":29}},"loc":{"start":{"line":201,"column":35},"end":{"line":201,"column":94}},"line":201},"12":{"name":"(anonymous_12)","decl":{"start":{"line":213,"column":28},"end":{"line":213,"column":29}},"loc":{"start":{"line":213,"column":35},"end":{"line":213,"column":88}},"line":213},"13":{"name":"(anonymous_13)","decl":{"start":{"line":224,"column":28},"end":{"line":224,"column":29}},"loc":{"start":{"line":224,"column":35},"end":{"line":224,"column":100}},"line":224},"14":{"name":"(anonymous_14)","decl":{"start":{"line":293,"column":28},"end":{"line":293,"column":29}},"loc":{"start":{"line":293,"column":35},"end":{"line":293,"column":109}},"line":293},"15":{"name":"(anonymous_15)","decl":{"start":{"line":304,"column":28},"end":{"line":304,"column":29}},"loc":{"start":{"line":304,"column":35},"end":{"line":304,"column":111}},"line":304},"16":{"name":"(anonymous_16)","decl":{"start":{"line":368,"column":28},"end":{"line":368,"column":29}},"loc":{"start":{"line":368,"column":35},"end":{"line":368,"column":95}},"line":368},"17":{"name":"(anonymous_17)","decl":{"start":{"line":378,"column":28},"end":{"line":378,"column":29}},"loc":{"start":{"line":378,"column":35},"end":{"line":378,"column":88}},"line":378},"18":{"name":"(anonymous_18)","decl":{"start":{"line":389,"column":28},"end":{"line":389,"column":29}},"loc":{"start":{"line":389,"column":35},"end":{"line":389,"column":99}},"line":389},"19":{"name":"(anonymous_19)","decl":{"start":{"line":401,"column":28},"end":{"line":401,"column":29}},"loc":{"start":{"line":401,"column":35},"end":{"line":401,"column":94}},"line":401},"20":{"name":"(anonymous_20)","decl":{"start":{"line":412,"column":28},"end":{"line":412,"column":29}},"loc":{"start":{"line":412,"column":35},"end":{"line":412,"column":82}},"line":412},"21":{"name":"(anonymous_21)","decl":{"start":{"line":423,"column":28},"end":{"line":423,"column":29}},"loc":{"start":{"line":423,"column":35},"end":{"line":423,"column":88}},"line":423},"22":{"name":"(anonymous_22)","decl":{"start":{"line":489,"column":28},"end":{"line":489,"column":29}},"loc":{"start":{"line":489,"column":35},"end":{"line":489,"column":96}},"line":489},"23":{"name":"(anonymous_23)","decl":{"start":{"line":498,"column":28},"end":{"line":498,"column":29}},"loc":{"start":{"line":498,"column":35},"end":{"line":498,"column":95}},"line":498},"24":{"name":"(anonymous_24)","decl":{"start":{"line":507,"column":28},"end":{"line":507,"column":29}},"loc":{"start":{"line":507,"column":35},"end":{"line":507,"column":91}},"line":507},"25":{"name":"(anonymous_25)","decl":{"start":{"line":516,"column":28},"end":{"line":516,"column":29}},"loc":{"start":{"line":516,"column":35},"end":{"line":516,"column":95}},"line":516},"26":{"name":"(anonymous_26)","decl":{"start":{"line":528,"column":28},"end":{"line":528,"column":29}},"loc":{"start":{"line":528,"column":35},"end":{"line":528,"column":84}},"line":528}},"branchMap":{"0":{"loc":{"start":{"line":71,"column":27},"end":{"line":71,"column":103}},"type":"cond-expr","locations":[{"start":{"line":71,"column":58},"end":{"line":71,"column":96}},{"start":{"line":71,"column":99},"end":{"line":71,"column":103}}],"line":71},"1":{"loc":{"start":{"line":77,"column":21},"end":{"line":77,"column":72}},"type":"binary-expr","locations":[{"start":{"line":77,"column":21},"end":{"line":77,"column":49}},{"start":{"line":77,"column":53},"end":{"line":77,"column":72}}],"line":77},"2":{"loc":{"start":{"line":97,"column":27},"end":{"line":97,"column":78}},"type":"binary-expr","locations":[{"start":{"line":97,"column":27},"end":{"line":97,"column":55}},{"start":{"line":97,"column":59},"end":{"line":97,"column":78}}],"line":97},"3":{"loc":{"start":{"line":121,"column":18},"end":{"line":121,"column":69}},"type":"binary-expr","locations":[{"start":{"line":121,"column":18},"end":{"line":121,"column":46}},{"start":{"line":121,"column":50},"end":{"line":121,"column":69}}],"line":121},"4":{"loc":{"start":{"line":146,"column":19},"end":{"line":146,"column":70}},"type":"binary-expr","locations":[{"start":{"line":146,"column":19},"end":{"line":146,"column":47}},{"start":{"line":146,"column":51},"end":{"line":146,"column":70}}],"line":146},"5":{"loc":{"start":{"line":236,"column":19},"end":{"line":236,"column":86}},"type":"cond-expr","locations":[{"start":{"line":236,"column":35},"end":{"line":236,"column":65}},{"start":{"line":236,"column":68},"end":{"line":236,"column":86}}],"line":236},"6":{"loc":{"start":{"line":240,"column":15},"end":{"line":244,"column":15}},"type":"binary-expr","locations":[{"start":{"line":240,"column":15},"end":{"line":240,"column":26}},{"start":{"line":241,"column":16},"end":{"line":243,"column":24}}],"line":240},"7":{"loc":{"start":{"line":246,"column":15},"end":{"line":262,"column":15}},"type":"binary-expr","locations":[{"start":{"line":246,"column":15},"end":{"line":246,"column":27}},{"start":{"line":247,"column":16},"end":{"line":261,"column":22}}],"line":246},"8":{"loc":{"start":{"line":256,"column":19},"end":{"line":260,"column":19}},"type":"binary-expr","locations":[{"start":{"line":256,"column":19},"end":{"line":256,"column":49}},{"start":{"line":257,"column":20},"end":{"line":259,"column":33}}],"line":256},"9":{"loc":{"start":{"line":316,"column":19},"end":{"line":316,"column":88}},"type":"cond-expr","locations":[{"start":{"line":316,"column":41},"end":{"line":316,"column":71}},{"start":{"line":316,"column":74},"end":{"line":316,"column":88}}],"line":316},"10":{"loc":{"start":{"line":320,"column":15},"end":{"line":324,"column":15}},"type":"binary-expr","locations":[{"start":{"line":320,"column":15},"end":{"line":320,"column":32}},{"start":{"line":321,"column":16},"end":{"line":323,"column":24}}],"line":320},"11":{"loc":{"start":{"line":326,"column":15},"end":{"line":337,"column":15}},"type":"binary-expr","locations":[{"start":{"line":326,"column":15},"end":{"line":326,"column":33}},{"start":{"line":327,"column":16},"end":{"line":336,"column":22}}],"line":326},"12":{"loc":{"start":{"line":435,"column":19},"end":{"line":435,"column":74}},"type":"cond-expr","locations":[{"start":{"line":435,"column":32},"end":{"line":435,"column":62}},{"start":{"line":435,"column":65},"end":{"line":435,"column":74}}],"line":435},"13":{"loc":{"start":{"line":439,"column":15},"end":{"line":443,"column":15}},"type":"binary-expr","locations":[{"start":{"line":439,"column":15},"end":{"line":439,"column":23}},{"start":{"line":440,"column":16},"end":{"line":442,"column":24}}],"line":439},"14":{"loc":{"start":{"line":445,"column":15},"end":{"line":461,"column":15}},"type":"binary-expr","locations":[{"start":{"line":445,"column":15},"end":{"line":445,"column":24}},{"start":{"line":446,"column":16},"end":{"line":460,"column":22}}],"line":445},"15":{"loc":{"start":{"line":540,"column":19},"end":{"line":540,"column":91}},"type":"cond-expr","locations":[{"start":{"line":540,"column":33},"end":{"line":540,"column":63}},{"start":{"line":540,"column":66},"end":{"line":540,"column":91}}],"line":540},"16":{"loc":{"start":{"line":544,"column":15},"end":{"line":548,"column":15}},"type":"binary-expr","locations":[{"start":{"line":544,"column":15},"end":{"line":544,"column":24}},{"start":{"line":545,"column":16},"end":{"line":547,"column":24}}],"line":544},"17":{"loc":{"start":{"line":550,"column":15},"end":{"line":565,"column":15}},"type":"binary-expr","locations":[{"start":{"line":550,"column":15},"end":{"line":550,"column":25}},{"start":{"line":551,"column":16},"end":{"line":564,"column":22}}],"line":550}},"s":{"0":1,"1":17,"2":17,"3":17,"4":17,"5":17,"6":17,"7":17,"8":17,"9":17,"10":17,"11":17,"12":17,"13":17,"14":17,"15":17,"16":17,"17":17,"18":1,"19":1,"20":1,"21":1,"22":1,"23":1,"24":0,"25":1,"26":1,"27":17,"28":1,"29":1,"30":1,"31":1,"32":1,"33":1,"34":0,"35":1,"36":1,"37":17,"38":0,"39":0,"40":0,"41":0,"42":0,"43":0,"44":0,"45":0,"46":0,"47":17,"48":0,"49":0,"50":0,"51":0,"52":0,"53":0,"54":0,"55":0,"56":0,"57":0,"58":0,"59":0,"60":0,"61":0,"62":17,"63":0,"64":0,"65":0,"66":0,"67":0,"68":0,"69":0,"70":0,"71":0,"72":0,"73":0,"74":0,"75":0,"76":0,"77":0,"78":0,"79":0},"f":{"0":17,"1":1,"2":1,"3":0,"4":0,"5":0,"6":0,"7":0,"8":0,"9":0,"10":0,"11":0,"12":0,"13":0,"14":0,"15":0,"16":0,"17":0,"18":0,"19":0,"20":0,"21":0,"22":0,"23":0,"24":0,"25":0,"26":0},"b":{"0":[0,1],"1":[1,1],"2":[1,1],"3":[0,0],"4":[0,0],"5":[0,17],"6":[17,2],"7":[17,0],"8":[0,0],"9":[0,17],"10":[17,1],"11":[17,0],"12":[0,17],"13":[17,0],"14":[17,0],"15":[0,17],"16":[17,0],"17":[17,0]},"_coverageSchema":"1a1c01bbd47fc00a2c39e90264f33305004495a9","hash":"54f9e05d5b7c6a4ee1f7c4289ccb5514a38dd806"}
,"/Users/nfb/Code/conservation-biology-toolkit/frontend/src/pages/SamplingTools.js": {"path":"/Users/nfb/Code/conservation-biology-toolkit/frontend/src/pages/SamplingTools.js","statementMap":{"0":{"start":{"line":18,"column":22},"end":{"line":553,"column":1}},"1":{"start":{"line":20,"column":46},"end":{"line":25,"column":4}},"2":{"start":{"line":26,"column":50},"end":{"line":26,"column":64}},"3":{"start":{"line":27,"column":52},"end":{"line":27,"column":67}},"4":{"start":{"line":28,"column":48},"end":{"line":28,"column":62}},"5":{"start":{"line":31,"column":44},"end":{"line":35,"column":4}},"6":{"start":{"line":36,"column":48},"end":{"line":36,"column":62}},"7":{"start":{"line":37,"column":50},"end":{"line":37,"column":65}},"8":{"start":{"line":38,"column":46},"end":{"line":38,"column":60}},"9":{"start":{"line":41,"column":40},"end":{"line":45,"column":4}},"10":{"start":{"line":46,"column":44},"end":{"line":46,"column":58}},"11":{"start":{"line":47,"column":46},"end":{"line":47,"column":61}},"12":{"start":{"line":48,"column":42},"end":{"line":48,"column":56}},"13":{"start":{"line":51,"column":42},"end":{"line":55,"column":4}},"14":{"start":{"line":56,"column":46},"end":{"line":56,"column":60}},"15":{"start":{"line":57,"column":48},"end":{"line":57,"column":63}},"16":{"start":{"line":58,"column":44},"end":{"line":58,"column":58}},"17":{"start":{"line":60,"column":33},"end":{"line":80,"column":3}},"18":{"start":{"line":61,"column":4},"end":{"line":61,"column":23}},"19":{"start":{"line":62,"column":4},"end":{"line":62,"column":31}},"20":{"start":{"line":63,"column":4},"end":{"line":63,"column":29}},"21":{"start":{"line":65,"column":4},"end":{"line":79,"column":5}},"22":{"start":{"line":66,"column":22},"end":{"line":71,"column":7}},"23":{"start":{"line":73,"column":23},"end":{"line":73,"column":90}},"24":{"start":{"line":74,"column":6},"end":{"line":74,"column":41}},"25":{"start":{"line":76,"column":6},"end":{"line":76,"column":78}},"26":{"start":{"line":78,"column":6},"end":{"line":78,"column":34}},"27":{"start":{"line":82,"column":32},"end":{"line":101,"column":3}},"28":{"start":{"line":83,"column":4},"end":{"line":83,"column":23}},"29":{"start":{"line":84,"column":4},"end":{"line":84,"column":30}},"30":{"start":{"line":85,"column":4},"end":{"line":85,"column":28}},"31":{"start":{"line":87,"column":4},"end":{"line":100,"column":5}},"32":{"start":{"line":88,"column":22},"end":{"line":92,"column":7}},"33":{"start":{"line":94,"column":23},"end":{"line":94,"column":100}},"34":{"start":{"line":95,"column":6},"end":{"line":95,"column":40}},"35":{"start":{"line":97,"column":6},"end":{"line":97,"column":77}},"36":{"start":{"line":99,"column":6},"end":{"line":99,"column":33}},"37":{"start":{"line":103,"column":30},"end":{"line":122,"column":3}},"38":{"start":{"line":104,"column":4},"end":{"line":104,"column":23}},"39":{"start":{"line":105,"column":4},"end":{"line":105,"column":28}},"40":{"start":{"line":106,"column":4},"end":{"line":106,"column":26}},"41":{"start":{"line":108,"column":4},"end":{"line":121,"column":5}},"42":{"start":{"line":109,"column":22},"end":{"line":113,"column":7}},"43":{"start":{"line":115,"column":23},"end":{"line":115,"column":96}},"44":{"start":{"line":116,"column":6},"end":{"line":116,"column":38}},"45":{"start":{"line":118,"column":6},"end":{"line":118,"column":75}},"46":{"start":{"line":120,"column":6},"end":{"line":120,"column":31}},"47":{"start":{"line":124,"column":31},"end":{"line":143,"column":3}},"48":{"start":{"line":125,"column":4},"end":{"line":125,"column":23}},"49":{"start":{"line":126,"column":4},"end":{"line":126,"column":29}},"50":{"start":{"line":127,"column":4},"end":{"line":127,"column":27}},"51":{"start":{"line":129,"column":4},"end":{"line":142,"column":5}},"52":{"start":{"line":130,"column":22},"end":{"line":134,"column":7}},"53":{"start":{"line":131,"column":62},"end":{"line":131,"column":82}},"54":{"start":{"line":136,"column":23},"end":{"line":136,"column":96}},"55":{"start":{"line":137,"column":6},"end":{"line":137,"column":39}},"56":{"start":{"line":139,"column":6},"end":{"line":139,"column":76}},"57":{"start":{"line":141,"column":6},"end":{"line":141,"column":32}},"58":{"start":{"line":145,"column":2},"end":{"line":552,"column":4}},"59":{"start":{"line":182,"column":35},"end":{"line":182,"column":106}},"60":{"start":{"line":193,"column":35},"end":{"line":193,"column":110}},"61":{"start":{"line":205,"column":35},"end":{"line":205,"column":106}},"62":{"start":{"line":217,"column":35},"end":{"line":217,"column":107}},"63":{"start":{"line":292,"column":35},"end":{"line":292,"column":99}},"64":{"start":{"line":304,"column":35},"end":{"line":304,"column":96}},"65":{"start":{"line":316,"column":35},"end":{"line":316,"column":105}},"66":{"start":{"line":387,"column":35},"end":{"line":387,"column":104}},"67":{"start":{"line":399,"column":35},"end":{"line":399,"column":104}},"68":{"start":{"line":411,"column":35},"end":{"line":411,"column":101}},"69":{"start":{"line":482,"column":35},"end":{"line":482,"column":96}},"70":{"start":{"line":493,"column":35},"end":{"line":493,"column":102}},"71":{"start":{"line":504,"column":35},"end":{"line":504,"column":101}}},"fnMap":{"0":{"name":"(anonymous_0)","decl":{"start":{"line":18,"column":22},"end":{"line":18,"column":23}},"loc":{"start":{"line":18,"column":28},"end":{"line":553,"column":1}},"line":18},"1":{"name":"(anonymous_1)","decl":{"start":{"line":60,"column":33},"end":{"line":60,"column":34}},"loc":{"start":{"line":60,"column":46},"end":{"line":80,"column":3}},"line":60},"2":{"name":"(anonymous_2)","decl":{"start":{"line":82,"column":32},"end":{"line":82,"column":33}},"loc":{"start":{"line":82,"column":45},"end":{"line":101,"column":3}},"line":82},"3":{"name":"(anonymous_3)","decl":{"start":{"line":103,"column":30},"end":{"line":103,"column":31}},"loc":{"start":{"line":103,"column":43},"end":{"line":122,"column":3}},"line":103},"4":{"name":"(anonymous_4)","decl":{"start":{"line":124,"column":31},"end":{"line":124,"column":32}},"loc":{"start":{"line":124,"column":44},"end":{"line":143,"column":3}},"line":124},"5":{"name":"(anonymous_5)","decl":{"start":{"line":131,"column":57},"end":{"line":131,"column":58}},"loc":{"start":{"line":131,"column":62},"end":{"line":131,"column":82}},"line":131},"6":{"name":"(anonymous_6)","decl":{"start":{"line":182,"column":28},"end":{"line":182,"column":29}},"loc":{"start":{"line":182,"column":35},"end":{"line":182,"column":106}},"line":182},"7":{"name":"(anonymous_7)","decl":{"start":{"line":193,"column":28},"end":{"line":193,"column":29}},"loc":{"start":{"line":193,"column":35},"end":{"line":193,"column":110}},"line":193},"8":{"name":"(anonymous_8)","decl":{"start":{"line":205,"column":28},"end":{"line":205,"column":29}},"loc":{"start":{"line":205,"column":35},"end":{"line":205,"column":106}},"line":205},"9":{"name":"(anonymous_9)","decl":{"start":{"line":217,"column":28},"end":{"line":217,"column":29}},"loc":{"start":{"line":217,"column":35},"end":{"line":217,"column":107}},"line":217},"10":{"name":"(anonymous_10)","decl":{"start":{"line":292,"column":28},"end":{"line":292,"column":29}},"loc":{"start":{"line":292,"column":35},"end":{"line":292,"column":99}},"line":292},"11":{"name":"(anonymous_11)","decl":{"start":{"line":304,"column":28},"end":{"line":304,"column":29}},"loc":{"start":{"line":304,"column":35},"end":{"line":304,"column":96}},"line":304},"12":{"name":"(anonymous_12)","decl":{"start":{"line":316,"column":28},"end":{"line":316,"column":29}},"loc":{"start":{"line":316,"column":35},"end":{"line":316,"column":105}},"line":316},"13":{"name":"(anonymous_13)","decl":{"start":{"line":387,"column":28},"end":{"line":387,"column":29}},"loc":{"start":{"line":387,"column":35},"end":{"line":387,"column":104}},"line":387},"14":{"name":"(anonymous_14)","decl":{"start":{"line":399,"column":28},"end":{"line":399,"column":29}},"loc":{"start":{"line":399,"column":35},"end":{"line":399,"column":104}},"line":399},"15":{"name":"(anonymous_15)","decl":{"start":{"line":411,"column":28},"end":{"line":411,"column":29}},"loc":{"start":{"line":411,"column":35},"end":{"line":411,"column":101}},"line":411},"16":{"name":"(anonymous_16)","decl":{"start":{"line":482,"column":28},"end":{"line":482,"column":29}},"loc":{"start":{"line":482,"column":35},"end":{"line":482,"column":96}},"line":482},"17":{"name":"(anonymous_17)","decl":{"start":{"line":493,"column":28},"end":{"line":493,"column":29}},"loc":{"start":{"line":493,"column":35},"end":{"line":493,"column":102}},"line":493},"18":{"name":"(anonymous_18)","decl":{"start":{"line":504,"column":28},"end":{"line":504,"column":29}},"loc":{"start":{"line":504,"column":35},"end":{"line":504,"column":101}},"line":504}},"branchMap":{"0":{"loc":{"start":{"line":67,"column":25},"end":{"line":67,"column":105}},"type":"cond-expr","locations":[{"start":{"line":67,"column":58},"end":{"line":67,"column":98}},{"start":{"line":67,"column":101},"end":{"line":67,"column":105}}],"line":67},"1":{"loc":{"start":{"line":76,"column":25},"end":{"line":76,"column":76}},"type":"binary-expr","locations":[{"start":{"line":76,"column":25},"end":{"line":76,"column":53}},{"start":{"line":76,"column":57},"end":{"line":76,"column":76}}],"line":76},"2":{"loc":{"start":{"line":97,"column":24},"end":{"line":97,"column":75}},"type":"binary-expr","locations":[{"start":{"line":97,"column":24},"end":{"line":97,"column":52}},{"start":{"line":97,"column":56},"end":{"line":97,"column":75}}],"line":97},"3":{"loc":{"start":{"line":118,"column":22},"end":{"line":118,"column":73}},"type":"binary-expr","locations":[{"start":{"line":118,"column":22},"end":{"line":118,"column":50}},{"start":{"line":118,"column":54},"end":{"line":118,"column":73}}],"line":118},"4":{"loc":{"start":{"line":139,"column":23},"end":{"line":139,"column":74}},"type":"binary-expr","locations":[{"start":{"line":139,"column":23},"end":{"line":139,"column":51}},{"start":{"line":139,"column":55},"end":{"line":139,"column":74}}],"line":139},"5":{"loc":{"start":{"line":230,"column":19},"end":{"line":230,"column":95}},"type":"cond-expr","locations":[{"start":{"line":230,"column":39},"end":{"line":230,"column":69}},{"start":{"line":230,"column":72},"end":{"line":230,"column":95}}],"line":230},"6":{"loc":{"start":{"line":234,"column":15},"end":{"line":238,"column":15}},"type":"binary-expr","locations":[{"start":{"line":234,"column":15},"end":{"line":234,"column":30}},{"start":{"line":235,"column":16},"end":{"line":237,"column":24}}],"line":234},"7":{"loc":{"start":{"line":240,"column":15},"end":{"line":261,"column":15}},"type":"binary-expr","locations":[{"start":{"line":240,"column":15},"end":{"line":240,"column":31}},{"start":{"line":241,"column":16},"end":{"line":260,"column":22}}],"line":240},"8":{"loc":{"start":{"line":252,"column":19},"end":{"line":259,"column":19}},"type":"binary-expr","locations":[{"start":{"line":252,"column":19},"end":{"line":252,"column":64}},{"start":{"line":253,"column":20},"end":{"line":258,"column":22}}],"line":252},"9":{"loc":{"start":{"line":329,"column":19},"end":{"line":329,"column":104}},"type":"cond-expr","locations":[{"start":{"line":329,"column":38},"end":{"line":329,"column":68}},{"start":{"line":329,"column":71},"end":{"line":329,"column":104}}],"line":329},"10":{"loc":{"start":{"line":333,"column":15},"end":{"line":337,"column":15}},"type":"binary-expr","locations":[{"start":{"line":333,"column":15},"end":{"line":333,"column":29}},{"start":{"line":334,"column":16},"end":{"line":336,"column":24}}],"line":333},"11":{"loc":{"start":{"line":339,"column":15},"end":{"line":356,"column":15}},"type":"binary-expr","locations":[{"start":{"line":339,"column":15},"end":{"line":339,"column":30}},{"start":{"line":340,"column":16},"end":{"line":355,"column":22}}],"line":339},"12":{"loc":{"start":{"line":424,"column":19},"end":{"line":424,"column":90}},"type":"cond-expr","locations":[{"start":{"line":424,"column":36},"end":{"line":424,"column":66}},{"start":{"line":424,"column":69},"end":{"line":424,"column":90}}],"line":424},"13":{"loc":{"start":{"line":428,"column":15},"end":{"line":432,"column":15}},"type":"binary-expr","locations":[{"start":{"line":428,"column":15},"end":{"line":428,"column":27}},{"start":{"line":429,"column":16},"end":{"line":431,"column":24}}],"line":428},"14":{"loc":{"start":{"line":434,"column":15},"end":{"line":454,"column":15}},"type":"binary-expr","locations":[{"start":{"line":434,"column":15},"end":{"line":434,"column":28}},{"start":{"line":435,"column":16},"end":{"line":453,"column":22}}],"line":434},"15":{"loc":{"start":{"line":517,"column":19},"end":{"line":517,"column":88}},"type":"cond-expr","locations":[{"start":{"line":517,"column":37},"end":{"line":517,"column":67}},{"start":{"line":517,"column":70},"end":{"line":517,"column":88}}],"line":517},"16":{"loc":{"start":{"line":521,"column":15},"end":{"line":525,"column":15}},"type":"binary-expr","locations":[{"start":{"line":521,"column":15},"end":{"line":521,"column":28}},{"start":{"line":522,"column":16},"end":{"line":524,"column":24}}],"line":521},"17":{"loc":{"start":{"line":527,"column":15},"end":{"line":546,"column":15}},"type":"binary-expr","locations":[{"start":{"line":527,"column":15},"end":{"line":527,"column":29}},{"start":{"line":528,"column":16},"end":{"line":545,"column":22}}],"line":527}},"s":{"0":1,"1":19,"2":19,"3":19,"4":19,"5":19,"6":19,"7":19,"8":19,"9":19,"10":19,"11":19,"12":19,"13":19,"14":19,"15":19,"16":19,"17":19,"18":1,"19":1,"20":1,"21":1,"22":1,"23":1,"24":0,"25":1,"26":1,"27":19,"28":1,"29":1,"30":1,"31":1,"32":1,"33":1,"34":0,"35":1,"36":1,"37":19,"38":0,"39":0,"40":0,"41":0,"42":0,"43":0,"44":0,"45":0,"46":0,"47":19,"48":0,"49":0,"50":0,"51":0,"52":0,"53":0,"54":0,"55":0,"56":0,"57":0,"58":19,"59":0,"60":1,"61":0,"62":0,"63":0,"64":0,"65":0,"66":0,"67":0,"68":0,"69":1,"70":0,"71":0},"f":{"0":19,"1":1,"2":1,"3":0,"4":0,"5":0,"6":0,"7":1,"8":0,"9":0,"10":0,"11":0,"12":0,"13":0,"14":0,"15":0,"16":1,"17":0,"18":0},"b":{"0":[0,1],"1":[1,1],"2":[1,1],"3":[0,0],"4":[0,0],"5":[0,19],"6":[19,2],"7":[19,0],"8":[0,0],"9":[0,19],"10":[19,1],"11":[19,0],"12":[0,19],"13":[19,0],"14":[19,0],"15":[0,19],"16":[19,0],"17":[19,0]},"_coverageSchema":"1a1c01bbd47fc00a2c39e90264f33305004495a9","hash":"0858e88029f1ce2142e4a6491b117b5759d68893"}
}
