TN:
SF:src/App.js
FN:22,App
FNF:1
FNH:1
FNDA:9,App
DA:11,1
DA:23,9
LF:2
LH:2
BRF:0
BRH:0
end_of_record
TN:
SF:src/components/Navbar.js
FN:5,(anonymous_0)
FN:23,(anonymous_1)
FNF:2
FNH:2
FNDA:22,(anonymous_0)
FNDA:110,(anonymous_1)
DA:5,2
DA:6,22
DA:8,22
DA:16,22
DA:24,110
LF:5
LH:5
BRDA:30,0,0,21
BRDA:30,0,1,89
BRF:2
BRH:2
end_of_record
TN:
SF:src/config/api.js
FNF:0
FNH:0
DA:2,2
DA:15,2
DA:17,2
LF:3
LH:3
BRDA:15,0,0,2
BRDA:15,0,1,0
BRF:2
BRH:1
end_of_record
TN:
SF:src/pages/Home.js
FN:24,(anonymous_0)
FN:146,(anonymous_1)
FN:167,(anonymous_2)
FNF:3
FNH:3
FNDA:24,(anonymous_0)
FNDA:120,(anonymous_1)
FNDA:408,(anonymous_2)
DA:24,1
DA:25,24
DA:63,24
DA:147,120
DA:168,408
LF:5
LH:5
BRDA:156,0,0,48
BRDA:156,0,1,72
BRDA:180,1,0,48
BRDA:180,1,1,72
BRDA:186,2,0,48
BRDA:186,2,1,72
BRDA:191,3,0,120
BRDA:191,3,1,48
BRDA:202,4,0,48
BRDA:202,4,1,72
BRF:10
BRH:10
end_of_record
TN:
SF:src/pages/PopulationTools.js
FN:17,(anonymous_0)
FN:61,(anonymous_1)
FN:83,(anonymous_2)
FN:103,(anonymous_3)
FN:127,(anonymous_4)
FN:134,(anonymous_5)
FN:135,(anonymous_6)
FN:136,(anonymous_7)
FN:137,(anonymous_8)
FN:138,(anonymous_9)
FN:191,(anonymous_10)
FN:201,(anonymous_11)
FN:213,(anonymous_12)
FN:224,(anonymous_13)
FN:293,(anonymous_14)
FN:304,(anonymous_15)
FN:368,(anonymous_16)
FN:378,(anonymous_17)
FN:389,(anonymous_18)
FN:401,(anonymous_19)
FN:412,(anonymous_20)
FN:423,(anonymous_21)
FN:489,(anonymous_22)
FN:498,(anonymous_23)
FN:507,(anonymous_24)
FN:516,(anonymous_25)
FN:528,(anonymous_26)
FNF:27
FNH:26
FNDA:80,(anonymous_0)
FNDA:9,(anonymous_1)
FNDA:3,(anonymous_2)
FNDA:2,(anonymous_3)
FNDA:2,(anonymous_4)
FNDA:6,(anonymous_5)
FNDA:6,(anonymous_6)
FNDA:6,(anonymous_7)
FNDA:6,(anonymous_8)
FNDA:18,(anonymous_9)
FNDA:1,(anonymous_10)
FNDA:9,(anonymous_11)
FNDA:1,(anonymous_12)
FNDA:2,(anonymous_13)
FNDA:1,(anonymous_14)
FNDA:1,(anonymous_15)
FNDA:3,(anonymous_16)
FNDA:1,(anonymous_17)
FNDA:1,(anonymous_18)
FNDA:1,(anonymous_19)
FNDA:1,(anonymous_20)
FNDA:2,(anonymous_21)
FNDA:2,(anonymous_22)
FNDA:1,(anonymous_23)
FNDA:1,(anonymous_24)
FNDA:2,(anonymous_25)
FNDA:0,(anonymous_26)
DA:17,1
DA:18,80
DA:24,80
DA:25,80
DA:26,80
DA:28,80
DA:32,80
DA:33,80
DA:34,80
DA:37,80
DA:45,80
DA:46,80
DA:47,80
DA:50,80
DA:57,80
DA:58,80
DA:59,80
DA:61,80
DA:62,9
DA:63,9
DA:64,9
DA:66,9
DA:67,9
DA:74,9
DA:75,0
DA:77,9
DA:79,9
DA:83,80
DA:84,3
DA:85,3
DA:86,3
DA:88,3
DA:89,3
DA:94,3
DA:95,0
DA:97,3
DA:99,3
DA:103,80
DA:104,2
DA:105,2
DA:106,2
DA:108,2
DA:109,2
DA:118,2
DA:119,0
DA:121,2
DA:123,2
DA:127,80
DA:128,2
DA:129,2
DA:130,2
DA:132,2
DA:133,2
DA:134,6
DA:135,6
DA:136,6
DA:138,18
DA:143,2
DA:144,0
DA:146,2
DA:148,2
DA:152,80
DA:191,1
DA:201,9
DA:213,1
DA:224,2
DA:293,1
DA:304,1
DA:368,3
DA:378,1
DA:389,1
DA:401,1
DA:412,1
DA:423,2
DA:489,2
DA:498,1
DA:507,1
DA:516,2
DA:528,0
LF:79
LH:74
BRDA:71,0,0,1
BRDA:71,0,1,8
BRDA:77,1,0,9
BRDA:77,1,1,9
BRDA:97,2,0,3
BRDA:97,2,1,3
BRDA:121,3,0,2
BRDA:121,3,1,2
BRDA:146,4,0,2
BRDA:146,4,1,2
BRDA:236,5,0,0
BRDA:236,5,1,80
BRDA:240,6,0,80
BRDA:240,6,1,16
BRDA:246,7,0,80
BRDA:246,7,1,0
BRDA:256,8,0,0
BRDA:256,8,1,0
BRDA:316,9,0,0
BRDA:316,9,1,80
BRDA:320,10,0,80
BRDA:320,10,1,7
BRDA:326,11,0,80
BRDA:326,11,1,0
BRDA:435,12,0,0
BRDA:435,12,1,80
BRDA:439,13,0,80
BRDA:439,13,1,4
BRDA:445,14,0,80
BRDA:445,14,1,0
BRDA:540,15,0,0
BRDA:540,15,1,80
BRDA:544,16,0,80
BRDA:544,16,1,2
BRDA:550,17,0,80
BRDA:550,17,1,0
BRF:36
BRH:26
end_of_record
TN:
SF:src/pages/SamplingTools.js
FN:18,(anonymous_0)
FN:60,(anonymous_1)
FN:82,(anonymous_2)
FN:103,(anonymous_3)
FN:124,(anonymous_4)
FN:131,(anonymous_5)
FN:182,(anonymous_6)
FN:193,(anonymous_7)
FN:205,(anonymous_8)
FN:217,(anonymous_9)
FN:292,(anonymous_10)
FN:304,(anonymous_11)
FN:316,(anonymous_12)
FN:387,(anonymous_13)
FN:399,(anonymous_14)
FN:411,(anonymous_15)
FN:482,(anonymous_16)
FN:493,(anonymous_17)
FN:504,(anonymous_18)
FNF:19
FNH:18
FNDA:93,(anonymous_0)
FNDA:8,(anonymous_1)
FNDA:5,(anonymous_2)
FNDA:4,(anonymous_3)
FNDA:4,(anonymous_4)
FNDA:32,(anonymous_5)
FNDA:2,(anonymous_6)
FNDA:7,(anonymous_7)
FNDA:3,(anonymous_8)
FNDA:3,(anonymous_9)
FNDA:2,(anonymous_10)
FNDA:2,(anonymous_11)
FNDA:1,(anonymous_12)
FNDA:2,(anonymous_13)
FNDA:3,(anonymous_14)
FNDA:3,(anonymous_15)
FNDA:8,(anonymous_16)
FNDA:0,(anonymous_17)
FNDA:1,(anonymous_18)
DA:18,1
DA:20,93
DA:26,93
DA:27,93
DA:28,93
DA:31,93
DA:36,93
DA:37,93
DA:38,93
DA:41,93
DA:46,93
DA:47,93
DA:48,93
DA:51,93
DA:56,93
DA:57,93
DA:58,93
DA:60,93
DA:61,8
DA:62,8
DA:63,8
DA:65,8
DA:66,8
DA:73,8
DA:74,0
DA:76,8
DA:78,8
DA:82,93
DA:83,5
DA:84,5
DA:85,5
DA:87,5
DA:88,5
DA:94,5
DA:95,0
DA:97,5
DA:99,5
DA:103,93
DA:104,4
DA:105,4
DA:106,4
DA:108,4
DA:109,4
DA:115,4
DA:116,0
DA:118,4
DA:120,4
DA:124,93
DA:125,4
DA:126,4
DA:127,4
DA:129,4
DA:130,4
DA:131,32
DA:136,4
DA:137,0
DA:139,4
DA:141,4
DA:145,93
DA:182,2
DA:193,7
DA:205,3
DA:217,3
DA:292,2
DA:304,2
DA:316,1
DA:387,2
DA:399,3
DA:411,3
DA:482,8
DA:493,0
DA:504,1
LF:72
LH:67
BRDA:67,0,0,1
BRDA:67,0,1,7
BRDA:76,1,0,8
BRDA:76,1,1,8
BRDA:97,2,0,5
BRDA:97,2,1,5
BRDA:118,3,0,4
BRDA:118,3,1,4
BRDA:139,4,0,4
BRDA:139,4,1,4
BRDA:230,5,0,0
BRDA:230,5,1,93
BRDA:234,6,0,93
BRDA:234,6,1,21
BRDA:240,7,0,93
BRDA:240,7,1,0
BRDA:252,8,0,0
BRDA:252,8,1,0
BRDA:329,9,0,0
BRDA:329,9,1,93
BRDA:333,10,0,93
BRDA:333,10,1,13
BRDA:339,11,0,93
BRDA:339,11,1,0
BRDA:424,12,0,0
BRDA:424,12,1,93
BRDA:428,13,0,93
BRDA:428,13,1,8
BRDA:434,14,0,93
BRDA:434,14,1,0
BRDA:517,15,0,0
BRDA:517,15,1,93
BRDA:521,16,0,93
BRDA:521,16,1,4
BRDA:527,17,0,93
BRDA:527,17,1,0
BRF:36
BRH:26
end_of_record
