TN:
SF:src/App.js
FN:24,App
FNF:1
FNH:1
FNDA:9,App
DA:13,1
DA:25,9
LF:2
LH:2
BRF:0
BRH:0
end_of_record
TN:
SF:src/components/Navbar.js
FN:5,(anonymous_0)
FN:24,(anonymous_1)
FNF:2
FNH:2
FNDA:22,(anonymous_0)
FNDA:132,(anonymous_1)
DA:5,2
DA:6,22
DA:8,22
DA:17,22
DA:25,132
LF:5
LH:5
BRDA:31,0,0,21
BRDA:31,0,1,111
BRF:2
BRH:2
end_of_record
TN:
SF:src/config/api.js
FNF:0
FNH:0
DA:2,4
DA:19,4
DA:21,4
LF:3
LH:3
BRDA:19,0,0,4
BRDA:19,0,1,0
BRF:2
BRH:1
end_of_record
TN:
SF:src/pages/GeneticTools.js
FN:27,(anonymous_0)
FN:60,(anonymous_1)
FN:67,(anonymous_2)
FN:70,(anonymous_3)
FN:93,(anonymous_4)
FN:101,(anonymous_5)
FN:102,(anonymous_6)
FN:126,(anonymous_7)
FN:133,(anonymous_8)
FN:134,(anonymous_9)
FN:153,(anonymous_10)
FN:160,(anonymous_11)
FN:161,(anonymous_12)
FN:165,(anonymous_13)
FN:166,(anonymous_14)
FN:227,(anonymous_15)
FN:253,(anonymous_16)
FN:300,(anonymous_17)
FN:310,(anonymous_18)
FN:321,(anonymous_19)
FN:388,(anonymous_20)
FN:459,(anonymous_21)
FN:469,(anonymous_22)
FN:499,(anonymous_23)
FNF:24
FNH:22
FNDA:108,(anonymous_0)
FNDA:9,(anonymous_1)
FNDA:23,(anonymous_2)
FNDA:37,(anonymous_3)
FNDA:4,(anonymous_4)
FNDA:12,(anonymous_5)
FNDA:12,(anonymous_6)
FNDA:4,(anonymous_7)
FNDA:24,(anonymous_8)
FNDA:24,(anonymous_9)
FNDA:4,(anonymous_10)
FNDA:16,(anonymous_11)
FNDA:16,(anonymous_12)
FNDA:16,(anonymous_13)
FNDA:16,(anonymous_14)
FNDA:23,(anonymous_15)
FNDA:0,(anonymous_16)
FNDA:9,(anonymous_17)
FNDA:7,(anonymous_18)
FNDA:3,(anonymous_19)
FNDA:7,(anonymous_20)
FNDA:4,(anonymous_21)
FNDA:3,(anonymous_22)
FNDA:0,(anonymous_23)
DA:27,2
DA:29,108
DA:30,108
DA:31,108
DA:34,108
DA:39,108
DA:40,108
DA:43,108
DA:44,108
DA:45,108
DA:48,108
DA:49,108
DA:50,108
DA:51,108
DA:54,108
DA:55,108
DA:56,108
DA:57,108
DA:60,108
DA:61,9
DA:62,9
DA:64,9
DA:66,9
DA:67,23
DA:69,9
DA:70,37
DA:71,19
DA:72,2
DA:74,17
DA:75,17
DA:76,2
DA:80,5
DA:84,0
DA:86,9
DA:88,9
DA:93,108
DA:94,4
DA:95,4
DA:97,4
DA:99,4
DA:101,12
DA:102,12
DA:104,4
DA:105,4
DA:107,4
DA:108,0
DA:111,4
DA:117,0
DA:119,4
DA:121,4
DA:126,108
DA:127,4
DA:128,4
DA:130,4
DA:131,4
DA:133,24
DA:134,24
DA:136,4
DA:137,0
DA:140,4
DA:144,0
DA:146,4
DA:148,4
DA:153,108
DA:154,4
DA:155,4
DA:157,4
DA:158,4
DA:160,16
DA:161,16
DA:163,4
DA:165,16
DA:166,16
DA:168,4
DA:169,0
DA:172,4
DA:173,0
DA:176,4
DA:181,0
DA:183,4
DA:185,4
DA:189,108
DA:227,23
DA:254,0
DA:300,9
DA:310,7
DA:321,3
DA:388,7
DA:459,4
DA:469,3
DA:500,0
LF:91
LH:81
BRDA:71,0,0,2
BRDA:71,0,1,17
BRDA:71,1,0,19
BRDA:71,1,1,18
BRDA:75,2,0,2
BRDA:75,2,1,15
BRDA:75,3,0,17
BRDA:75,3,1,16
BRDA:86,4,0,9
BRDA:86,4,1,9
BRDA:86,4,2,0
BRDA:107,5,0,0
BRDA:107,5,1,4
BRDA:107,6,0,4
BRDA:107,6,1,4
BRDA:107,6,2,4
BRDA:119,7,0,4
BRDA:119,7,1,4
BRDA:119,7,2,0
BRDA:134,8,0,24
BRDA:134,8,1,24
BRDA:136,9,0,0
BRDA:136,9,1,4
BRDA:146,10,0,4
BRDA:146,10,1,4
BRDA:146,10,2,0
BRDA:161,11,0,16
BRDA:161,11,1,16
BRDA:166,12,0,16
BRDA:166,12,1,16
BRDA:168,13,0,0
BRDA:168,13,1,4
BRDA:168,14,0,4
BRDA:168,14,1,4
BRDA:172,15,0,0
BRDA:172,15,1,4
BRDA:183,16,0,4
BRDA:183,16,1,4
BRDA:183,16,2,0
BRDA:232,17,0,108
BRDA:232,17,1,24
BRDA:238,18,0,108
BRDA:238,18,1,0
BRDA:242,19,0,0
BRDA:242,19,1,0
BRDA:243,20,0,0
BRDA:243,20,1,0
BRDA:264,21,0,108
BRDA:264,21,1,108
BRDA:265,22,0,0
BRDA:265,22,1,108
BRDA:267,23,0,0
BRDA:267,23,1,108
BRDA:327,24,0,108
BRDA:327,24,1,12
BRDA:333,25,0,108
BRDA:333,25,1,0
BRDA:352,26,0,108
BRDA:352,26,1,108
BRDA:353,27,0,0
BRDA:353,27,1,108
BRDA:355,28,0,0
BRDA:355,28,1,108
BRDA:393,29,0,108
BRDA:393,29,1,8
BRDA:399,30,0,108
BRDA:399,30,1,0
BRDA:403,31,0,0
BRDA:403,31,1,0
BRDA:404,32,0,0
BRDA:404,32,1,0
BRDA:411,33,0,0
BRDA:411,33,1,0
BRDA:423,34,0,108
BRDA:423,34,1,108
BRDA:424,35,0,0
BRDA:424,35,1,108
BRDA:426,36,0,0
BRDA:426,36,1,108
BRDA:474,37,0,108
BRDA:474,37,1,4
BRDA:480,38,0,108
BRDA:480,38,1,0
BRDA:518,39,0,108
BRDA:518,39,1,108
BRDA:518,39,2,107
BRDA:519,40,0,0
BRDA:519,40,1,108
BRDA:521,41,0,0
BRDA:521,41,1,108
BRF:90
BRH:60
end_of_record
TN:
SF:src/pages/Home.js
FN:24,(anonymous_0)
FN:198,(anonymous_1)
FN:219,(anonymous_2)
FNF:3
FNH:3
FNDA:24,(anonymous_0)
FNDA:144,(anonymous_1)
FNDA:504,(anonymous_2)
DA:24,1
DA:25,24
DA:70,24
DA:199,144
DA:220,504
LF:5
LH:5
BRDA:208,0,0,96
BRDA:208,0,1,48
BRDA:232,1,0,96
BRDA:232,1,1,48
BRDA:238,2,0,96
BRDA:238,2,1,48
BRDA:243,3,0,144
BRDA:243,3,1,96
BRDA:254,4,0,96
BRDA:254,4,1,48
BRF:10
BRH:10
end_of_record
TN:
SF:src/pages/PopulationTools.js
FN:17,(anonymous_0)
FN:61,(anonymous_1)
FN:83,(anonymous_2)
FN:103,(anonymous_3)
FN:127,(anonymous_4)
FN:134,(anonymous_5)
FN:135,(anonymous_6)
FN:136,(anonymous_7)
FN:137,(anonymous_8)
FN:138,(anonymous_9)
FN:191,(anonymous_10)
FN:201,(anonymous_11)
FN:213,(anonymous_12)
FN:224,(anonymous_13)
FN:293,(anonymous_14)
FN:304,(anonymous_15)
FN:368,(anonymous_16)
FN:378,(anonymous_17)
FN:389,(anonymous_18)
FN:401,(anonymous_19)
FN:412,(anonymous_20)
FN:423,(anonymous_21)
FN:489,(anonymous_22)
FN:498,(anonymous_23)
FN:507,(anonymous_24)
FN:516,(anonymous_25)
FN:528,(anonymous_26)
FNF:27
FNH:26
FNDA:80,(anonymous_0)
FNDA:9,(anonymous_1)
FNDA:3,(anonymous_2)
FNDA:2,(anonymous_3)
FNDA:2,(anonymous_4)
FNDA:6,(anonymous_5)
FNDA:6,(anonymous_6)
FNDA:6,(anonymous_7)
FNDA:6,(anonymous_8)
FNDA:18,(anonymous_9)
FNDA:1,(anonymous_10)
FNDA:9,(anonymous_11)
FNDA:1,(anonymous_12)
FNDA:2,(anonymous_13)
FNDA:1,(anonymous_14)
FNDA:1,(anonymous_15)
FNDA:3,(anonymous_16)
FNDA:1,(anonymous_17)
FNDA:1,(anonymous_18)
FNDA:1,(anonymous_19)
FNDA:1,(anonymous_20)
FNDA:2,(anonymous_21)
FNDA:2,(anonymous_22)
FNDA:1,(anonymous_23)
FNDA:1,(anonymous_24)
FNDA:2,(anonymous_25)
FNDA:0,(anonymous_26)
DA:17,1
DA:18,80
DA:24,80
DA:25,80
DA:26,80
DA:28,80
DA:32,80
DA:33,80
DA:34,80
DA:37,80
DA:45,80
DA:46,80
DA:47,80
DA:50,80
DA:57,80
DA:58,80
DA:59,80
DA:61,80
DA:62,9
DA:63,9
DA:64,9
DA:66,9
DA:67,9
DA:74,9
DA:75,0
DA:77,9
DA:79,9
DA:83,80
DA:84,3
DA:85,3
DA:86,3
DA:88,3
DA:89,3
DA:94,3
DA:95,0
DA:97,3
DA:99,3
DA:103,80
DA:104,2
DA:105,2
DA:106,2
DA:108,2
DA:109,2
DA:118,2
DA:119,0
DA:121,2
DA:123,2
DA:127,80
DA:128,2
DA:129,2
DA:130,2
DA:132,2
DA:133,2
DA:134,6
DA:135,6
DA:136,6
DA:138,18
DA:143,2
DA:144,0
DA:146,2
DA:148,2
DA:152,80
DA:191,1
DA:201,9
DA:213,1
DA:224,2
DA:293,1
DA:304,1
DA:368,3
DA:378,1
DA:389,1
DA:401,1
DA:412,1
DA:423,2
DA:489,2
DA:498,1
DA:507,1
DA:516,2
DA:528,0
LF:79
LH:74
BRDA:71,0,0,1
BRDA:71,0,1,8
BRDA:77,1,0,9
BRDA:77,1,1,9
BRDA:97,2,0,3
BRDA:97,2,1,3
BRDA:121,3,0,2
BRDA:121,3,1,2
BRDA:146,4,0,2
BRDA:146,4,1,2
BRDA:236,5,0,0
BRDA:236,5,1,80
BRDA:240,6,0,80
BRDA:240,6,1,16
BRDA:246,7,0,80
BRDA:246,7,1,0
BRDA:256,8,0,0
BRDA:256,8,1,0
BRDA:316,9,0,0
BRDA:316,9,1,80
BRDA:320,10,0,80
BRDA:320,10,1,7
BRDA:326,11,0,80
BRDA:326,11,1,0
BRDA:435,12,0,0
BRDA:435,12,1,80
BRDA:439,13,0,80
BRDA:439,13,1,4
BRDA:445,14,0,80
BRDA:445,14,1,0
BRDA:540,15,0,0
BRDA:540,15,1,80
BRDA:544,16,0,80
BRDA:544,16,1,2
BRDA:550,17,0,80
BRDA:550,17,1,0
BRF:36
BRH:26
end_of_record
TN:
SF:src/pages/SamplingTools.js
FN:18,(anonymous_0)
FN:60,(anonymous_1)
FN:82,(anonymous_2)
FN:103,(anonymous_3)
FN:124,(anonymous_4)
FN:131,(anonymous_5)
FN:182,(anonymous_6)
FN:193,(anonymous_7)
FN:205,(anonymous_8)
FN:217,(anonymous_9)
FN:292,(anonymous_10)
FN:304,(anonymous_11)
FN:316,(anonymous_12)
FN:387,(anonymous_13)
FN:399,(anonymous_14)
FN:411,(anonymous_15)
FN:482,(anonymous_16)
FN:493,(anonymous_17)
FN:504,(anonymous_18)
FNF:19
FNH:18
FNDA:93,(anonymous_0)
FNDA:8,(anonymous_1)
FNDA:5,(anonymous_2)
FNDA:4,(anonymous_3)
FNDA:4,(anonymous_4)
FNDA:32,(anonymous_5)
FNDA:2,(anonymous_6)
FNDA:7,(anonymous_7)
FNDA:3,(anonymous_8)
FNDA:3,(anonymous_9)
FNDA:2,(anonymous_10)
FNDA:2,(anonymous_11)
FNDA:1,(anonymous_12)
FNDA:2,(anonymous_13)
FNDA:3,(anonymous_14)
FNDA:3,(anonymous_15)
FNDA:8,(anonymous_16)
FNDA:0,(anonymous_17)
FNDA:1,(anonymous_18)
DA:18,1
DA:20,93
DA:26,93
DA:27,93
DA:28,93
DA:31,93
DA:36,93
DA:37,93
DA:38,93
DA:41,93
DA:46,93
DA:47,93
DA:48,93
DA:51,93
DA:56,93
DA:57,93
DA:58,93
DA:60,93
DA:61,8
DA:62,8
DA:63,8
DA:65,8
DA:66,8
DA:73,8
DA:74,0
DA:76,8
DA:78,8
DA:82,93
DA:83,5
DA:84,5
DA:85,5
DA:87,5
DA:88,5
DA:94,5
DA:95,0
DA:97,5
DA:99,5
DA:103,93
DA:104,4
DA:105,4
DA:106,4
DA:108,4
DA:109,4
DA:115,4
DA:116,0
DA:118,4
DA:120,4
DA:124,93
DA:125,4
DA:126,4
DA:127,4
DA:129,4
DA:130,4
DA:131,32
DA:136,4
DA:137,0
DA:139,4
DA:141,4
DA:145,93
DA:182,2
DA:193,7
DA:205,3
DA:217,3
DA:292,2
DA:304,2
DA:316,1
DA:387,2
DA:399,3
DA:411,3
DA:482,8
DA:493,0
DA:504,1
LF:72
LH:67
BRDA:67,0,0,1
BRDA:67,0,1,7
BRDA:76,1,0,8
BRDA:76,1,1,8
BRDA:97,2,0,5
BRDA:97,2,1,5
BRDA:118,3,0,4
BRDA:118,3,1,4
BRDA:139,4,0,4
BRDA:139,4,1,4
BRDA:230,5,0,0
BRDA:230,5,1,93
BRDA:234,6,0,93
BRDA:234,6,1,21
BRDA:240,7,0,93
BRDA:240,7,1,0
BRDA:252,8,0,0
BRDA:252,8,1,0
BRDA:329,9,0,0
BRDA:329,9,1,93
BRDA:333,10,0,93
BRDA:333,10,1,13
BRDA:339,11,0,93
BRDA:339,11,1,0
BRDA:424,12,0,0
BRDA:424,12,1,93
BRDA:428,13,0,93
BRDA:428,13,1,8
BRDA:434,14,0,93
BRDA:434,14,1,0
BRDA:517,15,0,0
BRDA:517,15,1,93
BRDA:521,16,0,93
BRDA:521,16,1,4
BRDA:527,17,0,93
BRDA:527,17,1,0
BRF:36
BRH:26
end_of_record
TN:
SF:src/pages/SpeciesAssessment.js
FN:26,(anonymous_0)
FN:68,(anonymous_1)
FN:97,(anonymous_2)
FN:120,(anonymous_3)
FN:141,(anonymous_4)
FN:152,(anonymous_5)
FN:205,(anonymous_6)
FN:216,(anonymous_7)
FN:232,(anonymous_8)
FN:242,(anonymous_9)
FN:252,(anonymous_10)
FN:261,(anonymous_11)
FN:287,(anonymous_12)
FN:342,(anonymous_13)
FN:352,(anonymous_14)
FN:367,(anonymous_15)
FN:378,(anonymous_16)
FN:389,(anonymous_17)
FN:423,(anonymous_18)
FN:435,(anonymous_19)
FN:486,(anonymous_20)
FN:496,(anonymous_21)
FN:506,(anonymous_22)
FN:515,(anonymous_23)
FNF:24
FNH:20
FNDA:80,(anonymous_0)
FNDA:9,(anonymous_1)
FNDA:7,(anonymous_2)
FNDA:4,(anonymous_3)
FNDA:6,(anonymous_4)
FNDA:7,(anonymous_5)
FNDA:4,(anonymous_6)
FNDA:2,(anonymous_7)
FNDA:1,(anonymous_8)
FNDA:1,(anonymous_9)
FNDA:1,(anonymous_10)
FNDA:1,(anonymous_11)
FNDA:5,(anonymous_12)
FNDA:0,(anonymous_13)
FNDA:1,(anonymous_14)
FNDA:1,(anonymous_15)
FNDA:1,(anonymous_16)
FNDA:1,(anonymous_17)
FNDA:7,(anonymous_18)
FNDA:6,(anonymous_19)
FNDA:0,(anonymous_20)
FNDA:0,(anonymous_21)
FNDA:0,(anonymous_22)
FNDA:1,(anonymous_23)
DA:26,2
DA:28,80
DA:38,79
DA:39,79
DA:42,79
DA:49,79
DA:50,79
DA:53,79
DA:59,79
DA:60,79
DA:63,79
DA:64,79
DA:65,79
DA:68,79
DA:69,9
DA:70,9
DA:72,9
DA:73,9
DA:88,9
DA:89,7
DA:91,2
DA:93,9
DA:97,79
DA:98,7
DA:99,7
DA:101,7
DA:102,7
DA:110,7
DA:111,6
DA:113,1
DA:115,7
DA:120,79
DA:121,4
DA:122,4
DA:124,4
DA:125,4
DA:132,4
DA:133,3
DA:135,1
DA:137,4
DA:141,79
DA:142,6
DA:149,6
DA:152,79
DA:153,7
DA:159,7
DA:162,79
DA:205,4
DA:216,2
DA:232,1
DA:242,1
DA:252,1
DA:261,1
DA:288,5
DA:342,0
DA:352,1
DA:367,1
DA:378,1
DA:389,1
DA:424,7
DA:436,6
DA:486,0
DA:496,0
DA:506,0
DA:515,1
LF:65
LH:61
BRDA:75,0,0,9
BRDA:75,0,1,0
BRDA:76,1,0,9
BRDA:76,1,1,0
BRDA:77,2,0,9
BRDA:77,2,1,0
BRDA:78,3,0,9
BRDA:78,3,1,0
BRDA:81,4,0,9
BRDA:81,4,1,0
BRDA:82,5,0,9
BRDA:82,5,1,0
BRDA:83,6,0,9
BRDA:83,6,1,0
BRDA:91,7,0,2
BRDA:91,7,1,2
BRDA:91,7,2,0
BRDA:103,8,0,7
BRDA:103,8,1,0
BRDA:104,9,0,7
BRDA:104,9,1,0
BRDA:105,10,0,7
BRDA:105,10,1,0
BRDA:106,11,0,7
BRDA:106,11,1,0
BRDA:107,12,0,7
BRDA:107,12,1,0
BRDA:113,13,0,1
BRDA:113,13,1,0
BRDA:113,13,2,0
BRDA:126,14,0,4
BRDA:126,14,1,0
BRDA:127,15,0,4
BRDA:127,15,1,0
BRDA:128,16,0,4
BRDA:128,16,1,0
BRDA:135,17,0,1
BRDA:135,17,1,1
BRDA:135,17,2,1
BRDA:149,18,0,6
BRDA:149,18,1,1
BRDA:159,19,0,7
BRDA:159,19,1,0
BRDA:269,20,0,79
BRDA:269,20,1,6
BRDA:275,21,0,79
BRDA:275,21,1,6
BRDA:287,22,0,6
BRDA:287,22,1,6
BRDA:306,23,0,9
BRDA:306,23,1,70
BRDA:308,24,0,9
BRDA:308,24,1,70
BRDA:395,25,0,79
BRDA:395,25,1,3
BRDA:401,26,0,79
BRDA:401,26,1,5
BRDA:414,27,0,5
BRDA:414,27,1,2
BRDA:423,28,0,5
BRDA:423,28,1,5
BRDA:435,29,0,5
BRDA:435,29,1,5
BRDA:449,30,0,7
BRDA:449,30,1,72
BRDA:451,31,0,7
BRDA:451,31,1,72
BRDA:523,32,0,79
BRDA:523,32,1,1
BRDA:529,33,0,79
BRDA:529,33,1,2
BRDA:545,34,0,2
BRDA:545,34,1,1
BRDA:551,35,0,2
BRDA:551,35,1,1
BRDA:565,36,0,4
BRDA:565,36,1,75
BRDA:567,37,0,4
BRDA:567,37,1,75
BRF:79
BRH:60
end_of_record
